Log file open, 12/08/16 21:44:42
LogInit:Display: Running engine for game: PlayerGuideDPIN
LogPlatformFile: Not using cached read wrapper
LogInit:Display: RandInit(-1966764070) SRandInit(-1966764070).
LogTaskGraph: Started task graph with 5 named threads and 8 total threads with 1 sets of task threads.
LogStats: Stats thread started at 0.079869
LogPluginManager: Loaded Plugin Paper2D, From C:/Program Files (x86)/Epic Games/4.14/Engine/Plugins/2D/Paper2D/Paper2D.uplugin
LogPluginManager: Loaded Plugin LightPropagationVolume, From C:/Program Files (x86)/Epic Games/4.14/Engine/Plugins/Blendables/LightPropagationVolume/LightPropagationVolume.uplugin
LogPluginManager: Loaded Plugin BlankPlugin, From C:/Program Files (x86)/Epic Games/4.14/Engine/Plugins/Developer/BlankPlugin/BlankPlugin.uplugin
LogPluginManager: Loaded Plugin CodeLiteSourceCodeAccess, From C:/Program Files (x86)/Epic Games/4.14/Engine/Plugins/Developer/CodeLiteSourceCodeAccess/CodeLiteSourceCodeAccess.uplugin
LogPluginManager: Loaded Plugin GitSourceControl, From C:/Program Files (x86)/Epic Games/4.14/Engine/Plugins/Developer/GitSourceControl/GitSourceControl.uplugin
LogPluginManager: Loaded Plugin KDevelopSourceCodeAccess, From C:/Program Files (x86)/Epic Games/4.14/Engine/Plugins/Developer/KDevelopSourceCodeAccess/KDevelopSourceCodeAccess.uplugin
LogPluginManager: Loaded Plugin NullSourceCodeAccess, From C:/Program Files (x86)/Epic Games/4.14/Engine/Plugins/Developer/NullSourceCodeAccess/NullSourceCodeAccess.uplugin
LogPluginManager: Loaded Plugin OneSkyLocalizationService, From C:/Program Files (x86)/Epic Games/4.14/Engine/Plugins/Developer/OneSkyLocalizationService/OneSkyLocalizationService.uplugin
LogPluginManager: Loaded Plugin PerforceSourceControl, From C:/Program Files (x86)/Epic Games/4.14/Engine/Plugins/Developer/PerforceSourceControl/PerforceSourceControl.uplugin
LogPluginManager: Loaded Plugin SubversionSourceControl, From C:/Program Files (x86)/Epic Games/4.14/Engine/Plugins/Developer/SubversionSourceControl/SubversionSourceControl.uplugin
LogPluginManager: Loaded Plugin UObjectPlugin, From C:/Program Files (x86)/Epic Games/4.14/Engine/Plugins/Developer/UObjectPlugin/UObjectPlugin.uplugin
LogPluginManager: Loaded Plugin VisualStudioSourceCodeAccess, From C:/Program Files (x86)/Epic Games/4.14/Engine/Plugins/Developer/VisualStudioSourceCodeAccess/VisualStudioSourceCodeAccess.uplugin
LogPluginManager: Loaded Plugin XCodeSourceCodeAccess, From C:/Program Files (x86)/Epic Games/4.14/Engine/Plugins/Developer/XCodeSourceCodeAccess/XCodeSourceCodeAccess.uplugin
LogPluginManager: Loaded Plugin AudioCapture, From C:/Program Files (x86)/Epic Games/4.14/Engine/Plugins/Editor/AudioCapture/AudioCapture.uplugin
LogPluginManager: Loaded Plugin EpicSurvey, From C:/Program Files (x86)/Epic Games/4.14/Engine/Plugins/Editor/EpicSurvey/EpicSurvey.uplugin
LogPluginManager: Loaded Plugin MacGraphicsSwitching, From C:/Program Files (x86)/Epic Games/4.14/Engine/Plugins/Editor/MacGraphicsSwitching/MacGraphicsSwitching.uplugin
LogPluginManager: Loaded Plugin MobileLauncherProfileWizard, From C:/Program Files (x86)/Epic Games/4.14/Engine/Plugins/Editor/MobileLauncherProfileWizard/MobileLauncherProfileWizard.uplugin
LogPluginManager: Loaded Plugin PluginBrowser, From C:/Program Files (x86)/Epic Games/4.14/Engine/Plugins/Editor/PluginBrowser/PluginBrowser.uplugin
LogPluginManager: Loaded Plugin SpeedTreeImporter, From C:/Program Files (x86)/Epic Games/4.14/Engine/Plugins/Editor/SpeedTreeImporter/SpeedTreeImporter.uplugin
LogPluginManager: Loaded Plugin SuperSearchEditor, From C:/Program Files (x86)/Epic Games/4.14/Engine/Plugins/Editor/SuperSearchEditor/SuperSearchEditor.uplugin
LogPluginManager: Loaded Plugin AlembicImporter, From C:/Program Files (x86)/Epic Games/4.14/Engine/Plugins/Experimental/AlembicImporter/AlembicImporter.uplugin
LogPluginManager: Loaded Plugin BlueprintStats, From C:/Program Files (x86)/Epic Games/4.14/Engine/Plugins/Experimental/BlueprintStats/BlueprintStats.uplugin
LogPluginManager: Loaded Plugin CharacterAI, From C:/Program Files (x86)/Epic Games/4.14/Engine/Plugins/Experimental/CharacterAI/CharacterAI.uplugin
LogPluginManager: Loaded Plugin CodeEditor, From C:/Program Files (x86)/Epic Games/4.14/Engine/Plugins/Experimental/CodeEditor/CodeEditor.uplugin
LogPluginManager: Loaded Plugin CodeView, From C:/Program Files (x86)/Epic Games/4.14/Engine/Plugins/Experimental/CodeView/CodeView.uplugin
LogPluginManager: Loaded Plugin HTML5Networking, From C:/Program Files (x86)/Epic Games/4.14/Engine/Plugins/Experimental/HTML5Networking/HTML5Networking.uplugin
LogPluginManager: Loaded Plugin OSVR, From C:/Program Files (x86)/Epic Games/4.14/Engine/Plugins/Experimental/OSVR/OSVR.uplugin
LogPluginManager: Loaded Plugin Phya, From C:/Program Files (x86)/Epic Games/4.14/Engine/Plugins/Experimental/Phya/Phya.uplugin
LogPluginManager: Loaded Plugin SignificanceManager, From C:/Program Files (x86)/Epic Games/4.14/Engine/Plugins/Experimental/SignificanceManager/SignificanceManager.uplugin
LogPluginManager: Loaded Plugin SimpleHMD, From C:/Program Files (x86)/Epic Games/4.14/Engine/Plugins/Experimental/SimpleHMD/SimpleHMD.uplugin
LogPluginManager: Loaded Plugin StereoPanorama, From C:/Program Files (x86)/Epic Games/4.14/Engine/Plugins/Experimental/StereoPanorama/StereoPanorama.uplugin
LogPluginManager: Loaded Plugin StructBox, From C:/Program Files (x86)/Epic Games/4.14/Engine/Plugins/Experimental/StructBox/StructBox.uplugin
LogPluginManager: Loaded Plugin AndroidMedia, From C:/Program Files (x86)/Epic Games/4.14/Engine/Plugins/Media/AndroidMedia/AndroidMedia.uplugin
LogPluginManager: Loaded Plugin AvfMedia, From C:/Program Files (x86)/Epic Games/4.14/Engine/Plugins/Media/AvfMedia/AvfMedia.uplugin
LogPluginManager: Loaded Plugin MediaPlayerEditor, From C:/Program Files (x86)/Epic Games/4.14/Engine/Plugins/Media/MediaPlayerEditor/MediaPlayerEditor.uplugin
LogPluginManager: Loaded Plugin WmfMedia, From C:/Program Files (x86)/Epic Games/4.14/Engine/Plugins/Media/WmfMedia/WmfMedia.uplugin
LogPluginManager: Loaded Plugin MessagingDebugger, From C:/Program Files (x86)/Epic Games/4.14/Engine/Plugins/Messaging/MessagingDebugger/MessagingDebugger.uplugin
LogPluginManager: Loaded Plugin TcpMessaging, From C:/Program Files (x86)/Epic Games/4.14/Engine/Plugins/Messaging/TcpMessaging/TcpMessaging.uplugin
LogPluginManager: Loaded Plugin UdpMessaging, From C:/Program Files (x86)/Epic Games/4.14/Engine/Plugins/Messaging/UdpMessaging/UdpMessaging.uplugin
LogPluginManager: Loaded Plugin LevelSequenceEditor, From C:/Program Files (x86)/Epic Games/4.14/Engine/Plugins/MovieScene/LevelSequenceEditor/LevelSequenceEditor.uplugin
LogPluginManager: Loaded Plugin MatineeToLevelSequence, From C:/Program Files (x86)/Epic Games/4.14/Engine/Plugins/MovieScene/MatineeToLevelSequence/MatineeToLevelSequence.uplugin
LogPluginManager: Loaded Plugin NetcodeUnitTest, From C:/Program Files (x86)/Epic Games/4.14/Engine/Plugins/NetcodeUnitTest/NetcodeUnitTest/NetcodeUnitTest.uplugin
LogPluginManager: Loaded Plugin NUTUnrealEngine4, From C:/Program Files (x86)/Epic Games/4.14/Engine/Plugins/NetcodeUnitTest/NUTUnrealEngine4/NUTUnrealEngine4.uplugin
LogPluginManager: Loaded Plugin OnlineSubsystemGameCircle, From C:/Program Files (x86)/Epic Games/4.14/Engine/Plugins/Online/Android/OnlineSubsystemGameCircle/OnlineSubsystemGameCircle.uplugin
LogPluginManager: Loaded Plugin OnlineSubsystemGooglePlay, From C:/Program Files (x86)/Epic Games/4.14/Engine/Plugins/Online/Android/OnlineSubsystemGooglePlay/OnlineSubsystemGooglePlay.uplugin
LogPluginManager: Loaded Plugin OnlineSubsystemIOS, From C:/Program Files (x86)/Epic Games/4.14/Engine/Plugins/Online/IOS/OnlineSubsystemIOS/OnlineSubsystemIOS.uplugin
LogPluginManager: Loaded Plugin OnlineFramework, From C:/Program Files (x86)/Epic Games/4.14/Engine/Plugins/Online/OnlineFramework/OnlineFramework.uplugin
LogPluginManager: Loaded Plugin OnlineSubsystem, From C:/Program Files (x86)/Epic Games/4.14/Engine/Plugins/Online/OnlineSubsystem/OnlineSubsystem.uplugin
LogPluginManager: Loaded Plugin OnlineSubsystemAmazon, From C:/Program Files (x86)/Epic Games/4.14/Engine/Plugins/Online/OnlineSubsystemAmazon/OnlineSubsystemAmazon.uplugin
LogPluginManager: Loaded Plugin OnlineSubsystemFacebook, From C:/Program Files (x86)/Epic Games/4.14/Engine/Plugins/Online/OnlineSubsystemFacebook/OnlineSubsystemFacebook.uplugin
LogPluginManager: Loaded Plugin OnlineSubsystemNull, From C:/Program Files (x86)/Epic Games/4.14/Engine/Plugins/Online/OnlineSubsystemNull/OnlineSubsystemNull.uplugin
LogPluginManager: Loaded Plugin OnlineSubsystemOculus, From C:/Program Files (x86)/Epic Games/4.14/Engine/Plugins/Online/OnlineSubsystemOculus/OnlineSubsystemOculus.uplugin
LogPluginManager: Loaded Plugin OnlineSubsystemSteam, From C:/Program Files (x86)/Epic Games/4.14/Engine/Plugins/Online/OnlineSubsystemSteam/OnlineSubsystemSteam.uplugin
LogPluginManager: Loaded Plugin OnlineSubsystemUtils, From C:/Program Files (x86)/Epic Games/4.14/Engine/Plugins/Online/OnlineSubsystemUtils/OnlineSubsystemUtils.uplugin
LogPluginManager: Loaded Plugin IOSTapJoy, From C:/Program Files (x86)/Epic Games/4.14/Engine/Plugins/Runtime/Advertising/IOSTapJoy/IOSTapJoy.uplugin
LogPluginManager: Loaded Plugin AnalyticsBlueprintLibrary, From C:/Program Files (x86)/Epic Games/4.14/Engine/Plugins/Runtime/Analytics/AnalyticsBlueprintLibrary/AnalyticsBlueprintLibrary.uplugin
LogPluginManager: Loaded Plugin AnalyticsMulticast, From C:/Program Files (x86)/Epic Games/4.14/Engine/Plugins/Runtime/Analytics/AnalyticsMulticast/AnalyticsMulticast.uplugin
LogPluginManager: Loaded Plugin Apsalar, From C:/Program Files (x86)/Epic Games/4.14/Engine/Plugins/Runtime/Analytics/Apsalar/Apsalar.uplugin
LogPluginManager: Loaded Plugin FileLogging, From C:/Program Files (x86)/Epic Games/4.14/Engine/Plugins/Runtime/Analytics/FileLogging/FileLogging.uplugin
LogPluginManager: Loaded Plugin Flurry, From C:/Program Files (x86)/Epic Games/4.14/Engine/Plugins/Runtime/Analytics/Flurry/Flurry.uplugin
LogPluginManager: Loaded Plugin AndroidDeviceProfileSelector, From C:/Program Files (x86)/Epic Games/4.14/Engine/Plugins/Runtime/AndroidDeviceProfileSelector/AndroidDeviceProfileSelector.uplugin
LogPluginManager: Loaded Plugin AndroidMoviePlayer, From C:/Program Files (x86)/Epic Games/4.14/Engine/Plugins/Runtime/AndroidMoviePlayer/AndroidMoviePlayer.uplugin
LogPluginManager: Loaded Plugin AppleMoviePlayer, From C:/Program Files (x86)/Epic Games/4.14/Engine/Plugins/Runtime/AppleMoviePlayer/AppleMoviePlayer.uplugin
LogPluginManager: Loaded Plugin ArchVisCharacter, From C:/Program Files (x86)/Epic Games/4.14/Engine/Plugins/Runtime/ArchVisCharacter/ArchVisCharacter.uplugin
LogPluginManager: Loaded Plugin CableComponent, From C:/Program Files (x86)/Epic Games/4.14/Engine/Plugins/Runtime/CableComponent/CableComponent.uplugin
LogPluginManager: Loaded Plugin CustomMeshComponent, From C:/Program Files (x86)/Epic Games/4.14/Engine/Plugins/Runtime/CustomMeshComponent/CustomMeshComponent.uplugin
LogPluginManager: Loaded Plugin ExampleDeviceProfileSelector, From C:/Program Files (x86)/Epic Games/4.14/Engine/Plugins/Runtime/ExampleDeviceProfileSelector/ExampleDeviceProfileSelector.uplugin
LogPluginManager: Loaded Plugin GearVR, From C:/Program Files (x86)/Epic Games/4.14/Engine/Plugins/Runtime/GearVR/GearVR.uplugin
LogPluginManager: Loaded Plugin GoogleVRController, From C:/Program Files (x86)/Epic Games/4.14/Engine/Plugins/Runtime/GoogleVR/GoogleVRController/GoogleVRController.uplugin
LogPluginManager: Loaded Plugin GoogleVRHMD, From C:/Program Files (x86)/Epic Games/4.14/Engine/Plugins/Runtime/GoogleVR/GoogleVRHMD/GoogleVRHMD.uplugin
LogPluginManager: Loaded Plugin IOSDeviceProfileSelector, From C:/Program Files (x86)/Epic Games/4.14/Engine/Plugins/Runtime/IOSDeviceProfileSelector/IOSDeviceProfileSelector.uplugin
LogPluginManager: Loaded Plugin LeapMotion, From C:/Program Files (x86)/Epic Games/4.14/Engine/Plugins/Runtime/LeapMotion/LeapMotion.uplugin
LogPluginManager: Loaded Plugin LinuxDeviceProfileSelector, From C:/Program Files (x86)/Epic Games/4.14/Engine/Plugins/Runtime/LinuxDeviceProfileSelector/LinuxDeviceProfileSelector.uplugin
LogPluginManager: Loaded Plugin MIDIDevice, From C:/Program Files (x86)/Epic Games/4.14/Engine/Plugins/Runtime/MIDIDevice/MIDIDevice.uplugin
LogPluginManager: Loaded Plugin MobilePatchingUtils, From C:/Program Files (x86)/Epic Games/4.14/Engine/Plugins/Runtime/MobilePatchingUtils/MobilePatchingUtils.uplugin
LogPluginManager: Loaded Plugin Ansel, From C:/Program Files (x86)/Epic Games/4.14/Engine/Plugins/Runtime/Nvidia/Ansel/Ansel.uplugin
LogPluginManager: Loaded Plugin OculusAudio, From C:/Program Files (x86)/Epic Games/4.14/Engine/Plugins/Runtime/OculusAudio/OculusAudio.uplugin
LogPluginManager: Loaded Plugin OculusInput, From C:/Program Files (x86)/Epic Games/4.14/Engine/Plugins/Runtime/OculusInput/OculusInput.uplugin
LogPluginManager: Loaded Plugin OculusLibrary, From C:/Program Files (x86)/Epic Games/4.14/Engine/Plugins/Runtime/OculusLibrary/OculusLibrary.uplugin
LogPluginManager: Loaded Plugin OculusRift, From C:/Program Files (x86)/Epic Games/4.14/Engine/Plugins/Runtime/OculusRift/OculusRift.uplugin
LogPluginManager: Loaded Plugin Oodle, From C:/Program Files (x86)/Epic Games/4.14/Engine/Plugins/Runtime/PacketHandlers/CompressionComponents/Oodle/Oodle.uplugin
LogPluginManager: Loaded Plugin ProceduralMeshComponent, From C:/Program Files (x86)/Epic Games/4.14/Engine/Plugins/Runtime/ProceduralMeshComponent/ProceduralMeshComponent.uplugin
LogPluginManager: Loaded Plugin SoundMod, From C:/Program Files (x86)/Epic Games/4.14/Engine/Plugins/Runtime/SoundMod/SoundMod.uplugin
LogPluginManager: Loaded Plugin SoundVisualizations, From C:/Program Files (x86)/Epic Games/4.14/Engine/Plugins/Runtime/SoundVisualizations/SoundVisualizations.uplugin
LogPluginManager: Loaded Plugin SteamController, From C:/Program Files (x86)/Epic Games/4.14/Engine/Plugins/Runtime/Steam/SteamController/SteamController.uplugin
LogPluginManager: Loaded Plugin SteamVR, From C:/Program Files (x86)/Epic Games/4.14/Engine/Plugins/Runtime/Steam/SteamVR/SteamVR.uplugin
LogPluginManager: Loaded Plugin WebBrowserWidget, From C:/Program Files (x86)/Epic Games/4.14/Engine/Plugins/Runtime/WebBrowserWidget/WebBrowserWidget.uplugin
LogPluginManager: Loaded Plugin WindowsDeviceProfileSelector, From C:/Program Files (x86)/Epic Games/4.14/Engine/Plugins/Runtime/WindowsDeviceProfileSelector/WindowsDeviceProfileSelector.uplugin
LogPluginManager: Loaded Plugin WindowsMoviePlayer, From C:/Program Files (x86)/Epic Games/4.14/Engine/Plugins/Runtime/WindowsMoviePlayer/WindowsMoviePlayer.uplugin
LogPluginManager: Loaded Plugin ScriptPlugin, From C:/Program Files (x86)/Epic Games/4.14/Engine/Plugins/ScriptPlugin/ScriptPlugin.uplugin
LogPluginManager: Loaded Plugin SlateRemote, From C:/Program Files (x86)/Epic Games/4.14/Engine/Plugins/Slate/SlateRemote/SlateRemote.uplugin
LogPluginManager: Loaded Plugin EditorTests, From C:/Program Files (x86)/Epic Games/4.14/Engine/Plugins/Tests/EditorTests/EditorTests.uplugin
LogPluginManager: Loaded Plugin FbxAutomationTestBuilder, From C:/Program Files (x86)/Epic Games/4.14/Engine/Plugins/Tests/FbxAutomationTestBuilder/FbxAutomationTestBuilder.uplugin
LogPluginManager: Loaded Plugin FunctionalTestingEditor, From C:/Program Files (x86)/Epic Games/4.14/Engine/Plugins/Tests/FunctionalTestingEditor/FunctionalTestingEditor.uplugin
LogPluginManager: Loaded Plugin RuntimeTests, From C:/Program Files (x86)/Epic Games/4.14/Engine/Plugins/Tests/RuntimeTests/RuntimeTests.uplugin
LogPluginManager: Loaded Plugin ScreenshotTools, From C:/Program Files (x86)/Epic Games/4.14/Engine/Plugins/Tests/ScreenshotTools/ScreenshotTools.uplugin
LogInit: Using libcurl 7.47.1
LogInit:  - built for x86_64-pc-win32
LogInit:  - supports SSL with OpenSSL/1.0.2g
LogInit:  - supports HTTP deflate (compression) using libz 1.2.8
LogInit:  - other features:
LogInit:      CURL_VERSION_SSL
LogInit:      CURL_VERSION_LIBZ
LogInit:      CURL_VERSION_IPV6
LogInit:      CURL_VERSION_ASYNCHDNS
LogInit:      CURL_VERSION_LARGEFILE
LogInit:      CURL_VERSION_IDN
LogInit:  CurlRequestOptions (configurable via config and command line):
LogInit:  - bVerifyPeer = false  - Libcurl will NOT verify peer certificate
LogInit:  - bUseHttpProxy = false  - Libcurl will NOT use HTTP proxy
LogInit:  - bDontReuseConnections = false  - Libcurl will reuse connections
LogInit:  - CertBundlePath = nullptr  - Libcurl will use whatever was configured at build time.
LogInit: Build: ++UE4+Release-4.14-CL-3195953
LogInit: Engine Version: 4.14.0-3195953+++UE4+Release-4.14
LogInit: Compatible Engine Version: 4.14.0-3195953+++UE4+Release-4.14
LogInit: Net CL: 3195953
LogDevObjectVersion: Number of dev versions registered: 13
LogDevObjectVersion:   Dev-Blueprints (B0D832E4-1F89-4F0D-ACCF-7EB736FD4AA2): 7
LogDevObjectVersion:   Dev-Build (E1C64328-A22C-4D53-A36C-8E866417BD8C): 0
LogDevObjectVersion:   Dev-Core (375EC13C-06E4-48FB-B500-84F0262A717E): 1
LogDevObjectVersion:   Dev-Editor (E4B068ED-F494-42E9-A231-DA0B2E46BB41): 8
LogDevObjectVersion:   Dev-Framework (CFFC743F-43B0-4480-9391-14DF171D2073): 17
LogDevObjectVersion:   Dev-Mobile (B02B49B5-BB20-44E9-A304-32B752E40360): 0
LogDevObjectVersion:   Dev-Networking (A4E4105C-59A1-49B5-A7C5-40C4547EDFEE): 0
LogDevObjectVersion:   Dev-Online (39C831C9-5AE6-47DC-9A44-9C173E1C8E7C): 0
LogDevObjectVersion:   Dev-Physics (78F01B33-EBEA-4F98-B9B4-84EACCB95AA2): 0
LogDevObjectVersion:   Dev-Platform (6631380F-2D4D-43E0-8009-CF276956A95A): 0
LogDevObjectVersion:   Dev-Rendering (12F88B9F-8875-4AFC-A67C-D90C383ABD29): 12
LogDevObjectVersion:   Dev-Sequencer (7B5AE74C-D270-4C10-A958-57980B212A5A): 1
LogDevObjectVersion:   Dev-VR (D7296918-1DD6-4BDD-9DE2-64A83CC13884): 0
LogInit: Compiled (64-bit): Nov 12 2016 02:14:10
LogInit: Compiled with Visual C++: 19.00.23026.00
LogInit: Build Configuration: Development
LogInit: Branch Name: ++UE4+Release-4.14
LogInit: Command line: -EpicPortal 
LogInit: Base directory: C:/Program Files (x86)/Epic Games/4.14/Engine/Binaries/Win64/
LogInit: Installed Engine Build: 1
LogInit: Presizing for max 8388607 objects, including 0 objects not considered by GC, pre-allocating 0 bytes for permanent pool.
LogInit: Object subsystem initialized
[2016.12.08-20.44.43:024][  0]LogInit: Selected Device Profile: [Windows]
[2016.12.08-20.44.43:024][  0]LogInit: Applying CVar settings loaded from the selected device profile: [Windows]
[2016.12.08-20.44.43:033][  0]LogInit: Computer: DESKTOP-FGPVEP2
[2016.12.08-20.44.43:033][  0]LogInit: User: griha
[2016.12.08-20.44.43:033][  0]LogInit: CPU Page size=65536, Cores=4
[2016.12.08-20.44.43:033][  0]LogInit: High frequency timer resolution =2.435777 MHz
[2016.12.08-20.44.43:033][  0]LogMemory: Memory total: Physical=7.9GB (8GB approx)
[2016.12.08-20.44.43:033][  0]LogMemory: Platform Memory Stats for Windows
[2016.12.08-20.44.43:033][  0]LogMemory: Process Physical Memory: 265.66 MB used, 265.66 MB peak
[2016.12.08-20.44.43:033][  0]LogMemory: Process Virtual Memory: 263.87 MB used, 263.87 MB peak
[2016.12.08-20.44.43:033][  0]LogMemory: Physical Memory: 5246.55 MB used,  2828.45 MB free, 8075.01 MB total
[2016.12.08-20.44.43:033][  0]LogMemory: Virtual Memory: 675.38 MB used,  2828.45 MB free, 134217728.00 MB total
[2016.12.08-20.44.43:065][  0]LogTextLocalizationManager: No specific translations for ('es-ES') exist, so ('es') translations will be used.
[2016.12.08-20.44.43:546][  0]LogD3D11RHI: D3D11 adapters:
[2016.12.08-20.44.44:081][  0]LogD3D11RHI:    0. 'NVIDIA GeForce GTX 850M' (Feature Level 11_0)
[2016.12.08-20.44.44:081][  0]LogD3D11RHI:       2018/0/4037 MB DedicatedVideo/DedicatedSystem/SharedSystem, Outputs:1, VendorId:0x10de
[2016.12.08-20.44.44:087][  0]LogD3D11RHI:    1. 'Intel(R) HD Graphics 4600' (Feature Level 11_0)
[2016.12.08-20.44.44:087][  0]LogD3D11RHI:       112/0/2048 MB DedicatedVideo/DedicatedSystem/SharedSystem, Outputs:0, VendorId:0x8086
[2016.12.08-20.44.44:088][  0]LogD3D11RHI:    2. 'Microsoft Basic Render Driver' (Feature Level 11_0)
[2016.12.08-20.44.44:088][  0]LogD3D11RHI:       0/0/4037 MB DedicatedVideo/DedicatedSystem/SharedSystem, Outputs:0, VendorId:0x1414
[2016.12.08-20.44.44:088][  0]LogD3D11RHI: Chosen D3D11 Adapter: 0
[2016.12.08-20.44.44:095][  0]LogD3D11RHI: Creating new Direct3DDevice
[2016.12.08-20.44.44:095][  0]LogD3D11RHI:     GPU DeviceId: 0x1391 (for the marketing name, search the web for "GPU Device Id")
[2016.12.08-20.44.44:095][  0]LogWindows: EnumDisplayDevices:
[2016.12.08-20.44.44:095][  0]LogWindows:    0. 'Intel(R) HD Graphics 4600' (P:1 D:1)
[2016.12.08-20.44.44:095][  0]LogWindows:    1. 'Intel(R) HD Graphics 4600' (P:0 D:0)
[2016.12.08-20.44.44:095][  0]LogWindows:    2. 'Intel(R) HD Graphics 4600' (P:0 D:0)
[2016.12.08-20.44.44:095][  0]LogWindows: DebugString: PrimaryIsNotTheChoosenAdapter PrimaryIsNotTheChoosenAdapter PrimaryIsNotTheChoosenAdapter FoundDriverCount:0 
[2016.12.08-20.44.44:095][  0]LogD3D11RHI:     Adapter Name: NVIDIA GeForce GTX 850M
[2016.12.08-20.44.44:095][  0]LogD3D11RHI:   Driver Version: Unknown (internal:Unknown, unified:Unknown)
[2016.12.08-20.44.44:095][  0]LogD3D11RHI:      Driver Date: Unknown
[2016.12.08-20.44.44:095][  0]LogRHI: Texture pool is 1361 MB (70% of 1945 MB)
[2016.12.08-20.44.44:595][  0]LogD3D11RHI: Async texture creation enabled
[2016.12.08-20.44.44:639][  0]LogD3D11RHI: GPU Timing Frequency: 1000.000000 (Debug: 2 1)
[2016.12.08-20.44.44:640][  0]LogShaderCompilers: Guid format shader working directory is -26 characters bigger than the processId version (../../../../../../Users/griha/Documents/Unreal Projects/PlayerGuideDPIN/Intermediate/Shaders/WorkingDirectory/15100/).
[2016.12.08-20.44.44:640][  0]LogShaderCompilers: Cleaned the shader compiler working directory 'C:/Users/griha/AppData/Local/Temp/UnrealShaderWorkingDir/98188C874D500E461BE2B1893F0D8618/'.
[2016.12.08-20.44.44:640][  0]LogShaderCompilers:Display: Using Local Shader Compiler.
[2016.12.08-20.44.45:739][  0]LogTemp:Display: Loaded TP AllDesktopTargetPlatform
[2016.12.08-20.44.45:793][  0]LogTemp:Display: Loaded TP MacClientTargetPlatform
[2016.12.08-20.44.45:848][  0]LogTemp:Display: Loaded TP MacNoEditorTargetPlatform
[2016.12.08-20.44.45:903][  0]LogTemp:Display: Loaded TP MacServerTargetPlatform
[2016.12.08-20.44.45:959][  0]LogTemp:Display: Loaded TP MacTargetPlatform
[2016.12.08-20.44.46:014][  0]LogTemp:Display: Loaded TP WindowsClientTargetPlatform
[2016.12.08-20.44.46:069][  0]LogTemp:Display: Loaded TP WindowsNoEditorTargetPlatform
[2016.12.08-20.44.46:125][  0]LogTemp:Display: Loaded TP WindowsServerTargetPlatform
[2016.12.08-20.44.46:170][  0]LogTemp:Display: Loaded TP WindowsTargetPlatform
[2016.12.08-20.44.46:222][  0]LogTemp:Display: Loaded TP AndroidTargetPlatform
[2016.12.08-20.44.46:275][  0]LogTemp:Display: Loaded TP Android_ASTCTargetPlatform
[2016.12.08-20.44.46:329][  0]LogTemp:Display: Loaded TP Android_ATCTargetPlatform
[2016.12.08-20.44.46:382][  0]LogTemp:Display: Loaded TP Android_DXTTargetPlatform
[2016.12.08-20.44.46:435][  0]LogTemp:Display: Loaded TP Android_ETC1TargetPlatform
[2016.12.08-20.44.46:489][  0]LogTemp:Display: Loaded TP Android_ETC2TargetPlatform
[2016.12.08-20.44.46:614][  0]LogTemp:Display: Loaded TP Android_MultiTargetPlatform
[2016.12.08-20.44.46:614][  0]LogTemp:Display: Loaded TP Android_PVRTCTargetPlatform
[2016.12.08-20.44.46:652][  0]LogTemp:Display: Loaded TP HTML5TargetPlatform
[2016.12.08-20.44.46:738][  0]LogTemp:Display: Loaded TP IOSTargetPlatform
[2016.12.08-20.44.46:772][  0]LogTemp:Display: Loaded TP TVOSTargetPlatform
[2016.12.08-20.44.46:825][  0]LogTemp:Display: Loaded TP LinuxClientTargetPlatform
[2016.12.08-20.44.46:877][  0]LogTemp:Display: Loaded TP LinuxNoEditorTargetPlatform
[2016.12.08-20.44.46:930][  0]LogTemp:Display: Loaded TP LinuxServerTargetPlatform
[2016.12.08-20.44.46:982][  0]LogTemp:Display: Loaded TP LinuxTargetPlatform
[2016.12.08-20.44.46:982][  0]LogTargetPlatformManager:Display: Building Assets For Windows
[2016.12.08-20.44.47:375][  0]LogDerivedDataCache:Display: Max Cache Size: 512 MB
[2016.12.08-20.44.47:443][  0]LogDerivedDataCache: Loaded boot cache 0.07s 64MB C:/Users/griha/AppData/Local/UnrealEngine/4.14/DerivedDataCache/Boot.ddc.
[2016.12.08-20.44.47:443][  0]LogDerivedDataCache:Display: Loaded Boot cache: C:/Users/griha/AppData/Local/UnrealEngine/4.14/DerivedDataCache/Boot.ddc
[2016.12.08-20.44.47:443][  0]LogDerivedDataCache: FDerivedDataBackendGraph:  Pak pak cache file ../../../../../../Users/griha/Documents/Unreal Projects/PlayerGuideDPIN/DerivedDataCache/DDC.ddp not found, will not use a pak cache.
[2016.12.08-20.44.47:443][  0]LogDerivedDataCache: Unable to find inner node Pak for hierarchical cache Hierarchy.
[2016.12.08-20.44.47:443][  0]LogDerivedDataCache: FDerivedDataBackendGraph:  CompressedPak pak cache file ../../../../../../Users/griha/Documents/Unreal Projects/PlayerGuideDPIN/DerivedDataCache/Compressed.ddp not found, will not use a pak cache.
[2016.12.08-20.44.47:443][  0]LogDerivedDataCache: Unable to find inner node CompressedPak for hierarchical cache Hierarchy.
[2016.12.08-20.44.47:459][  0]LogDerivedDataCache:Display: Pak cache opened for reading ../../../Engine/DerivedDataCache/Compressed.ddp.
[2016.12.08-20.44.47:471][  0]LogDerivedDataCache: Using Local data cache path C:/Users/griha/AppData/Local/UnrealEngine/Common/DerivedDataCache: Writable
[2016.12.08-20.44.47:664][  0]LogInit: Selected Device Profile: [Windows]
[2016.12.08-20.44.47:667][  0]LogContentStreaming: Texture pool size is 0.00 MB
[2016.12.08-20.44.47:867][  0]LogMeshUtilities: Using QuadricMeshReduction for automatic static mesh reduction
[2016.12.08-20.44.47:911][  0]LogSimplygon: Simplygon DLL not present - disabling.
[2016.12.08-20.44.47:955][  0]LogMeshUtilities: Using SimplygonSwarm for distributed automatic mesh merging
[2016.12.08-20.44.47:955][  0]LogMeshUtilities: No automatic skeletal mesh reduction module available
[2016.12.08-20.44.47:955][  0]LogMeshUtilities: No automatic mesh merging module available
[2016.12.08-20.44.48:441][  0]LogNetVersion: GetLocalNetworkVersion: CL: 3195953, ProjectName: playerguidedpin, ProjectVersion: , EngineNetworkVersion: 2, GameNetworkVersion: 0, NetworkChecksum: 3607319976
[2016.12.08-20.44.48:496][  0]LogAssetRegistry: FAssetRegistry took 0.0219 seconds to start up
[2016.12.08-20.44.48:542][  0]LogPackageLocalizationCache: Processed 3 localized package path(s) for 2 prioritized culture(s) in 0.024645 seconds
[2016.12.08-20.44.48:549][  0]LogUObjectArray: 31946 objects as part of root set at end of initial load.
[2016.12.08-20.44.48:549][  0]LogUObjectAllocator: 6935848 out of 0 bytes used by permanent object pool.
[2016.12.08-20.44.48:549][  0]LogUObjectArray: CloseDisregardForGC: 0/0 objects in disregard for GC pool
[2016.12.08-20.44.48:619][  0]LogInit: WinSock: version 1.1 (2.2), MaxSocks=32767, MaxUdp=65467
[2016.12.08-20.44.49:417][  0]LogSlate: Using Freetype 2.6.0
[2016.12.08-20.44.49:417][  0]LogSlate: SlateFontCache - WITH_FREETYPE: 1, WITH_HARFBUZZ: 1
[2016.12.08-20.44.49:417][  0]LogSlate: SlateFontCache - WITH_FREETYPE: 1, WITH_HARFBUZZ: 1
[2016.12.08-20.44.50:188][  0]LogTcpMessaging: Initializing TcpMessaging bridge
[2016.12.08-20.44.50:263][  0]LogUdpMessaging: Initializing bridge on interface 0.0.0.0:0 to multicast group 230.0.0.1:6666.
[2016.12.08-20.44.50:593][  0]LogMaterial: Uniform references updated for custom material expression Custom.
[2016.12.08-20.44.50:954][  0]SourceControl: Información El control de código fuente está desactivado
[2016.12.08-20.44.50:955][  0]SourceControl: Información El control de código fuente está desactivado
[2016.12.08-20.44.51:001][  0]SourceControl: Información El control de código fuente está desactivado
[2016.12.08-20.44.51:045][  0]SourceControl: Información El control de código fuente está desactivado
[2016.12.08-20.44.52:236][  0]LogEngine: Initializing Engine...
[2016.12.08-20.44.52:237][  0]LogHMD: Failed to initialize OpenVR with code 110
[2016.12.08-20.44.52:465][  0]LogAIModule: Creating AISystem for world Untitled
[2016.12.08-20.44.52:471][  0]LogInit: XAudio2 using 'Altavoces (Conexant SmartAudio HD)' : 2 channels at 48 kHz using 32 bits per sample (channel mask 0x3)
[2016.12.08-20.44.52:486][  0]LogInit: FAudioDevice initialized.
[2016.12.08-20.44.52:521][  0]LogDerivedDataCache: Saved boot cache 0.03s 64MB C:/Users/griha/AppData/Local/UnrealEngine/4.14/DerivedDataCache/Boot.ddc.
[2016.12.08-20.44.52:530][  0]LogInit: Texture streaming: Enabled
[2016.12.08-20.44.52:712][  0]LogInit: Transaction tracking system initialized
[2016.12.08-20.44.53:047][  0]BlueprintLog: New page: Cargar el editor
[2016.12.08-20.44.53:997][  0]LocalizationService: Información Localization service is disabled
[2016.12.08-20.44.54:659][  0]LogConsoleResponse:Display: 
[2016.12.08-20.44.54:798][  0]LogCook:Display: Max memory allowance for cook 16384mb min free memory 0mb
[2016.12.08-20.44.54:798][  0]LogCook:Display: Mobile HDR setting 1
[2016.12.08-20.44.55:273][  0]LogFileCache: Scanning file cache for directory 'C:/Users/griha/Documents/Unreal Projects/PlayerGuideDPIN/Content/' took 0.01s
[2016.12.08-20.44.55:716][  0]SourceControl: Información El control de código fuente está desactivado
[2016.12.08-20.44.55:716][  0]Cmd: MAP LOAD FILE="../../../../../../Users/griha/Documents/Unreal Projects/PlayerGuideDPIN/Content/FirstPersonBP/Maps/FirstPersonExampleMap.umap" TEMPLATE=0 SHOWPROGRESS=1 FEATURELEVEL=3
[2016.12.08-20.44.55:716][  0]LightingResults: New page: Diseñar la iluminación
[2016.12.08-20.44.55:755][  0]MapCheck: New page: Revisión del mapa
[2016.12.08-20.44.55:755][  0]LightingResults: New page: Diseñar la iluminación
[2016.12.08-20.44.56:174][  0]LogTexture:Display: Generando texturas: T_FPGun_M (AutoDXT)
[2016.12.08-20.44.56:755][  0]LogTexture:Display: Generando texturas: T_FPGun_N (BC5)
[2016.12.08-20.44.57:190][  0]LogTexture:Display: Generando texturas: T_ML_Aluminum01_N (BC5)
[2016.12.08-20.44.57:696][  0]LogTexture:Display: Generando texturas: T_ML_Aluminum01_N (BC5)
[2016.12.08-20.44.58:171][  0]LogTexture:Display: Generando texturas: UE4_Mannequin__normals (BC5)
[2016.12.08-20.44.58:483][  0]LogTexture:Display: Generando texturas: UE4_Mannequin_MAT_MASKA (AutoDXT)
[2016.12.08-20.44.58:732][  0]LogTexture:Display: Generando texturas: T_ML_Aluminum01 (AutoDXT)
[2016.12.08-20.45.01:080][  0]LogTexture:Display: Generando texturas: T_ML_Rubber_Blue_01_D (AutoDXT)
[2016.12.08-20.45.03:323][  0]LogTexture:Display: Generando texturas: T_ML_Rubber_Blue_01_N (BC5)
[2016.12.08-20.45.03:804][  0]LogTexture:Display: Generando texturas: T_ML_Rubber_Blue_01_D (AutoDXT)
[2016.12.08-20.45.06:056][  0]LogTexture:Display: Generando texturas: T_ML_Rubber_Blue_01_N (BC5)
[2016.12.08-20.45.06:511][  0]LogTexture:Display: Generando texturas: T_ML_Aluminum01 (AutoDXT)
[2016.12.08-20.45.08:664][  0]LogTexture:Display: Generando texturas: UE4_LOGO_CARD (AutoDXT)
[2016.12.08-20.45.08:835][  0]LogTexture:Display: Generando texturas: HQ_Lightmap0_1 (AutoDXT)
[2016.12.08-20.45.09:310][  0]LogTexture:Display: Generando texturas: HQ_Lightmap0_2 (AutoDXT)
[2016.12.08-20.45.09:711][  0]LogTexture:Display: Generando texturas: HQ_Lightmap0_3 (AutoDXT)
[2016.12.08-20.45.10:487][  0]LogTexture:Display: Generando texturas: HQ_Lightmap0_4 (AutoDXT)
[2016.12.08-20.45.10:755][  0]LogTexture:Display: Generando texturas: HQ_Lightmap0_5 (AutoDXT)
[2016.12.08-20.45.10:795][  0]LogTexture:Display: Generando texturas: LQ_Lightmap_0_1 (DXT1)
[2016.12.08-20.45.11:000][  0]LogTexture:Display: Generando texturas: LQ_Lightmap_0_2 (DXT1)
[2016.12.08-20.45.11:214][  0]LogTexture:Display: Generando texturas: LQ_Lightmap_0_3 (DXT1)
[2016.12.08-20.45.11:483][  0]LogTexture:Display: Generando texturas: LQ_Lightmap_0_4 (DXT1)
[2016.12.08-20.45.11:649][  0]LogTexture:Display: Generando texturas: LQ_Lightmap_0_5 (DXT1)
[2016.12.08-20.45.11:673][  0]LogTexture:Display: Generando texturas: SkyOcclusion0_1 (AutoDXT)
[2016.12.08-20.45.11:872][  0]LogTexture:Display: Generando texturas: SkyOcclusion0_2 (AutoDXT)
[2016.12.08-20.45.12:077][  0]LogTexture:Display: Generando texturas: SkyOcclusion0_3 (AutoDXT)
[2016.12.08-20.45.12:353][  0]LogTexture:Display: Generando texturas: SkyOcclusion0_4 (AutoDXT)
[2016.12.08-20.45.12:488][  0]LogTexture:Display: Generando texturas: SkyOcclusion0_5 (AutoDXT)
[2016.12.08-20.45.12:497][  0]LogTexture:Display: Generando texturas: ShadowMapTexture2D_0 (G8)
[2016.12.08-20.45.12:561][  0]LogTexture:Display: Generando texturas: ShadowMapTexture2D_1 (G8)
[2016.12.08-20.45.12:626][  0]LogTexture:Display: Generando texturas: ShadowMapTexture2D_2 (G8)
[2016.12.08-20.45.12:690][  0]LogTexture:Display: Generando texturas: ShadowMapTexture2D_3 (G8)
[2016.12.08-20.45.12:755][  0]LogTexture:Display: Generando texturas: ShadowMapTexture2D_4 (G8)
[2016.12.08-20.45.12:822][  0]LogTexture:Display: Generando texturas: ShadowMapTexture2D_5 (G8)
[2016.12.08-20.45.12:888][  0]LogTexture:Display: Generando texturas: ShadowMapTexture2D_6 (G8)
[2016.12.08-20.45.12:949][  0]LogTexture:Display: Generando texturas: ShadowMapTexture2D_7 (G8)
[2016.12.08-20.45.12:956][  0]LogTexture:Display: Generando texturas: FirstPersonCrosshair (AutoDXT)
[2016.12.08-20.45.13:006][  0]LogAIModule: Creating AISystem for world FirstPersonExampleMap
[2016.12.08-20.45.13:042][  0]LogEditorServer: Finished looking for orphan Actors (0.000 secs)
[2016.12.08-20.45.13:044][  0]Cmd: MAP CHECKDEP NOCLEARLOG
[2016.12.08-20.45.13:089][  0]MapCheck: Información Map check complete: 0 Error(s), 0 Warning(s), took 44,792ms to complete.
[2016.12.08-20.45.13:089][  0]LogFileHelpers: Loading map 'FirstPersonExampleMap' took 17.372
[2016.12.08-20.45.13:171][  0]LogWindowsTextInputMethodSystem:Display: IME system now deactivated.
[2016.12.08-20.45.13:402][  0]LogCollectionManager: Loaded 0 collections in 0.001567 seconds
[2016.12.08-20.45.13:502][  0]LogFileCache: Scanning file cache for directory 'C:/Users/griha/Documents/Unreal Projects/PlayerGuideDPIN/Saved/Collections/' took 0.01s
[2016.12.08-20.45.13:502][  0]LogFileCache: Scanning file cache for directory 'C:/Users/griha/Documents/Unreal Projects/PlayerGuideDPIN/Content/Developers/griha/Collections/' took 0.01s
[2016.12.08-20.45.13:502][  0]LogFileCache: Scanning file cache for directory 'C:/Users/griha/Documents/Unreal Projects/PlayerGuideDPIN/Content/Collections/' took 0.01s
[2016.12.08-20.45.13:502][  0]LogCollectionManager: Rebuilt the GUID cache for 0 collections in 0.000002 seconds
[2016.12.08-20.45.13:515][  0]LogContentBrowser: Native class hierarchy populated in 0.0108 seconds. Added 2190 classes and 428 folders.
[2016.12.08-20.45.13:562][  0]LogStats: UGameplayTagsManager::ConstructGameplayTagTree: Construct from data asset -  0.000 s
[2016.12.08-20.45.13:562][  0]LogStats: UGameplayTagsManager::ConstructGameplayTagTree: GameplayTagTreeChangedEvent.Broadcast -  0.000 s
[2016.12.08-20.45.13:563][  0]LogContentBrowser: Native class hierarchy updated for 'GameplayTags' in 0.0008 seconds. Added 13 classes and 0 folders.
[2016.12.08-20.45.13:624][  0]LogContentBrowser: Native class hierarchy updated for 'WidgetCarousel' in 0.0005 seconds. Added 0 classes and 0 folders.
[2016.12.08-20.45.13:659][  0]LogContentBrowser: Native class hierarchy updated for 'AddContentDialog' in 0.0005 seconds. Added 0 classes and 0 folders.
[2016.12.08-20.45.13:726][  0]LogContentBrowser: Native class hierarchy updated for 'SceneOutliner' in 0.0006 seconds. Added 1 classes and 2 folders.
[2016.12.08-20.45.13:817][  0]LogCrashTracker: Crashtracker disabled due to settings.
[2016.12.08-20.45.13:848][  0]LogTexture:Display: Generando texturas: Blueprint_64x (BGRA8)
[2016.12.08-20.45.13:849][  0]LogTexture:Display: Generando texturas: icon_Editor_Preferences_General_40x (BGRA8)
[2016.12.08-20.45.13:851][  0]LogTexture:Display: Generando texturas: Paper2DSprite_TutorialIcon (BGRA8)
[2016.12.08-20.45.13:852][  0]LogTexture:Display: Generando texturas: icon_ShowSkeletalMeshes_40x (BGRA8)
[2016.12.08-20.45.13:854][  0]LogTexture:Display: Generando texturas: Landscape (BGRA8)
[2016.12.08-20.45.13:855][  0]LogTexture:Display: Generando texturas: Foliage (BGRA8)
[2016.12.08-20.45.13:947][  0]LogContentBrowser: Native class hierarchy updated for 'HierarchicalLODOutliner' in 0.0005 seconds. Added 1 classes and 2 folders.
[2016.12.08-20.45.13:948][  0]LogLoad: (Engine Initialization) Total time: 32.77 seconds
[2016.12.08-20.45.13:948][  0]LogLoad: (Engine Initialization) Total Blueprint compile time: 0.20 seconds
[2016.12.08-20.45.13:948][  0]LogExternalProfiler: Found external profiler: VSPerf
[2016.12.08-20.45.13:948][  0]LogExternalProfiler: Using external profiler: VSPerf
[2016.12.08-20.45.13:965][  0]LogOcInput: OculusInput pre-init called
[2016.12.08-20.45.13:997][  0]LogContentStreaming: Texture pool size now 1000 MB
[2016.12.08-20.45.14:020][  0]LogTexture:Display: Generando texturas: icon_tab_Levels_40x (BGRA8)
[2016.12.08-20.45.14:127][  0]LogTexture:Display: Generando texturas: LevelGrid1DStripes (BGRA8)
[2016.12.08-20.45.14:206][  0]LogRenderer: Reallocating scene render targets to support 964x436 NumSamples 1 (Frame:2).
[2016.12.08-20.45.14:377][  1]LogAssetRegistry: Asset discovery search completed in 25.9032 seconds
[2016.12.08-20.45.14:377][  1]LogCollectionManager: Rebuilt the object cache for 0 collections in 0.000000 seconds (found 0 objects)
[2016.12.08-20.45.14:377][  1]LogCollectionManager: Fixed up redirectors for 0 collections in 0.000014 seconds (updated 0 objects)
[2016.12.08-20.45.59:384][684]LogContentBrowser: Native class hierarchy updated for 'WorldBrowser' in 0.0007 seconds. Added 1 classes and 3 folders.
[2016.12.08-20.46.13:034][500]LogTemp: Repeting last play command: Selected Viewport
[2016.12.08-20.46.13:044][500]LogBlueprintUserMessages: Early PlayInEditor Detection: Level '/Game/FirstPersonBP/Maps/FirstPersonExampleMap.FirstPersonExampleMap:PersistentLevel' has LevelScriptBlueprint '/Game/FirstPersonBP/Maps/FirstPersonExampleMap.FirstPersonExampleMap:PersistentLevel.FirstPersonExampleMap' with GeneratedClass '/Game/FirstPersonBP/Maps/FirstPersonExampleMap.FirstPersonExampleMap_C' with ClassGeneratedBy '/Game/FirstPersonBP/Maps/FirstPersonExampleMap.FirstPersonExampleMap:PersistentLevel.FirstPersonExampleMap'
[2016.12.08-20.46.13:044][500]LogPlayLevel: PlayLevel: No blueprints needed recompiling
[2016.12.08-20.46.13:045][500]PIE: New page: Sesión PIE (reproducción en el editor): FirstPersonExampleMap (8/12/2016 22:46:13)
[2016.12.08-20.46.13:046][500]LogPlayLevel: Creating play world package: /Game/FirstPersonBP/Maps/UEDPIE_0_FirstPersonExampleMap
[2016.12.08-20.46.13:077][500]LogPlayLevel: PIE: StaticDuplicateObject took: (0.031429s)
[2016.12.08-20.46.13:078][500]LogAIModule: Creating AISystem for world FirstPersonExampleMap
[2016.12.08-20.46.13:079][500]LogPlayLevel: PIE: World Init took: (0.001721s)
[2016.12.08-20.46.13:080][500]LogPlayLevel: PIE: Created PIE world by copying editor world from /Game/FirstPersonBP/Maps/FirstPersonExampleMap.FirstPersonExampleMap to /Game/FirstPersonBP/Maps/UEDPIE_0_FirstPersonExampleMap.FirstPersonExampleMap (0.034336s)
[2016.12.08-20.46.13:101][500]LogInit: XAudio2 using 'Altavoces (Conexant SmartAudio HD)' : 2 channels at 48 kHz using 32 bits per sample (channel mask 0x3)
[2016.12.08-20.46.13:112][500]LogInit: FAudioDevice initialized.
[2016.12.08-20.46.13:167][500]LogLoad: Game class is 'FirstPersonGameMode_C'
[2016.12.08-20.46.13:179][500]LogWorld: Bringing World /Game/FirstPersonBP/Maps/UEDPIE_0_FirstPersonExampleMap.FirstPersonExampleMap up for play (max tick rate 60) at 2016.12.08-21.46.13
[2016.12.08-20.46.13:184][500]LogWorld: Bringing up level for play took: 0.010369
[2016.12.08-20.46.13:268][500]LogContentBrowser: Native class hierarchy updated for 'MovieSceneCapture' in 0.0007 seconds. Added 11 classes and 0 folders.
[2016.12.08-20.46.13:271][500]PIE: Información Tiempo de inicio de la reproducción en el editor para  /Game/FirstPersonBP/Maps/UEDPIE_0_FirstPersonExampleMap -0,617
[2016.12.08-20.46.13:271][500]LogBlueprintUserMessages: Late PlayInEditor Detection: Level '/Game/FirstPersonBP/Maps/FirstPersonExampleMap.FirstPersonExampleMap:PersistentLevel' has LevelScriptBlueprint '/Game/FirstPersonBP/Maps/FirstPersonExampleMap.FirstPersonExampleMap:PersistentLevel.FirstPersonExampleMap' with GeneratedClass '/Game/FirstPersonBP/Maps/FirstPersonExampleMap.FirstPersonExampleMap_C' with ClassGeneratedBy '/Game/FirstPersonBP/Maps/FirstPersonExampleMap.FirstPersonExampleMap:PersistentLevel.FirstPersonExampleMap'
[2016.12.08-20.46.25:788][248]LogBlueprintUserMessages: Early EndPlayMap Detection: Level '/Game/FirstPersonBP/Maps/FirstPersonExampleMap.FirstPersonExampleMap:PersistentLevel' has LevelScriptBlueprint '/Game/FirstPersonBP/Maps/FirstPersonExampleMap.FirstPersonExampleMap:PersistentLevel.FirstPersonExampleMap' with GeneratedClass '/Game/FirstPersonBP/Maps/FirstPersonExampleMap.FirstPersonExampleMap_C' with ClassGeneratedBy '/Game/FirstPersonBP/Maps/FirstPersonExampleMap.FirstPersonExampleMap:PersistentLevel.FirstPersonExampleMap'
[2016.12.08-20.46.25:832][248]LogBlueprintUserMessages: Late EndPlayMap Detection: Level '/Game/FirstPersonBP/Maps/FirstPersonExampleMap.FirstPersonExampleMap:PersistentLevel' has LevelScriptBlueprint '/Game/FirstPersonBP/Maps/FirstPersonExampleMap.FirstPersonExampleMap:PersistentLevel.FirstPersonExampleMap' with GeneratedClass '/Game/FirstPersonBP/Maps/FirstPersonExampleMap.FirstPersonExampleMap_C' with ClassGeneratedBy '/Game/FirstPersonBP/Maps/FirstPersonExampleMap.FirstPersonExampleMap:PersistentLevel.FirstPersonExampleMap'
[2016.12.08-20.46.52:773][764]LogSavePackage: Save=13.82ms
[2016.12.08-20.46.52:773][764]LogSavePackage: Moving '../../../../../../Users/griha/Documents/Unreal Projects/PlayerGuideDPIN/Saved/GuidePLayerDPIN9C4720CE46891912E54047B435DACC27.tmp' to '../../../../../../Users/griha/Documents/Unreal Projects/PlayerGuideDPIN/Content/FirstPersonBP/Maps/GuidePLayerDPIN.umap'
[2016.12.08-20.46.52:776][764]LogSavePackage:Display: Finished SavePackage ../../../../../../Users/griha/Documents/Unreal Projects/PlayerGuideDPIN/Content/FirstPersonBP/Maps/GuidePLayerDPIN.umap
[2016.12.08-20.46.52:777][764]LogFileHelpers: Saving map 'GuidePLayerDPIN' took 0.086
[2016.12.08-20.46.52:780][764]Cmd: MAP LOAD FILE="../../../../../../Users/griha/Documents/Unreal Projects/PlayerGuideDPIN/Content/FirstPersonBP/Maps/GuidePLayerDPIN.umap" TEMPLATE=0 SHOWPROGRESS=1 FEATURELEVEL=3
[2016.12.08-20.46.52:781][764]LightingResults: New page: Diseñar la iluminación
[2016.12.08-20.46.52:782][764]LoadErrors: New page: Cargando mapa: GuidePLayerDPIN.umap
[2016.12.08-20.46.52:786][764]MapCheck: New page: Revisión del mapa
[2016.12.08-20.46.52:786][764]LightingResults: New page: Diseñar la iluminación
[2016.12.08-20.46.52:834][764]LogEditorServer: Finished looking for orphan Actors (0.000 secs)
[2016.12.08-20.46.52:835][764]LogAIModule: Creating AISystem for world GuidePLayerDPIN
[2016.12.08-20.46.52:900][764]Cmd: MAP CHECKDEP NOCLEARLOG
[2016.12.08-20.46.52:997][764]MapCheck: Información Map check complete: 0 Error(s), 0 Warning(s), took 97,362ms to complete.
[2016.12.08-20.46.52:998][764]LogFileHelpers: Loading map 'GuidePLayerDPIN' took 0.219
[2016.12.08-20.47.14:526][ 50]LogSavePackage: Save=8.60ms
[2016.12.08-20.47.14:526][ 50]LogSavePackage: Moving '../../../../../../Users/griha/Documents/Unreal Projects/PlayerGuideDPIN/Saved/GuidePLayerDPIN5E3092CD44EF8CD9ECFE74AF82356691.tmp' to '../../../../../../Users/griha/Documents/Unreal Projects/PlayerGuideDPIN/Content/FirstPersonBP/Maps/GuidePLayerDPIN.umap'
[2016.12.08-20.47.14:528][ 50]LogSavePackage:Display: Finished SavePackage ../../../../../../Users/griha/Documents/Unreal Projects/PlayerGuideDPIN/Content/FirstPersonBP/Maps/GuidePLayerDPIN.umap
[2016.12.08-20.47.16:317][154]LogWindowsTextInputMethodSystem:Display: IME system now deactivated.
[2016.12.08-20.47.16:521][155]Cmd: QUIT_EDITOR
[2016.12.08-20.47.16:990][155]LogExit: Preparing to exit.
[2016.12.08-20.47.17:486][155]LogDirectoryWatcher: A directory notification for 'C:/Users/griha/Documents/Unreal Projects/PlayerGuideDPIN/Content/' was aborted.
[2016.12.08-20.47.17:514][155]LogExit: Editor shut down
[2016.12.08-20.47.17:515][155]LogExit: Transaction tracking system shut down
[2016.12.08-20.47.17:581][155]LogObj: Freed 0b from 0 cluster array pools.
[2016.12.08-20.47.17:581][155]LogExit: Object subsystem successfully closed.
[2016.12.08-20.47.17:595][155]LogD3D11RHI: Shutdown
[2016.12.08-20.47.17:595][155]LogD3D11RHI: CleanupD3DDevice
[2016.12.08-20.47.17:676][155]LogD3D11RHI: ~FD3D11DynamicRHI
[2016.12.08-20.47.17:691][155]LogHttp:Display: Http module shutting down, but needs to wait on 1 outstanding Http requests:
[2016.12.08-20.47.17:692][155]LogHttp:Display: 	verb=[POST] url=[https://datarouter.ol.epicgames.com/datarouter/api/v1/public/data?SessionID=%7BA3C1AB13-4E03-08DD-DF2E-8EBBBC956E6A%7D&AppID=UEEditor.Rocket.Release&AppVersion=4.14.0-3195953%2B%2B%2BUE4%2BRelease-4.14&UserID=44a41f2044b2886514bc969f0e5ab80d%7Cecb72c95c61b451a8f30ef10e0e558bf%7C93af255e-d018-4937-bc49-a09ddbda3ffc&AppEnvironment=datacollector-binary&UploadType=eteventstream] status=Processing
[2016.12.08-20.47.17:720][155]LogModuleManager: Shutting down and abandoning module MovieSceneCapture (243)
[2016.12.08-20.47.17:720][155]LogModuleManager: Shutting down and abandoning module WorldBrowser (242)
[2016.12.08-20.47.17:720][155]LogModuleManager: Shutting down and abandoning module HierarchicalLODOutliner (241)
[2016.12.08-20.47.17:720][155]LogModuleManager: Shutting down and abandoning module CrashTracker (240)
[2016.12.08-20.47.17:720][155]LogModuleManager: Shutting down and abandoning module SceneOutliner (239)
[2016.12.08-20.47.17:720][155]LogModuleManager: Shutting down and abandoning module WidgetCarousel (238)
[2016.12.08-20.47.17:720][155]LogModuleManager: Shutting down and abandoning module AddContentDialog (237)
[2016.12.08-20.47.17:720][155]LogDirectoryWatcher: A directory notification for 'C:/Program Files (x86)/Epic Games/4.14/FeaturePacks/' was aborted.
[2016.12.08-20.47.17:721][155]LogModuleManager: Shutting down and abandoning module GameplayTags (236)
[2016.12.08-20.47.17:721][155]LogModuleManager: Shutting down and abandoning module EditorWidgets (235)
[2016.12.08-20.47.17:721][155]LogModuleManager: Shutting down and abandoning module CollectionManager (234)
[2016.12.08-20.47.17:721][155]LogDirectoryWatcher: A directory notification for 'C:/Users/griha/Documents/Unreal Projects/PlayerGuideDPIN/Content/Collections/' was aborted.
[2016.12.08-20.47.17:721][155]LogDirectoryWatcher: A directory notification for 'C:/Users/griha/Documents/Unreal Projects/PlayerGuideDPIN/Content/Developers/griha/Collections/' was aborted.
[2016.12.08-20.47.17:721][155]LogDirectoryWatcher: A directory notification for 'C:/Users/griha/Documents/Unreal Projects/PlayerGuideDPIN/Saved/Collections/' was aborted.
[2016.12.08-20.47.17:721][155]LogModuleManager: Shutting down and abandoning module StatsViewer (233)
[2016.12.08-20.47.17:721][155]LogModuleManager: Shutting down and abandoning module FoliageEdit (232)
[2016.12.08-20.47.17:721][155]LogModuleManager: Shutting down and abandoning module LandscapeEditor (231)
[2016.12.08-20.47.17:722][155]LogModuleManager: Shutting down and abandoning module SceneDepthPickerMode (230)
[2016.12.08-20.47.17:722][155]LogModuleManager: Shutting down and abandoning module ActorPickerMode (229)
[2016.12.08-20.47.17:722][155]LogModuleManager: Shutting down and abandoning module GeometryMode (228)
[2016.12.08-20.47.17:722][155]LogModuleManager: Shutting down and abandoning module TextureAlignMode (227)
[2016.12.08-20.47.17:722][155]LogModuleManager: Shutting down and abandoning module BspMode (226)
[2016.12.08-20.47.17:722][155]LogModuleManager: Shutting down and abandoning module HardwareSurvey (225)
[2016.12.08-20.47.17:722][155]LogModuleManager: Shutting down and abandoning module SequenceRecorderSections (224)
[2016.12.08-20.47.17:722][155]LogModuleManager: Shutting down and abandoning module AutomationWorker (223)
[2016.12.08-20.47.17:722][155]LogModuleManager: Shutting down and abandoning module MatineeToLevelSequence (222)
[2016.12.08-20.47.17:722][155]LogModuleManager: Shutting down and abandoning module PlacementMode (221)
[2016.12.08-20.47.17:722][155]LogModuleManager: Shutting down and abandoning module LevelSequenceEditor (220)
[2016.12.08-20.47.17:722][155]LogModuleManager: Shutting down and abandoning module WmfMediaFactory (219)
[2016.12.08-20.47.17:722][155]LogModuleManager: Shutting down and abandoning module WmfMediaEditor (218)
[2016.12.08-20.47.17:722][155]LogModuleManager: Shutting down and abandoning module AvfMediaFactory (217)
[2016.12.08-20.47.17:722][155]LogModuleManager: Shutting down and abandoning module AvfMediaEditor (216)
[2016.12.08-20.47.17:722][155]LogModuleManager: Shutting down and abandoning module Media (215)
[2016.12.08-20.47.17:722][155]LogModuleManager: Shutting down and abandoning module AndroidMediaFactory (214)
[2016.12.08-20.47.17:722][155]LogModuleManager: Shutting down and abandoning module AndroidMediaEditor (213)
[2016.12.08-20.47.17:722][155]LogModuleManager: Shutting down and abandoning module CharacterAI (212)
[2016.12.08-20.47.17:722][155]LogModuleManager: Shutting down and abandoning module SequenceRecorder (211)
[2016.12.08-20.47.17:722][155]LogModuleManager: Shutting down and abandoning module AudioCapture (210)
[2016.12.08-20.47.17:722][155]LogModuleManager: Shutting down and abandoning module SmartSnapping (209)
[2016.12.08-20.47.17:722][155]LogModuleManager: Shutting down and abandoning module SessionServices (208)
[2016.12.08-20.47.17:722][155]LogModuleManager: Shutting down and abandoning module ViewportSnapping (207)
[2016.12.08-20.47.17:722][155]LogModuleManager: Shutting down and abandoning module ViewportInteraction (206)
[2016.12.08-20.47.17:722][155]LogModuleManager: Shutting down and abandoning module LogVisualizer (205)
[2016.12.08-20.47.17:722][155]LogModuleManager: Shutting down and abandoning module GameProjectGeneration (204)
[2016.12.08-20.47.17:722][155]LogModuleManager: Shutting down and abandoning module IntroTutorials (203)
[2016.12.08-20.47.17:722][155]LogModuleManager: Shutting down and abandoning module EditorLiveStreaming (202)
[2016.12.08-20.47.17:722][155]LogModuleManager: Shutting down and abandoning module IOSPlatformEditor (201)
[2016.12.08-20.47.17:722][155]LogModuleManager: Shutting down and abandoning module HTML5PlatformEditor (200)
[2016.12.08-20.47.17:722][155]LogModuleManager: Shutting down and abandoning module AndroidDeviceDetection (199)
[2016.12.08-20.47.18:393][155]LogModuleManager: Shutting down and abandoning module AndroidPlatformEditor (198)
[2016.12.08-20.47.18:393][155]LogModuleManager: Shutting down and abandoning module IOSRuntimeSettings (197)
[2016.12.08-20.47.18:393][155]LogModuleManager: Shutting down and abandoning module AndroidRuntimeSettings (196)
[2016.12.08-20.47.18:393][155]LogModuleManager: Shutting down and abandoning module InputBindingEditor (195)
[2016.12.08-20.47.18:393][155]LogModuleManager: Shutting down and abandoning module NiagaraEditor (194)
[2016.12.08-20.47.18:393][155]LogModuleManager: Shutting down and abandoning module MergeActors (193)
[2016.12.08-20.47.18:393][155]LogModuleManager: Shutting down and abandoning module SizeMap (192)
[2016.12.08-20.47.18:393][155]LogModuleManager: Shutting down and abandoning module TreeMap (191)
[2016.12.08-20.47.18:393][155]LogModuleManager: Shutting down and abandoning module ReferenceViewer (190)
[2016.12.08-20.47.18:393][155]LogModuleManager: Shutting down and abandoning module LocalizationService (189)
[2016.12.08-20.47.18:393][155]LogModuleManager: Shutting down and abandoning module LocalizationDashboard (188)
[2016.12.08-20.47.18:393][155]LogModuleManager: Shutting down and abandoning module HardwareTargeting (187)
[2016.12.08-20.47.18:393][155]LogModuleManager: Shutting down and abandoning module DeviceProfileEditor (186)
[2016.12.08-20.47.18:394][155]LogModuleManager: Shutting down and abandoning module UndoHistory (185)
[2016.12.08-20.47.18:394][155]LogModuleManager: Shutting down and abandoning module UserFeedback (184)
[2016.12.08-20.47.18:394][155]LogModuleManager: Shutting down and abandoning module XmlParser (183)
[2016.12.08-20.47.18:394][155]LogModuleManager: Shutting down and abandoning module Blutility (182)
[2016.12.08-20.47.18:394][155]LogModuleManager: Shutting down and abandoning module ProjectTargetPlatformEditor (181)
[2016.12.08-20.47.18:394][155]LogModuleManager: Shutting down and abandoning module ProjectSettingsViewer (180)
[2016.12.08-20.47.18:394][155]LogModuleManager: Shutting down and abandoning module EditorSettingsViewer (179)
[2016.12.08-20.47.18:394][155]LogModuleManager: Shutting down and abandoning module SettingsEditor (178)
[2016.12.08-20.47.18:394][155]LogModuleManager: Shutting down and abandoning module ProjectLauncher (177)
[2016.12.08-20.47.18:394][155]LogModuleManager: Shutting down and abandoning module SessionFrontend (176)
[2016.12.08-20.47.18:394][155]LogModuleManager: Shutting down and abandoning module ProfilerClient (175)
[2016.12.08-20.47.18:394][155]LogModuleManager: Shutting down and abandoning module TargetDeviceServices (174)
[2016.12.08-20.47.18:395][155]LogModuleManager: Shutting down and abandoning module DeviceManager (173)
[2016.12.08-20.47.18:438][155]LogModuleManager: Shutting down and abandoning module AutomationController (172)
[2016.12.08-20.47.18:438][155]LogModuleManager: Shutting down and abandoning module AutomationWindow (171)
[2016.12.08-20.47.18:438][155]LogModuleManager: Shutting down and abandoning module Layers (170)
[2016.12.08-20.47.18:438][155]LogModuleManager: Shutting down and abandoning module ComponentVisualizers (169)
[2016.12.08-20.47.18:438][155]LogModuleManager: Shutting down and abandoning module DetailCustomizations (168)
[2016.12.08-20.47.18:438][155]LogModuleManager: Shutting down and abandoning module PackagesDialog (167)
[2016.12.08-20.47.18:438][155]LogModuleManager: Shutting down and abandoning module AnimGraph (166)
[2016.12.08-20.47.18:439][155]LogModuleManager: Shutting down and abandoning module Persona (165)
[2016.12.08-20.47.18:439][155]LogModuleManager: Shutting down and abandoning module Kismet (164)
[2016.12.08-20.47.18:440][155]LogModuleManager: Shutting down and abandoning module GraphEditor (163)
[2016.12.08-20.47.18:441][155]LogModuleManager: Shutting down and abandoning module ClassViewer (162)
[2016.12.08-20.47.18:441][155]LogModuleManager: Shutting down and abandoning module Toolbox (161)
[2016.12.08-20.47.18:441][155]LogModuleManager: Shutting down and abandoning module ModuleUI (160)
[2016.12.08-20.47.18:441][155]LogModuleManager: Shutting down and abandoning module MovieSceneTools (159)
[2016.12.08-20.47.18:441][155]LogModuleManager: Shutting down and abandoning module OutputLog (158)
[2016.12.08-20.47.18:441][155]LogModuleManager: Shutting down and abandoning module GammaUI (157)
[2016.12.08-20.47.18:441][155]LogModuleManager: Shutting down and abandoning module Documentation (156)
[2016.12.08-20.47.18:441][155]LogModuleManager: Shutting down and abandoning module Niagara (155)
[2016.12.08-20.47.18:441][155]LogModuleManager: Shutting down and abandoning module StreamingPauseRendering (154)
[2016.12.08-20.47.18:441][155]LogModuleManager: Shutting down and abandoning module AnalyticsET (153)
[2016.12.08-20.47.18:441][155]LogModuleManager: Shutting down and abandoning module PortalServices (152)
[2016.12.08-20.47.18:441][155]LogModuleManager: Shutting down and abandoning module PortalRpc (151)
[2016.12.08-20.47.18:441][155]LogModuleManager: Shutting down and abandoning module MessagingRpc (150)
[2016.12.08-20.47.18:441][155]LogModuleManager: Shutting down and abandoning module GameplayDebugger (149)
[2016.12.08-20.47.18:441][155]LogModuleManager: Shutting down and abandoning module AITestSuite (148)
[2016.12.08-20.47.18:441][155]LogModuleManager: Shutting down and abandoning module AIModule (147)
[2016.12.08-20.47.18:441][155]LogModuleManager: Shutting down and abandoning module ProfilerService (146)
[2016.12.08-20.47.18:641][155]LogModuleManager: Shutting down and abandoning module TaskGraph (145)
[2016.12.08-20.47.18:641][155]LogModuleManager: Shutting down and abandoning module SlateRemote (144)
[2016.12.08-20.47.18:641][155]LogModuleManager: Shutting down and abandoning module SteamVRController (143)
[2016.12.08-20.47.18:641][155]LogModuleManager: Shutting down and abandoning module SteamVR (142)
[2016.12.08-20.47.18:641][155]LogModuleManager: Shutting down and abandoning module ProceduralMeshComponentEditor (141)
[2016.12.08-20.47.18:641][155]LogModuleManager: Shutting down and abandoning module ProceduralMeshComponent (140)
[2016.12.08-20.47.18:641][155]LogModuleManager: Shutting down and abandoning module OculusLibrary (139)
[2016.12.08-20.47.18:641][155]LogModuleManager: Shutting down and abandoning module OculusInput (138)
[2016.12.08-20.47.18:641][155]LogModuleManager: Shutting down and abandoning module MobilePatchingUtils (137)
[2016.12.08-20.47.18:641][155]LogModuleManager: Shutting down and abandoning module CustomMeshComponent (136)
[2016.12.08-20.47.18:641][155]LogModuleManager: Shutting down and abandoning module CableComponent (135)
[2016.12.08-20.47.18:641][155]LogModuleManager: Shutting down and abandoning module ArchVisCharacter (134)
[2016.12.08-20.47.18:641][155]LogModuleManager: Shutting down and abandoning module MediaPlayerEditor (132)
[2016.12.08-20.47.18:641][155]LogModuleManager: Shutting down and abandoning module HTML5Networking (131)
[2016.12.08-20.47.18:641][155]LogModuleManager: Shutting down and abandoning module GeometryCacheEd (130)
[2016.12.08-20.47.18:642][155]LogModuleManager: Shutting down and abandoning module GeometryCache (129)
[2016.12.08-20.47.18:642][155]LogModuleManager: Shutting down and abandoning module AlembicLibrary (128)
[2016.12.08-20.47.18:642][155]LogModuleManager: Shutting down and abandoning module AlembicImporter (127)
[2016.12.08-20.47.18:642][155]LogModuleManager: Shutting down and abandoning module SuperSearch (126)
[2016.12.08-20.47.18:642][155]LogModuleManager: Shutting down and abandoning module SuperSearchEditor (125)
[2016.12.08-20.47.18:642][155]LogModuleManager: Shutting down and abandoning module SpeedTreeImporter (124)
[2016.12.08-20.47.18:642][155]LogModuleManager: Shutting down and abandoning module PluginBrowser (123)
[2016.12.08-20.47.18:642][155]LogModuleManager: Shutting down and abandoning module MobileLauncherProfileWizard (122)
[2016.12.08-20.47.18:642][155]LogModuleManager: Shutting down and abandoning module EpicSurvey (121)
[2016.12.08-20.47.18:642][155]LogModuleManager: Shutting down and abandoning module DesktopPlatform (120)
[2016.12.08-20.47.18:642][155]LogModuleManager: Shutting down and abandoning module VisualStudioSourceCodeAccess (119)
[2016.12.08-20.47.18:642][155]LogModuleManager: Shutting down and abandoning module UObjectPlugin (118)
[2016.12.08-20.47.18:642][155]LogModuleManager: Shutting down and abandoning module SubversionSourceControl (117)
[2016.12.08-20.47.18:642][155]LogModuleManager: Shutting down and abandoning module PerforceSourceControl (116)
[2016.12.08-20.47.18:642][155]LogModuleManager: Shutting down and abandoning module SourceControl (115)
[2016.12.08-20.47.18:642][155]LogModuleManager: Shutting down and abandoning module GitSourceControl (114)
[2016.12.08-20.47.18:642][155]LogModuleManager: Shutting down and abandoning module LightPropagationVolumeEditor (113)
[2016.12.08-20.47.18:642][155]LogModuleManager: Shutting down and abandoning module PaperTiledImporter (112)
[2016.12.08-20.47.18:643][155]LogModuleManager: Shutting down and abandoning module PaperSpriteSheetImporter (111)
[2016.12.08-20.47.18:643][155]LogModuleManager: Shutting down and abandoning module MeshPaint (110)
[2016.12.08-20.47.18:643][155]LogModuleManager: Shutting down and abandoning module PixelInspectorModule (109)
[2016.12.08-20.47.18:643][155]LogModuleManager: Shutting down and abandoning module HotReload (108)
[2016.12.08-20.47.18:643][155]LogModuleManager: Shutting down and abandoning module MainFrame (107)
[2016.12.08-20.47.18:644][155]LogModuleManager: Shutting down and abandoning module LevelEditor (106)
[2016.12.08-20.47.18:645][155]LogModuleManager: Shutting down and abandoning module ContentBrowser (105)
[2016.12.08-20.47.18:648][155]LogModuleManager: Shutting down and abandoning module Paper2DEditor (104)
[2016.12.08-20.47.18:648][155]LogModuleManager: Shutting down and abandoning module UdpMessaging (103)
[2016.12.08-20.47.18:749][155]LogModuleManager: Shutting down and abandoning module TcpMessaging (102)
[2016.12.08-20.47.18:850][155]LogModuleManager: Shutting down and abandoning module LightPropagationVolumeRuntime (101)
[2016.12.08-20.47.18:850][155]LogModuleManager: Shutting down and abandoning module Paper2D (100)
[2016.12.08-20.47.18:850][155]LogModuleManager: Shutting down and abandoning module WindowsMoviePlayer (99)
[2016.12.08-20.47.18:850][155]LogModuleManager: Shutting down and abandoning module WmfMedia (98)
[2016.12.08-20.47.18:850][155]LogModuleManager: Shutting down and abandoning module MediaAssets (97)
[2016.12.08-20.47.18:851][155]LogModuleManager: Shutting down and abandoning module GameLiveStreaming (96)
[2016.12.08-20.47.18:851][155]LogModuleManager: Shutting down and abandoning module GameplayTagsEditor (95)
[2016.12.08-20.47.18:851][155]LogModuleManager: Shutting down and abandoning module VREditor (94)
[2016.12.08-20.47.18:851][155]LogModuleManager: Shutting down and abandoning module GameplayTasksEditor (93)
[2016.12.08-20.47.18:851][155]LogModuleManager: Shutting down and abandoning module BehaviorTreeEditor (92)
[2016.12.08-20.47.18:851][155]LogModuleManager: Shutting down and abandoning module FunctionalTesting (91)
[2016.12.08-20.47.18:851][155]LogModuleManager: Shutting down and abandoning module CollisionAnalyzer (90)
[2016.12.08-20.47.18:851][155]LogModuleManager: Shutting down and abandoning module Sequencer (89)
[2016.12.08-20.47.18:851][155]LogModuleManager: Shutting down and abandoning module WorkspaceMenuStructure (88)
[2016.12.08-20.47.18:851][155]LogModuleManager: Shutting down and abandoning module MessageLog (87)
[2016.12.08-20.47.18:851][155]LogModuleManager: Shutting down and abandoning module AssetTools (86)
[2016.12.08-20.47.18:851][155]LogModuleManager: Shutting down and abandoning module UMGEditor (85)
[2016.12.08-20.47.18:852][155]LogModuleManager: Shutting down and abandoning module UMG (84)
[2016.12.08-20.47.18:852][155]LogModuleManager: Shutting down and abandoning module SlateReflector (83)
[2016.12.08-20.47.18:852][155]LogModuleManager: Shutting down and abandoning module Slate (82)
[2016.12.08-20.47.18:852][155]LogModuleManager: Shutting down and abandoning module EditorStyle (81)
[2016.12.08-20.47.18:860][155]LogModuleManager: Shutting down and abandoning module SourceCodeAccess (80)
[2016.12.08-20.47.18:860][155]LogModuleManager: Shutting down and abandoning module HeadMountedDisplay (79)
[2016.12.08-20.47.18:860][155]LogModuleManager: Shutting down and abandoning module XAudio2 (78)
[2016.12.08-20.47.18:860][155]LogModuleManager: Shutting down and abandoning module Networking (76)
[2016.12.08-20.47.18:860][155]LogModuleManager: Shutting down and abandoning module Core (75)
[2016.12.08-20.47.18:860][155]LogModuleManager: Shutting down and abandoning module DirectoryWatcher (74)
[2016.12.08-20.47.18:860][155]LogDirectoryWatcher: A directory notification for '../../../Engine/Content/' was aborted.
[2016.12.08-20.47.18:861][155]LogDirectoryWatcher: A directory notification for '../../../../../../Users/griha/Documents/Unreal Projects/PlayerGuideDPIN/Content/' was aborted.
[2016.12.08-20.47.18:861][155]LogDirectoryWatcher: A directory notification for '../../../Engine/Plugins/2D/Paper2D/Content/' was aborted.
[2016.12.08-20.47.18:862][155]LogModuleManager: Shutting down and abandoning module AssetRegistry (73)
[2016.12.08-20.47.19:081][155]LogModuleManager: Shutting down and abandoning module KismetCompiler (72)
[2016.12.08-20.47.19:081][155]LogModuleManager: Shutting down and abandoning module PhysXFormats (71)
[2016.12.08-20.47.19:081][155]LogModuleManager: Shutting down and abandoning module SimplygonSwarm (70)
[2016.12.08-20.47.19:081][155]LogModuleManager: Shutting down and abandoning module SimplygonMeshReduction (69)
[2016.12.08-20.47.19:081][155]LogModuleManager: Shutting down and abandoning module QuadricMeshReduction (68)
[2016.12.08-20.47.19:081][155]LogModuleManager: Shutting down and abandoning module PropertyEditor (67)
[2016.12.08-20.47.19:081][155]LogModuleManager: Shutting down and abandoning module MeshUtilities (66)
[2016.12.08-20.47.19:081][155]LogModuleManager: Shutting down and abandoning module DerivedDataCache (65)
[2016.12.08-20.47.19:127][155]LogDerivedDataCache: Shutdown
[2016.12.08-20.47.19:127][155]LogModuleManager: Shutting down and abandoning module VulkanShaderFormat (64)
[2016.12.08-20.47.19:127][155]LogModuleManager: Shutting down and abandoning module ShaderFormatOpenGL (63)
[2016.12.08-20.47.19:127][155]LogModuleManager: Shutting down and abandoning module ShaderFormatD3D (62)
[2016.12.08-20.47.19:127][155]LogModuleManager: Shutting down and abandoning module MetalShaderFormat (61)
[2016.12.08-20.47.19:127][155]LogModuleManager: Shutting down and abandoning module TextureFormatUncompressed (60)
[2016.12.08-20.47.19:127][155]LogModuleManager: Shutting down and abandoning module TextureFormatPVR (59)
[2016.12.08-20.47.19:127][155]LogModuleManager: Shutting down and abandoning module TextureFormatDXT (58)
[2016.12.08-20.47.19:127][155]LogModuleManager: Shutting down and abandoning module TextureFormatIntelISPCTexComp (57)
[2016.12.08-20.47.19:127][155]LogModuleManager: Shutting down and abandoning module ImageWrapper (56)
[2016.12.08-20.47.19:128][155]LogModuleManager: Shutting down and abandoning module TextureFormatASTC (55)
[2016.12.08-20.47.19:128][155]LogModuleManager: Shutting down and abandoning module TextureFormatAndroid (54)
[2016.12.08-20.47.19:128][155]LogModuleManager: Shutting down and abandoning module AudioFormatOpus (53)
[2016.12.08-20.47.19:128][155]LogModuleManager: Shutting down and abandoning module AudioFormatOgg (52)
[2016.12.08-20.47.19:128][155]LogModuleManager: Shutting down and abandoning module AudioFormatADPCM (51)
[2016.12.08-20.47.19:128][155]LogModuleManager: Shutting down and abandoning module LinuxTargetPlatform (50)
[2016.12.08-20.47.19:128][155]LogModuleManager: Shutting down and abandoning module LinuxServerTargetPlatform (49)
[2016.12.08-20.47.19:128][155]LogModuleManager: Shutting down and abandoning module LinuxNoEditorTargetPlatform (48)
[2016.12.08-20.47.19:128][155]LogModuleManager: Shutting down and abandoning module LinuxClientTargetPlatform (47)
[2016.12.08-20.47.19:128][155]LogModuleManager: Shutting down and abandoning module TVOSTargetPlatform (46)
[2016.12.08-20.47.19:128][155]LogModuleManager: Shutting down and abandoning module Messaging (45)
[2016.12.08-20.47.19:128][155]LogModuleManager: Shutting down and abandoning module IOSTargetPlatform (44)
[2016.12.08-20.47.19:128][155]LogModuleManager: Shutting down and abandoning module HTML5TargetPlatform (43)
[2016.12.08-20.47.19:128][155]LogModuleManager: Shutting down and abandoning module Android_PVRTCTargetPlatform (42)
[2016.12.08-20.47.19:128][155]LogModuleManager: Shutting down and abandoning module Android_MultiTargetPlatform (41)
[2016.12.08-20.47.19:128][155]LogModuleManager: Shutting down and abandoning module Android_ETC2TargetPlatform (40)
[2016.12.08-20.47.19:128][155]LogModuleManager: Shutting down and abandoning module Android_ETC1TargetPlatform (39)
[2016.12.08-20.47.19:128][155]LogModuleManager: Shutting down and abandoning module Android_DXTTargetPlatform (38)
[2016.12.08-20.47.19:128][155]LogModuleManager: Shutting down and abandoning module Android_ATCTargetPlatform (37)
[2016.12.08-20.47.19:128][155]LogModuleManager: Shutting down and abandoning module Android_ASTCTargetPlatform (36)
[2016.12.08-20.47.19:128][155]LogModuleManager: Shutting down and abandoning module AndroidTargetPlatform (35)
[2016.12.08-20.47.19:128][155]LogModuleManager: Shutting down and abandoning module WindowsTargetPlatform (34)
[2016.12.08-20.47.19:128][155]LogModuleManager: Shutting down and abandoning module WindowsServerTargetPlatform (33)
[2016.12.08-20.47.19:128][155]LogModuleManager: Shutting down and abandoning module WindowsNoEditorTargetPlatform (32)
[2016.12.08-20.47.19:128][155]LogModuleManager: Shutting down and abandoning module WindowsClientTargetPlatform (31)
[2016.12.08-20.47.19:128][155]LogModuleManager: Shutting down and abandoning module MacTargetPlatform (30)
[2016.12.08-20.47.19:128][155]LogModuleManager: Shutting down and abandoning module MacServerTargetPlatform (29)
[2016.12.08-20.47.19:128][155]LogModuleManager: Shutting down and abandoning module MacNoEditorTargetPlatform (28)
[2016.12.08-20.47.19:128][155]LogModuleManager: Shutting down and abandoning module MacClientTargetPlatform (27)
[2016.12.08-20.47.19:128][155]LogModuleManager: Shutting down and abandoning module AllDesktopTargetPlatform (26)
[2016.12.08-20.47.19:128][155]LogModuleManager: Shutting down and abandoning module TargetPlatform (25)
[2016.12.08-20.47.19:128][155]LogModuleManager: Shutting down and abandoning module InputCore (24)
[2016.12.08-20.47.19:129][155]LogModuleManager: Shutting down and abandoning module Settings (23)
[2016.12.08-20.47.19:129][155]LogModuleManager: Shutting down and abandoning module OculusRift (22)
[2016.12.08-20.47.19:129][155]LogModuleManager: Shutting down and abandoning module ExampleDeviceProfileSelector (21)
[2016.12.08-20.47.19:129][155]LogModuleManager: Shutting down and abandoning module OnlineBlueprintSupport (20)
[2016.12.08-20.47.19:129][155]LogModuleManager: Shutting down and abandoning module OnlineSubsystem (18)
[2016.12.08-20.47.19:129][155]LogOnline:Display: Unloading online subsystem: NULL
[2016.12.08-20.47.19:129][155]LogModuleManager: Shutting down and abandoning module SSL (17)
[2016.12.08-20.47.19:133][155]LogModuleManager: Shutting down and abandoning module HTTP (16)
[2016.12.08-20.47.19:133][155]LogModuleManager: Shutting down and abandoning module XMPP (15)
[2016.12.08-20.47.19:133][155]LogModuleManager: Shutting down and abandoning module TextureCompressor (14)
[2016.12.08-20.47.19:134][155]LogModuleManager: Shutting down and abandoning module ShaderCore (13)
[2016.12.08-20.47.19:134][155]LogModuleManager: Shutting down and abandoning module Landscape (12)
[2016.12.08-20.47.19:134][155]LogModuleManager: Shutting down and abandoning module SlateRHIRenderer (11)
[2016.12.08-20.47.19:136][155]LogModuleManager: Shutting down and abandoning module OpenGLDrv (10)
[2016.12.08-20.47.19:136][155]LogModuleManager: Shutting down and abandoning module D3D11RHI (9)
[2016.12.08-20.47.19:136][155]LogModuleManager: Shutting down and abandoning module AnimGraphRuntime (8)
[2016.12.08-20.47.19:136][155]LogModuleManager: Shutting down and abandoning module Renderer (7)
[2016.12.08-20.47.19:136][155]LogModuleManager: Shutting down and abandoning module Engine (6)
[2016.12.08-20.47.19:136][155]LogModuleManager: Shutting down and abandoning module CoreUObject (5)
[2016.12.08-20.47.19:136][155]LogModuleManager: Shutting down and abandoning module NetworkFile (4)
[2016.12.08-20.47.19:136][155]LogModuleManager: Shutting down and abandoning module StreamingFile (3)
[2016.12.08-20.47.19:136][155]LogModuleManager: Shutting down and abandoning module SandboxFile (2)
[2016.12.08-20.47.19:136][155]LogModuleManager: Shutting down and abandoning module PakFile (1)
[2016.12.08-20.47.19:141][155]LogExit: Exiting.
[2016.12.08-20.47.19:172][155]Log file closed, 12/08/16 21:47:19
