Log file open, 12/22/16 15:35:16
LogInit:Display: Running engine for game: Arsenal
LogPlatformFile: Not using cached read wrapper
LogInit:Display: RandInit(-933585414) SRandInit(-933585414).
LogTaskGraph: Started task graph with 5 named threads and 8 total threads with 1 sets of task threads.
LogStats: Stats thread started at 0.122935
LogPluginManager: Loaded Plugin Paper2D, From C:/Program Files (x86)/Epic Games/4.14/Engine/Plugins/2D/Paper2D/Paper2D.uplugin
LogPluginManager: Loaded Plugin LightPropagationVolume, From C:/Program Files (x86)/Epic Games/4.14/Engine/Plugins/Blendables/LightPropagationVolume/LightPropagationVolume.uplugin
LogPluginManager: Loaded Plugin BlankPlugin, From C:/Program Files (x86)/Epic Games/4.14/Engine/Plugins/Developer/BlankPlugin/BlankPlugin.uplugin
LogPluginManager: Loaded Plugin CodeLiteSourceCodeAccess, From C:/Program Files (x86)/Epic Games/4.14/Engine/Plugins/Developer/CodeLiteSourceCodeAccess/CodeLiteSourceCodeAccess.uplugin
LogPluginManager: Loaded Plugin GitSourceControl, From C:/Program Files (x86)/Epic Games/4.14/Engine/Plugins/Developer/GitSourceControl/GitSourceControl.uplugin
LogPluginManager: Loaded Plugin KDevelopSourceCodeAccess, From C:/Program Files (x86)/Epic Games/4.14/Engine/Plugins/Developer/KDevelopSourceCodeAccess/KDevelopSourceCodeAccess.uplugin
LogPluginManager: Loaded Plugin NullSourceCodeAccess, From C:/Program Files (x86)/Epic Games/4.14/Engine/Plugins/Developer/NullSourceCodeAccess/NullSourceCodeAccess.uplugin
LogPluginManager: Loaded Plugin OneSkyLocalizationService, From C:/Program Files (x86)/Epic Games/4.14/Engine/Plugins/Developer/OneSkyLocalizationService/OneSkyLocalizationService.uplugin
LogPluginManager: Loaded Plugin PerforceSourceControl, From C:/Program Files (x86)/Epic Games/4.14/Engine/Plugins/Developer/PerforceSourceControl/PerforceSourceControl.uplugin
LogPluginManager: Loaded Plugin SubversionSourceControl, From C:/Program Files (x86)/Epic Games/4.14/Engine/Plugins/Developer/SubversionSourceControl/SubversionSourceControl.uplugin
LogPluginManager: Loaded Plugin UObjectPlugin, From C:/Program Files (x86)/Epic Games/4.14/Engine/Plugins/Developer/UObjectPlugin/UObjectPlugin.uplugin
LogPluginManager: Loaded Plugin VisualStudioSourceCodeAccess, From C:/Program Files (x86)/Epic Games/4.14/Engine/Plugins/Developer/VisualStudioSourceCodeAccess/VisualStudioSourceCodeAccess.uplugin
LogPluginManager: Loaded Plugin XCodeSourceCodeAccess, From C:/Program Files (x86)/Epic Games/4.14/Engine/Plugins/Developer/XCodeSourceCodeAccess/XCodeSourceCodeAccess.uplugin
LogPluginManager: Loaded Plugin AudioCapture, From C:/Program Files (x86)/Epic Games/4.14/Engine/Plugins/Editor/AudioCapture/AudioCapture.uplugin
LogPluginManager: Loaded Plugin EpicSurvey, From C:/Program Files (x86)/Epic Games/4.14/Engine/Plugins/Editor/EpicSurvey/EpicSurvey.uplugin
LogPluginManager: Loaded Plugin MacGraphicsSwitching, From C:/Program Files (x86)/Epic Games/4.14/Engine/Plugins/Editor/MacGraphicsSwitching/MacGraphicsSwitching.uplugin
LogPluginManager: Loaded Plugin MobileLauncherProfileWizard, From C:/Program Files (x86)/Epic Games/4.14/Engine/Plugins/Editor/MobileLauncherProfileWizard/MobileLauncherProfileWizard.uplugin
LogPluginManager: Loaded Plugin PluginBrowser, From C:/Program Files (x86)/Epic Games/4.14/Engine/Plugins/Editor/PluginBrowser/PluginBrowser.uplugin
LogPluginManager: Loaded Plugin SpeedTreeImporter, From C:/Program Files (x86)/Epic Games/4.14/Engine/Plugins/Editor/SpeedTreeImporter/SpeedTreeImporter.uplugin
LogPluginManager: Loaded Plugin SuperSearchEditor, From C:/Program Files (x86)/Epic Games/4.14/Engine/Plugins/Editor/SuperSearchEditor/SuperSearchEditor.uplugin
LogPluginManager: Loaded Plugin AlembicImporter, From C:/Program Files (x86)/Epic Games/4.14/Engine/Plugins/Experimental/AlembicImporter/AlembicImporter.uplugin
LogPluginManager: Loaded Plugin BlueprintStats, From C:/Program Files (x86)/Epic Games/4.14/Engine/Plugins/Experimental/BlueprintStats/BlueprintStats.uplugin
LogPluginManager: Loaded Plugin CharacterAI, From C:/Program Files (x86)/Epic Games/4.14/Engine/Plugins/Experimental/CharacterAI/CharacterAI.uplugin
LogPluginManager: Loaded Plugin CodeEditor, From C:/Program Files (x86)/Epic Games/4.14/Engine/Plugins/Experimental/CodeEditor/CodeEditor.uplugin
LogPluginManager: Loaded Plugin CodeView, From C:/Program Files (x86)/Epic Games/4.14/Engine/Plugins/Experimental/CodeView/CodeView.uplugin
LogPluginManager: Loaded Plugin HTML5Networking, From C:/Program Files (x86)/Epic Games/4.14/Engine/Plugins/Experimental/HTML5Networking/HTML5Networking.uplugin
LogPluginManager: Loaded Plugin OSVR, From C:/Program Files (x86)/Epic Games/4.14/Engine/Plugins/Experimental/OSVR/OSVR.uplugin
LogPluginManager: Loaded Plugin Phya, From C:/Program Files (x86)/Epic Games/4.14/Engine/Plugins/Experimental/Phya/Phya.uplugin
LogPluginManager: Loaded Plugin SignificanceManager, From C:/Program Files (x86)/Epic Games/4.14/Engine/Plugins/Experimental/SignificanceManager/SignificanceManager.uplugin
LogPluginManager: Loaded Plugin SimpleHMD, From C:/Program Files (x86)/Epic Games/4.14/Engine/Plugins/Experimental/SimpleHMD/SimpleHMD.uplugin
LogPluginManager: Loaded Plugin StereoPanorama, From C:/Program Files (x86)/Epic Games/4.14/Engine/Plugins/Experimental/StereoPanorama/StereoPanorama.uplugin
LogPluginManager: Loaded Plugin StructBox, From C:/Program Files (x86)/Epic Games/4.14/Engine/Plugins/Experimental/StructBox/StructBox.uplugin
LogPluginManager: Loaded Plugin AndroidMedia, From C:/Program Files (x86)/Epic Games/4.14/Engine/Plugins/Media/AndroidMedia/AndroidMedia.uplugin
LogPluginManager: Loaded Plugin AvfMedia, From C:/Program Files (x86)/Epic Games/4.14/Engine/Plugins/Media/AvfMedia/AvfMedia.uplugin
LogPluginManager: Loaded Plugin MediaPlayerEditor, From C:/Program Files (x86)/Epic Games/4.14/Engine/Plugins/Media/MediaPlayerEditor/MediaPlayerEditor.uplugin
LogPluginManager: Loaded Plugin WmfMedia, From C:/Program Files (x86)/Epic Games/4.14/Engine/Plugins/Media/WmfMedia/WmfMedia.uplugin
LogPluginManager: Loaded Plugin MessagingDebugger, From C:/Program Files (x86)/Epic Games/4.14/Engine/Plugins/Messaging/MessagingDebugger/MessagingDebugger.uplugin
LogPluginManager: Loaded Plugin TcpMessaging, From C:/Program Files (x86)/Epic Games/4.14/Engine/Plugins/Messaging/TcpMessaging/TcpMessaging.uplugin
LogPluginManager: Loaded Plugin UdpMessaging, From C:/Program Files (x86)/Epic Games/4.14/Engine/Plugins/Messaging/UdpMessaging/UdpMessaging.uplugin
LogPluginManager: Loaded Plugin LevelSequenceEditor, From C:/Program Files (x86)/Epic Games/4.14/Engine/Plugins/MovieScene/LevelSequenceEditor/LevelSequenceEditor.uplugin
LogPluginManager: Loaded Plugin MatineeToLevelSequence, From C:/Program Files (x86)/Epic Games/4.14/Engine/Plugins/MovieScene/MatineeToLevelSequence/MatineeToLevelSequence.uplugin
LogPluginManager: Loaded Plugin NetcodeUnitTest, From C:/Program Files (x86)/Epic Games/4.14/Engine/Plugins/NetcodeUnitTest/NetcodeUnitTest/NetcodeUnitTest.uplugin
LogPluginManager: Loaded Plugin NUTUnrealEngine4, From C:/Program Files (x86)/Epic Games/4.14/Engine/Plugins/NetcodeUnitTest/NUTUnrealEngine4/NUTUnrealEngine4.uplugin
LogPluginManager: Loaded Plugin OnlineSubsystemGameCircle, From C:/Program Files (x86)/Epic Games/4.14/Engine/Plugins/Online/Android/OnlineSubsystemGameCircle/OnlineSubsystemGameCircle.uplugin
LogPluginManager: Loaded Plugin OnlineSubsystemGooglePlay, From C:/Program Files (x86)/Epic Games/4.14/Engine/Plugins/Online/Android/OnlineSubsystemGooglePlay/OnlineSubsystemGooglePlay.uplugin
LogPluginManager: Loaded Plugin OnlineSubsystemIOS, From C:/Program Files (x86)/Epic Games/4.14/Engine/Plugins/Online/IOS/OnlineSubsystemIOS/OnlineSubsystemIOS.uplugin
LogPluginManager: Loaded Plugin OnlineFramework, From C:/Program Files (x86)/Epic Games/4.14/Engine/Plugins/Online/OnlineFramework/OnlineFramework.uplugin
LogPluginManager: Loaded Plugin OnlineSubsystem, From C:/Program Files (x86)/Epic Games/4.14/Engine/Plugins/Online/OnlineSubsystem/OnlineSubsystem.uplugin
LogPluginManager: Loaded Plugin OnlineSubsystemAmazon, From C:/Program Files (x86)/Epic Games/4.14/Engine/Plugins/Online/OnlineSubsystemAmazon/OnlineSubsystemAmazon.uplugin
LogPluginManager: Loaded Plugin OnlineSubsystemFacebook, From C:/Program Files (x86)/Epic Games/4.14/Engine/Plugins/Online/OnlineSubsystemFacebook/OnlineSubsystemFacebook.uplugin
LogPluginManager: Loaded Plugin OnlineSubsystemNull, From C:/Program Files (x86)/Epic Games/4.14/Engine/Plugins/Online/OnlineSubsystemNull/OnlineSubsystemNull.uplugin
LogPluginManager: Loaded Plugin OnlineSubsystemOculus, From C:/Program Files (x86)/Epic Games/4.14/Engine/Plugins/Online/OnlineSubsystemOculus/OnlineSubsystemOculus.uplugin
LogPluginManager: Loaded Plugin OnlineSubsystemSteam, From C:/Program Files (x86)/Epic Games/4.14/Engine/Plugins/Online/OnlineSubsystemSteam/OnlineSubsystemSteam.uplugin
LogPluginManager: Loaded Plugin OnlineSubsystemUtils, From C:/Program Files (x86)/Epic Games/4.14/Engine/Plugins/Online/OnlineSubsystemUtils/OnlineSubsystemUtils.uplugin
LogPluginManager: Loaded Plugin IOSTapJoy, From C:/Program Files (x86)/Epic Games/4.14/Engine/Plugins/Runtime/Advertising/IOSTapJoy/IOSTapJoy.uplugin
LogPluginManager: Loaded Plugin AnalyticsBlueprintLibrary, From C:/Program Files (x86)/Epic Games/4.14/Engine/Plugins/Runtime/Analytics/AnalyticsBlueprintLibrary/AnalyticsBlueprintLibrary.uplugin
LogPluginManager: Loaded Plugin AnalyticsMulticast, From C:/Program Files (x86)/Epic Games/4.14/Engine/Plugins/Runtime/Analytics/AnalyticsMulticast/AnalyticsMulticast.uplugin
LogPluginManager: Loaded Plugin Apsalar, From C:/Program Files (x86)/Epic Games/4.14/Engine/Plugins/Runtime/Analytics/Apsalar/Apsalar.uplugin
LogPluginManager: Loaded Plugin FileLogging, From C:/Program Files (x86)/Epic Games/4.14/Engine/Plugins/Runtime/Analytics/FileLogging/FileLogging.uplugin
LogPluginManager: Loaded Plugin Flurry, From C:/Program Files (x86)/Epic Games/4.14/Engine/Plugins/Runtime/Analytics/Flurry/Flurry.uplugin
LogPluginManager: Loaded Plugin AndroidDeviceProfileSelector, From C:/Program Files (x86)/Epic Games/4.14/Engine/Plugins/Runtime/AndroidDeviceProfileSelector/AndroidDeviceProfileSelector.uplugin
LogPluginManager: Loaded Plugin AndroidMoviePlayer, From C:/Program Files (x86)/Epic Games/4.14/Engine/Plugins/Runtime/AndroidMoviePlayer/AndroidMoviePlayer.uplugin
LogPluginManager: Loaded Plugin AppleMoviePlayer, From C:/Program Files (x86)/Epic Games/4.14/Engine/Plugins/Runtime/AppleMoviePlayer/AppleMoviePlayer.uplugin
LogPluginManager: Loaded Plugin ArchVisCharacter, From C:/Program Files (x86)/Epic Games/4.14/Engine/Plugins/Runtime/ArchVisCharacter/ArchVisCharacter.uplugin
LogPluginManager: Loaded Plugin CableComponent, From C:/Program Files (x86)/Epic Games/4.14/Engine/Plugins/Runtime/CableComponent/CableComponent.uplugin
LogPluginManager: Loaded Plugin CustomMeshComponent, From C:/Program Files (x86)/Epic Games/4.14/Engine/Plugins/Runtime/CustomMeshComponent/CustomMeshComponent.uplugin
LogPluginManager: Loaded Plugin ExampleDeviceProfileSelector, From C:/Program Files (x86)/Epic Games/4.14/Engine/Plugins/Runtime/ExampleDeviceProfileSelector/ExampleDeviceProfileSelector.uplugin
LogPluginManager: Loaded Plugin GearVR, From C:/Program Files (x86)/Epic Games/4.14/Engine/Plugins/Runtime/GearVR/GearVR.uplugin
LogPluginManager: Loaded Plugin GoogleVRController, From C:/Program Files (x86)/Epic Games/4.14/Engine/Plugins/Runtime/GoogleVR/GoogleVRController/GoogleVRController.uplugin
LogPluginManager: Loaded Plugin GoogleVRHMD, From C:/Program Files (x86)/Epic Games/4.14/Engine/Plugins/Runtime/GoogleVR/GoogleVRHMD/GoogleVRHMD.uplugin
LogPluginManager: Loaded Plugin IOSDeviceProfileSelector, From C:/Program Files (x86)/Epic Games/4.14/Engine/Plugins/Runtime/IOSDeviceProfileSelector/IOSDeviceProfileSelector.uplugin
LogPluginManager: Loaded Plugin LeapMotion, From C:/Program Files (x86)/Epic Games/4.14/Engine/Plugins/Runtime/LeapMotion/LeapMotion.uplugin
LogPluginManager: Loaded Plugin LinuxDeviceProfileSelector, From C:/Program Files (x86)/Epic Games/4.14/Engine/Plugins/Runtime/LinuxDeviceProfileSelector/LinuxDeviceProfileSelector.uplugin
LogPluginManager: Loaded Plugin MIDIDevice, From C:/Program Files (x86)/Epic Games/4.14/Engine/Plugins/Runtime/MIDIDevice/MIDIDevice.uplugin
LogPluginManager: Loaded Plugin MobilePatchingUtils, From C:/Program Files (x86)/Epic Games/4.14/Engine/Plugins/Runtime/MobilePatchingUtils/MobilePatchingUtils.uplugin
LogPluginManager: Loaded Plugin Ansel, From C:/Program Files (x86)/Epic Games/4.14/Engine/Plugins/Runtime/Nvidia/Ansel/Ansel.uplugin
LogPluginManager: Loaded Plugin OculusAudio, From C:/Program Files (x86)/Epic Games/4.14/Engine/Plugins/Runtime/OculusAudio/OculusAudio.uplugin
LogPluginManager: Loaded Plugin OculusInput, From C:/Program Files (x86)/Epic Games/4.14/Engine/Plugins/Runtime/OculusInput/OculusInput.uplugin
LogPluginManager: Loaded Plugin OculusLibrary, From C:/Program Files (x86)/Epic Games/4.14/Engine/Plugins/Runtime/OculusLibrary/OculusLibrary.uplugin
LogPluginManager: Loaded Plugin OculusRift, From C:/Program Files (x86)/Epic Games/4.14/Engine/Plugins/Runtime/OculusRift/OculusRift.uplugin
LogPluginManager: Loaded Plugin Oodle, From C:/Program Files (x86)/Epic Games/4.14/Engine/Plugins/Runtime/PacketHandlers/CompressionComponents/Oodle/Oodle.uplugin
LogPluginManager: Loaded Plugin ProceduralMeshComponent, From C:/Program Files (x86)/Epic Games/4.14/Engine/Plugins/Runtime/ProceduralMeshComponent/ProceduralMeshComponent.uplugin
LogPluginManager: Loaded Plugin SoundMod, From C:/Program Files (x86)/Epic Games/4.14/Engine/Plugins/Runtime/SoundMod/SoundMod.uplugin
LogPluginManager: Loaded Plugin SoundVisualizations, From C:/Program Files (x86)/Epic Games/4.14/Engine/Plugins/Runtime/SoundVisualizations/SoundVisualizations.uplugin
LogPluginManager: Loaded Plugin SteamController, From C:/Program Files (x86)/Epic Games/4.14/Engine/Plugins/Runtime/Steam/SteamController/SteamController.uplugin
LogPluginManager: Loaded Plugin SteamVR, From C:/Program Files (x86)/Epic Games/4.14/Engine/Plugins/Runtime/Steam/SteamVR/SteamVR.uplugin
LogPluginManager: Loaded Plugin WebBrowserWidget, From C:/Program Files (x86)/Epic Games/4.14/Engine/Plugins/Runtime/WebBrowserWidget/WebBrowserWidget.uplugin
LogPluginManager: Loaded Plugin WindowsDeviceProfileSelector, From C:/Program Files (x86)/Epic Games/4.14/Engine/Plugins/Runtime/WindowsDeviceProfileSelector/WindowsDeviceProfileSelector.uplugin
LogPluginManager: Loaded Plugin WindowsMoviePlayer, From C:/Program Files (x86)/Epic Games/4.14/Engine/Plugins/Runtime/WindowsMoviePlayer/WindowsMoviePlayer.uplugin
LogPluginManager: Loaded Plugin ScriptPlugin, From C:/Program Files (x86)/Epic Games/4.14/Engine/Plugins/ScriptPlugin/ScriptPlugin.uplugin
LogPluginManager: Loaded Plugin SlateRemote, From C:/Program Files (x86)/Epic Games/4.14/Engine/Plugins/Slate/SlateRemote/SlateRemote.uplugin
LogPluginManager: Loaded Plugin EditorTests, From C:/Program Files (x86)/Epic Games/4.14/Engine/Plugins/Tests/EditorTests/EditorTests.uplugin
LogPluginManager: Loaded Plugin FbxAutomationTestBuilder, From C:/Program Files (x86)/Epic Games/4.14/Engine/Plugins/Tests/FbxAutomationTestBuilder/FbxAutomationTestBuilder.uplugin
LogPluginManager: Loaded Plugin FunctionalTestingEditor, From C:/Program Files (x86)/Epic Games/4.14/Engine/Plugins/Tests/FunctionalTestingEditor/FunctionalTestingEditor.uplugin
LogPluginManager: Loaded Plugin RuntimeTests, From C:/Program Files (x86)/Epic Games/4.14/Engine/Plugins/Tests/RuntimeTests/RuntimeTests.uplugin
LogPluginManager: Loaded Plugin ScreenshotTools, From C:/Program Files (x86)/Epic Games/4.14/Engine/Plugins/Tests/ScreenshotTools/ScreenshotTools.uplugin
LogInit: Using libcurl 7.47.1
LogInit:  - built for x86_64-pc-win32
LogInit:  - supports SSL with OpenSSL/1.0.2g
LogInit:  - supports HTTP deflate (compression) using libz 1.2.8
LogInit:  - other features:
LogInit:      CURL_VERSION_SSL
LogInit:      CURL_VERSION_LIBZ
LogInit:      CURL_VERSION_IPV6
LogInit:      CURL_VERSION_ASYNCHDNS
LogInit:      CURL_VERSION_LARGEFILE
LogInit:      CURL_VERSION_IDN
LogInit:  CurlRequestOptions (configurable via config and command line):
LogInit:  - bVerifyPeer = false  - Libcurl will NOT verify peer certificate
LogInit:  - bUseHttpProxy = false  - Libcurl will NOT use HTTP proxy
LogInit:  - bDontReuseConnections = false  - Libcurl will reuse connections
LogInit:  - CertBundlePath = nullptr  - Libcurl will use whatever was configured at build time.
LogInit: Build: ++UE4+Release-4.14-CL-3195953
LogInit: Engine Version: 4.14.0-3195953+++UE4+Release-4.14
LogInit: Compatible Engine Version: 4.14.0-3195953+++UE4+Release-4.14
LogInit: Net CL: 3195953
LogDevObjectVersion: Number of dev versions registered: 13
LogDevObjectVersion:   Dev-Blueprints (B0D832E4-1F89-4F0D-ACCF-7EB736FD4AA2): 7
LogDevObjectVersion:   Dev-Build (E1C64328-A22C-4D53-A36C-8E866417BD8C): 0
LogDevObjectVersion:   Dev-Core (375EC13C-06E4-48FB-B500-84F0262A717E): 1
LogDevObjectVersion:   Dev-Editor (E4B068ED-F494-42E9-A231-DA0B2E46BB41): 8
LogDevObjectVersion:   Dev-Framework (CFFC743F-43B0-4480-9391-14DF171D2073): 17
LogDevObjectVersion:   Dev-Mobile (B02B49B5-BB20-44E9-A304-32B752E40360): 0
LogDevObjectVersion:   Dev-Networking (A4E4105C-59A1-49B5-A7C5-40C4547EDFEE): 0
LogDevObjectVersion:   Dev-Online (39C831C9-5AE6-47DC-9A44-9C173E1C8E7C): 0
LogDevObjectVersion:   Dev-Physics (78F01B33-EBEA-4F98-B9B4-84EACCB95AA2): 0
LogDevObjectVersion:   Dev-Platform (6631380F-2D4D-43E0-8009-CF276956A95A): 0
LogDevObjectVersion:   Dev-Rendering (12F88B9F-8875-4AFC-A67C-D90C383ABD29): 12
LogDevObjectVersion:   Dev-Sequencer (7B5AE74C-D270-4C10-A958-57980B212A5A): 1
LogDevObjectVersion:   Dev-VR (D7296918-1DD6-4BDD-9DE2-64A83CC13884): 0
LogInit: Compiled (64-bit): Nov 12 2016 02:14:10
LogInit: Compiled with Visual C++: 19.00.23026.00
LogInit: Build Configuration: Development
LogInit: Branch Name: ++UE4+Release-4.14
LogInit: Command line: -EpicPortal 
LogInit: Base directory: C:/Program Files (x86)/Epic Games/4.14/Engine/Binaries/Win64/
LogInit: Installed Engine Build: 1
LogInit: Presizing for max 8388607 objects, including 0 objects not considered by GC, pre-allocating 0 bytes for permanent pool.
LogInit: Object subsystem initialized
[2016.12.22-14.35.16:979][  0]LogInit: Selected Device Profile: [Windows]
[2016.12.22-14.35.16:979][  0]LogInit: Applying CVar settings loaded from the selected device profile: [Windows]
[2016.12.22-14.35.17:019][  0]LogInit: Computer: WKSALMPUB325
[2016.12.22-14.35.17:019][  0]LogInit: User: sergiocobos
[2016.12.22-14.35.17:019][  0]LogInit: CPU Page size=65536, Cores=4
[2016.12.22-14.35.17:019][  0]LogInit: High frequency timer resolution =3.312646 MHz
[2016.12.22-14.35.17:019][  0]LogMemory: Memory total: Physical=7.9GB (8GB approx)
[2016.12.22-14.35.17:019][  0]LogMemory: Platform Memory Stats for Windows
[2016.12.22-14.35.17:019][  0]LogMemory: Process Physical Memory: 264.38 MB used, 264.38 MB peak
[2016.12.22-14.35.17:019][  0]LogMemory: Process Virtual Memory: 262.57 MB used, 262.57 MB peak
[2016.12.22-14.35.17:019][  0]LogMemory: Physical Memory: 4422.99 MB used,  3709.37 MB free, 8132.36 MB total
[2016.12.22-14.35.17:019][  0]LogMemory: Virtual Memory: 677.38 MB used,  3709.37 MB free, 134217728.00 MB total
[2016.12.22-14.35.17:043][  0]LogTextLocalizationManager: No specific translations for ('es-ES') exist, so ('es') translations will be used.
[2016.12.22-14.35.17:439][  0]LogD3D11RHI: D3D11 adapters:
[2016.12.22-14.35.17:458][  0]LogD3D11RHI:    0. 'NVIDIA Quadro K600 ' (Feature Level 11_0)
[2016.12.22-14.35.17:458][  0]LogD3D11RHI:       972/0/4066 MB DedicatedVideo/DedicatedSystem/SharedSystem, Outputs:1, VendorId:0x10de
[2016.12.22-14.35.17:460][  0]LogD3D11RHI:    1. 'Microsoft Basic Render Driver' (Feature Level 11_0)
[2016.12.22-14.35.17:460][  0]LogD3D11RHI:       0/0/4066 MB DedicatedVideo/DedicatedSystem/SharedSystem, Outputs:0, VendorId:0x1414
[2016.12.22-14.35.17:460][  0]LogD3D11RHI: Chosen D3D11 Adapter: 0
[2016.12.22-14.35.17:464][  0]LogD3D11RHI: Creating new Direct3DDevice
[2016.12.22-14.35.17:464][  0]LogD3D11RHI:     GPU DeviceId: 0xffa (for the marketing name, search the web for "GPU Device Id")
[2016.12.22-14.35.17:464][  0]LogWindows: EnumDisplayDevices:
[2016.12.22-14.35.17:464][  0]LogWindows:    0. 'NVIDIA Quadro K600 ' (P:1 D:1)
[2016.12.22-14.35.17:464][  0]LogWindows:    1. 'NVIDIA Quadro K600 ' (P:0 D:0)
[2016.12.22-14.35.17:465][  0]LogWindows: DebugString: FoundDriverCount:2 
[2016.12.22-14.35.17:465][  0]LogD3D11RHI:     Adapter Name: NVIDIA Quadro K600 
[2016.12.22-14.35.17:465][  0]LogD3D11RHI:   Driver Version: 358.87 (internal:10.18.13.5887, unified:358.87)
[2016.12.22-14.35.17:465][  0]LogD3D11RHI:      Driver Date: 11-2-2015
[2016.12.22-14.35.17:465][  0]LogRHI: Texture pool is 680 MB (70% of 972 MB)
[2016.12.22-14.35.17:476][  0]LogD3D11RHI: Async texture creation enabled
[2016.12.22-14.35.17:491][  0]LogD3D11RHI: GPU Timing Frequency: 1000.000000 (Debug: 2 2)
[2016.12.22-14.35.17:491][  0]LogShaderCompilers: Guid format shader working directory is 11 characters bigger than the processId version (L:/1609_DPIN4_DANI_A/Alumnos/Arsenal 4.14/Intermediate/Shaders/WorkingDirectory/10220/).
[2016.12.22-14.35.17:491][  0]LogShaderCompilers: Cleaned the shader compiler working directory 'C:/Users/sergio.cobos/AppData/Local/Temp/UnrealShaderWorkingDir/DFF6E74F43BC84455C2F588FC7847E89/'.
[2016.12.22-14.35.17:491][  0]LogShaderCompilers:Display: Using Local Shader Compiler.
[2016.12.22-14.35.18:536][  0]LogTemp:Display: Loaded TP AllDesktopTargetPlatform
[2016.12.22-14.35.18:606][  0]LogTemp:Display: Loaded TP MacClientTargetPlatform
[2016.12.22-14.35.18:684][  0]LogTemp:Display: Loaded TP MacNoEditorTargetPlatform
[2016.12.22-14.35.18:847][  0]LogTemp:Display: Loaded TP MacServerTargetPlatform
[2016.12.22-14.35.18:908][  0]LogTemp:Display: Loaded TP MacTargetPlatform
[2016.12.22-14.35.18:966][  0]LogTemp:Display: Loaded TP WindowsClientTargetPlatform
[2016.12.22-14.35.19:021][  0]LogTemp:Display: Loaded TP WindowsNoEditorTargetPlatform
[2016.12.22-14.35.19:079][  0]LogTemp:Display: Loaded TP WindowsServerTargetPlatform
[2016.12.22-14.35.19:124][  0]LogTemp:Display: Loaded TP WindowsTargetPlatform
[2016.12.22-14.35.19:179][  0]LogTemp:Display: Loaded TP AndroidTargetPlatform
[2016.12.22-14.35.19:252][  0]LogTemp:Display: Loaded TP Android_ASTCTargetPlatform
[2016.12.22-14.35.19:311][  0]LogTemp:Display: Loaded TP Android_ATCTargetPlatform
[2016.12.22-14.35.19:387][  0]LogTemp:Display: Loaded TP Android_DXTTargetPlatform
[2016.12.22-14.35.19:454][  0]LogTemp:Display: Loaded TP Android_ETC1TargetPlatform
[2016.12.22-14.35.19:517][  0]LogTemp:Display: Loaded TP Android_ETC2TargetPlatform
[2016.12.22-14.35.19:631][  0]LogTemp:Display: Loaded TP Android_MultiTargetPlatform
[2016.12.22-14.35.19:631][  0]LogTemp:Display: Loaded TP Android_PVRTCTargetPlatform
[2016.12.22-14.35.19:664][  0]LogTemp:Display: Loaded TP HTML5TargetPlatform
[2016.12.22-14.35.19:756][  0]LogTemp:Display: Loaded TP IOSTargetPlatform
[2016.12.22-14.35.19:807][  0]LogTemp:Display: Loaded TP TVOSTargetPlatform
[2016.12.22-14.35.19:883][  0]LogTemp:Display: Loaded TP LinuxClientTargetPlatform
[2016.12.22-14.35.19:955][  0]LogTemp:Display: Loaded TP LinuxNoEditorTargetPlatform
[2016.12.22-14.35.20:016][  0]LogTemp:Display: Loaded TP LinuxServerTargetPlatform
[2016.12.22-14.35.20:100][  0]LogTemp:Display: Loaded TP LinuxTargetPlatform
[2016.12.22-14.35.20:100][  0]LogTargetPlatformManager:Display: Building Assets For Windows
[2016.12.22-14.35.20:462][  0]LogDerivedDataCache:Display: Max Cache Size: 512 MB
[2016.12.22-14.35.20:507][  0]LogDerivedDataCache: Loaded boot cache 0.05s 50MB C:/Users/sergio.cobos/AppData/Local/UnrealEngine/4.14/DerivedDataCache/Boot.ddc.
[2016.12.22-14.35.20:507][  0]LogDerivedDataCache:Display: Loaded Boot cache: C:/Users/sergio.cobos/AppData/Local/UnrealEngine/4.14/DerivedDataCache/Boot.ddc
[2016.12.22-14.35.20:508][  0]LogDerivedDataCache: FDerivedDataBackendGraph:  Pak pak cache file L:/1609_DPIN4_DANI_A/Alumnos/Arsenal 4.14/DerivedDataCache/DDC.ddp not found, will not use a pak cache.
[2016.12.22-14.35.20:508][  0]LogDerivedDataCache: Unable to find inner node Pak for hierarchical cache Hierarchy.
[2016.12.22-14.35.20:509][  0]LogDerivedDataCache: FDerivedDataBackendGraph:  CompressedPak pak cache file L:/1609_DPIN4_DANI_A/Alumnos/Arsenal 4.14/DerivedDataCache/Compressed.ddp not found, will not use a pak cache.
[2016.12.22-14.35.20:509][  0]LogDerivedDataCache: Unable to find inner node CompressedPak for hierarchical cache Hierarchy.
[2016.12.22-14.35.20:525][  0]LogDerivedDataCache:Display: Pak cache opened for reading ../../../Engine/DerivedDataCache/Compressed.ddp.
[2016.12.22-14.35.20:536][  0]LogDerivedDataCache: Using Local data cache path C:/Users/sergio.cobos/AppData/Local/UnrealEngine/Common/DerivedDataCache: Writable
[2016.12.22-14.35.20:722][  0]LogInit: Selected Device Profile: [Windows]
[2016.12.22-14.35.20:725][  0]LogContentStreaming: Texture pool size is 0.00 MB
[2016.12.22-14.35.20:908][  0]LogMeshUtilities: Using QuadricMeshReduction for automatic static mesh reduction
[2016.12.22-14.35.20:972][  0]LogSimplygon: Simplygon DLL not present - disabling.
[2016.12.22-14.35.21:398][  0]LogMeshUtilities: Using SimplygonSwarm for distributed automatic mesh merging
[2016.12.22-14.35.21:398][  0]LogMeshUtilities: No automatic skeletal mesh reduction module available
[2016.12.22-14.35.21:398][  0]LogMeshUtilities: No automatic mesh merging module available
[2016.12.22-14.35.21:910][  0]LogNetVersion: GetLocalNetworkVersion: CL: 3195953, ProjectName: arsenal, ProjectVersion: , EngineNetworkVersion: 2, GameNetworkVersion: 0, NetworkChecksum: 2114083448
[2016.12.22-14.35.21:961][  0]LogAssetRegistry: FAssetRegistry took 0.0210 seconds to start up
[2016.12.22-14.35.22:299][  0]LogPackageLocalizationCache: Processed 3 localized package path(s) for 2 prioritized culture(s) in 0.313406 seconds
[2016.12.22-14.35.22:311][  0]LogUObjectArray: 31946 objects as part of root set at end of initial load.
[2016.12.22-14.35.22:311][  0]LogUObjectAllocator: 6935848 out of 0 bytes used by permanent object pool.
[2016.12.22-14.35.22:311][  0]LogUObjectArray: CloseDisregardForGC: 0/0 objects in disregard for GC pool
[2016.12.22-14.35.22:393][  0]LogInit: WinSock: version 1.1 (2.2), MaxSocks=32767, MaxUdp=65467
[2016.12.22-14.35.23:026][  0]LogSlate: Using Freetype 2.6.0
[2016.12.22-14.35.23:026][  0]LogSlate: SlateFontCache - WITH_FREETYPE: 1, WITH_HARFBUZZ: 1
[2016.12.22-14.35.23:026][  0]LogSlate: SlateFontCache - WITH_FREETYPE: 1, WITH_HARFBUZZ: 1
[2016.12.22-14.35.23:730][  0]LogTcpMessaging: Initializing TcpMessaging bridge
[2016.12.22-14.35.23:765][  0]LogUdpMessaging: Initializing bridge on interface 0.0.0.0:0 to multicast group 230.0.0.1:6666.
[2016.12.22-14.35.23:765][  0]LogDirectoryWatcher: A directory notification failed for 'L:/1609_DPIN4_DANI_A/Alumnos/Arsenal 4.14/Content/' because it was empty or there was a buffer overflow. Attemping another request...
[2016.12.22-14.35.24:093][  0]LogMaterial: Uniform references updated for custom material expression Custom.
[2016.12.22-14.35.24:492][  0]SourceControl: Información El control de código fuente está desactivado
[2016.12.22-14.35.24:493][  0]SourceControl: Información El control de código fuente está desactivado
[2016.12.22-14.35.24:535][  0]SourceControl: Información El control de código fuente está desactivado
[2016.12.22-14.35.24:575][  0]SourceControl: Información El control de código fuente está desactivado
[2016.12.22-14.35.25:887][  0]LogEngine: Initializing Engine...
[2016.12.22-14.35.25:887][  0]LogHMD: Failed to initialize OpenVR with code 110
[2016.12.22-14.35.26:098][  0]LogAIModule: Creating AISystem for world Untitled
[2016.12.22-14.35.26:105][  0]LogInit: XAudio2 using 'Speakers (Realtek High Definition Audio)' : 2 channels at 48 kHz using 32 bits per sample (channel mask 0x3)
[2016.12.22-14.35.26:114][  0]LogInit: FAudioDevice initialized.
[2016.12.22-14.35.26:137][  0]LogDerivedDataCache: Saved boot cache 0.02s 50MB C:/Users/sergio.cobos/AppData/Local/UnrealEngine/4.14/DerivedDataCache/Boot.ddc.
[2016.12.22-14.35.26:143][  0]LogInit: Texture streaming: Enabled
[2016.12.22-14.35.26:371][  0]LogInit: Transaction tracking system initialized
[2016.12.22-14.35.27:087][  0]BlueprintLog: New page: Cargar el editor
[2016.12.22-14.35.27:983][  0]LocalizationService: Información Localization service is disabled
[2016.12.22-14.35.28:959][  0]LogConsoleResponse:Display: 
[2016.12.22-14.35.29:092][  0]LogCook:Display: Max memory allowance for cook 16384mb min free memory 0mb
[2016.12.22-14.35.29:092][  0]LogCook:Display: Mobile HDR setting 1
[2016.12.22-14.35.29:928][  0]LogFileCache: Scanning file cache for directory 'L:/1609_DPIN4_DANI_A/Alumnos/Arsenal 4.14/Content/' took 0.02s
[2016.12.22-14.35.29:930][  0]LogLinker:Warning: No puede encontrar el archivo '/Game/Levels/image006'
[2016.12.22-14.35.29:930][  0]LogLinker:Warning: No puede encontrar el archivo para el activo '/Game/Levels/image006' mientras carga ../../../Engine/Content/EditorLandscapeResources/DefaultAlphaTexture.uasset.
[2016.12.22-14.35.29:930][  0]LoadErrors:Error: Error /Engine/EditorLandscapeResources/DefaultAlphaTexture : No puede encontrar el archivo para el activo. /Game/Levels/image006
[2016.12.22-14.35.29:930][  0]LogLinker:Warning: No puede encontrar el archivo '/Game/Levels/image006'
[2016.12.22-14.35.29:930][  0]LogLinker:Warning: No puede encontrar el archivo para el activo '/Game/Levels/image006' mientras carga ../../../Engine/Content/EditorLandscapeResources/DefaultAlphaTexture.uasset.
[2016.12.22-14.35.29:930][  0]LoadErrors:Error: Error /Engine/EditorLandscapeResources/DefaultAlphaTexture : No puede encontrar el archivo para el activo. /Game/Levels/image006
[2016.12.22-14.35.29:931][  0]LogLinker:Warning: No puede encontrar el archivo '/Game/Levels/image006'
[2016.12.22-14.35.29:931][  0]LoadErrors: Información Error al cargar /Game/Levels/image006.image006 Referenciado por DefaultAlphaTexture
[2016.12.22-14.35.29:931][  0]LogLinker:Warning: No puede encontrar el archivo para el activo '/Game/Levels/image006' mientras carga NULL.
[2016.12.22-14.35.29:931][  0]LoadErrors: Información Error al cargar /Game/Levels/image006.image006 Referenciado por DefaultAlphaTexture
[2016.12.22-14.35.29:969][  0]SourceControl: Información El control de código fuente está desactivado
[2016.12.22-14.35.29:969][  0]Cmd: MAP LOAD FILE="L:/1609_DPIN4_DANI_A/Alumnos/Arsenal 4.14/Content/FirstPersonBP/Maps/FirstPersonExampleMap.umap" TEMPLATE=0 SHOWPROGRESS=1 FEATURELEVEL=3
[2016.12.22-14.35.29:981][  0]LightingResults: New page: Diseñar la iluminación
[2016.12.22-14.35.30:021][  0]MapCheck: New page: Revisión del mapa
[2016.12.22-14.35.30:021][  0]LightingResults: New page: Diseñar la iluminación
[2016.12.22-14.35.31:195][  0]LogBlueprint:Warning: [Compiler FirstPersonCharacter] Aviso  K2Node_CallFunction_7545  está obsoleto; Use Clear and Invalidate Timer by Handle. Note: you no longer need to reset your handle yourself after switching to the new function.
[2016.12.22-14.35.31:195][  0]LogBlueprint:Warning: [Compiler FirstPersonCharacter] Aviso  K2Node_CallFunction_11991  está obsoleto; Use Clear and Invalidate Timer by Handle. Note: you no longer need to reset your handle yourself after switching to the new function.
[2016.12.22-14.35.31:206][  0]LogBlueprint:Warning: [Compiler FirstPersonCharacter] Aviso [0016,57] Compile of FirstPersonCharacter successful, but with 2 Warning(s) [in 25 ms] (/Game/FirstPersonBP/Blueprints/FirstPersonCharacter.FirstPersonCharacter)
[2016.12.22-14.35.31:206][  0]LogBlueprint:Warning: [Compiler FirstPersonCharacter] Aviso [0016,57] Compile of FirstPersonCharacter successful, but with 3 Warning(s) [in 0 ms] (/Game/FirstPersonBP/Blueprints/FirstPersonCharacter.FirstPersonCharacter)
[2016.12.22-14.35.31:206][  0]LogBlueprint:Warning: [Compiler FirstPersonCharacter] Aviso [0016,57] Compile of FirstPersonCharacter successful, but with 4 Warning(s) [in 0 ms] (/Game/FirstPersonBP/Blueprints/FirstPersonCharacter.FirstPersonCharacter)
[2016.12.22-14.35.31:226][  0]LogBlueprint:Warning: [Compiler FirstPersonCharacter] Aviso  K2Node_CallFunction_7545  está obsoleto; Use Clear and Invalidate Timer by Handle. Note: you no longer need to reset your handle yourself after switching to the new function.
[2016.12.22-14.35.31:226][  0]LogBlueprint:Warning: [Compiler FirstPersonCharacter] Aviso  K2Node_CallFunction_11991  está obsoleto; Use Clear and Invalidate Timer by Handle. Note: you no longer need to reset your handle yourself after switching to the new function.
[2016.12.22-14.35.31:236][  0]LogBlueprint:Warning: [Compiler FirstPersonCharacter] Aviso [0016,60] Compile of FirstPersonCharacter successful, but with 2 Warning(s) [in 24 ms] (/Game/FirstPersonBP/Blueprints/FirstPersonCharacter.FirstPersonCharacter)
[2016.12.22-14.35.31:236][  0]LogBlueprint:Warning: [Compiler FirstPersonCharacter] Aviso [0016,60] Compile of FirstPersonCharacter successful, but with 3 Warning(s) [in 0 ms] (/Game/FirstPersonBP/Blueprints/FirstPersonCharacter.FirstPersonCharacter)
[2016.12.22-14.35.31:236][  0]LogBlueprint:Warning: [Compiler FirstPersonCharacter] Aviso [0016,60] Compile of FirstPersonCharacter successful, but with 4 Warning(s) [in 0 ms] (/Game/FirstPersonBP/Blueprints/FirstPersonCharacter.FirstPersonCharacter)
[2016.12.22-14.35.35:070][  0]LogAIModule: Creating AISystem for world FirstPersonExampleMap
[2016.12.22-14.35.35:149][  0]LogEditorServer: Finished looking for orphan Actors (0.000 secs)
[2016.12.22-14.35.35:150][  0]Cmd: MAP CHECKDEP NOCLEARLOG
[2016.12.22-14.35.35:201][  0]MapCheck: Información Map check complete: 0 Error(s), 0 Warning(s), took 51,074ms to complete.
[2016.12.22-14.35.35:201][  0]LogFileHelpers: Loading map 'FirstPersonExampleMap' took 5.230
[2016.12.22-14.35.35:584][  0]LogCollectionManager: Loaded 0 collections in 0.003748 seconds
[2016.12.22-14.35.35:669][  0]LogFileCache: Scanning file cache for directory 'L:/1609_DPIN4_DANI_A/Alumnos/Arsenal 4.14/Saved/Collections/' took 0.01s
[2016.12.22-14.35.35:669][  0]LogFileCache: Scanning file cache for directory 'L:/1609_DPIN4_DANI_A/Alumnos/Arsenal 4.14/Content/Developers/sergiocobos/Collections/' took 0.01s
[2016.12.22-14.35.35:669][  0]LogFileCache: Scanning file cache for directory 'L:/1609_DPIN4_DANI_A/Alumnos/Arsenal 4.14/Content/Collections/' took 0.01s
[2016.12.22-14.35.35:669][  0]LogCollectionManager: Rebuilt the GUID cache for 0 collections in 0.000002 seconds
[2016.12.22-14.35.35:678][  0]LogContentBrowser: Native class hierarchy populated in 0.0085 seconds. Added 2190 classes and 428 folders.
[2016.12.22-14.35.35:713][  0]LogStats: UGameplayTagsManager::ConstructGameplayTagTree: Construct from data asset -  0.000 s
[2016.12.22-14.35.35:713][  0]LogStats: UGameplayTagsManager::ConstructGameplayTagTree: GameplayTagTreeChangedEvent.Broadcast -  0.000 s
[2016.12.22-14.35.35:714][  0]LogContentBrowser: Native class hierarchy updated for 'GameplayTags' in 0.0005 seconds. Added 13 classes and 0 folders.
[2016.12.22-14.35.35:767][  0]LogContentBrowser: Native class hierarchy updated for 'WidgetCarousel' in 0.0005 seconds. Added 0 classes and 0 folders.
[2016.12.22-14.35.37:735][  0]LogContentBrowser: Native class hierarchy updated for 'AddContentDialog' in 0.0013 seconds. Added 0 classes and 0 folders.
[2016.12.22-14.35.37:793][  0]LogContentBrowser: Native class hierarchy updated for 'SceneOutliner' in 0.0006 seconds. Added 1 classes and 2 folders.
[2016.12.22-14.35.37:834][  0]LogCrashTracker: Crashtracker disabled due to settings.
[2016.12.22-14.35.37:839][  0]LogUObjectGlobals:Warning: Error al encontrar el objeto 'Class Ninguno.'
[2016.12.22-14.35.37:900][  0]LogContentBrowser: Native class hierarchy updated for 'HierarchicalLODOutliner' in 0.0006 seconds. Added 1 classes and 2 folders.
[2016.12.22-14.35.37:900][  0]LogLoad: (Engine Initialization) Total time: 23.26 seconds
[2016.12.22-14.35.37:900][  0]LogLoad: (Engine Initialization) Total Blueprint compile time: 0.29 seconds
[2016.12.22-14.35.37:900][  0]LogExternalProfiler: Found external profiler: VSPerf
[2016.12.22-14.35.37:900][  0]LogExternalProfiler: Using external profiler: VSPerf
[2016.12.22-14.35.37:908][  0]LogOcInput: OculusInput pre-init called
[2016.12.22-14.35.37:920][  0]LogDirectoryWatcher: A directory notification failed for 'L:/1609_DPIN4_DANI_A/Alumnos/Arsenal 4.14/Content/' because it was empty or there was a buffer overflow. Attemping another request...
[2016.12.22-14.35.37:920][  0]LogDirectoryWatcher: A directory notification failed for 'L:/1609_DPIN4_DANI_A/Alumnos/Arsenal 4.14/Content/', and we were unable to create a new request.
[2016.12.22-14.35.37:920][  0]LogDirectoryWatcher: A directory notification failed for 'L:/1609_DPIN4_DANI_A/Alumnos/Arsenal 4.14/Saved/Collections/' because it was empty or there was a buffer overflow. Attemping another request...
[2016.12.22-14.35.37:920][  0]LogDirectoryWatcher: A directory notification failed for 'L:/1609_DPIN4_DANI_A/Alumnos/Arsenal 4.14/Content/Developers/sergiocobos/Collections/' because it was empty or there was a buffer overflow. Attemping another request...
[2016.12.22-14.35.37:920][  0]LogDirectoryWatcher: A directory notification failed for 'L:/1609_DPIN4_DANI_A/Alumnos/Arsenal 4.14/Content/Collections/' because it was empty or there was a buffer overflow. Attemping another request...
[2016.12.22-14.35.37:923][  0]LogContentStreaming: Texture pool size now 400 MB
[2016.12.22-14.35.38:752][  0]LogRenderer: Reallocating scene render targets to support 1208x652 NumSamples 1 (Frame:2).
[2016.12.22-14.35.39:357][  1]LogDirectoryWatcher: A directory notification failed for 'L:/1609_DPIN4_DANI_A/Alumnos/Arsenal 4.14/Saved/Collections/' because it was empty or there was a buffer overflow. Attemping another request...
[2016.12.22-14.35.39:358][  1]LogDirectoryWatcher: A directory notification failed for 'L:/1609_DPIN4_DANI_A/Alumnos/Arsenal 4.14/Saved/Collections/', and we were unable to create a new request.
[2016.12.22-14.35.39:358][  1]LogDirectoryWatcher: A directory notification failed for 'L:/1609_DPIN4_DANI_A/Alumnos/Arsenal 4.14/Content/Developers/sergiocobos/Collections/' because it was empty or there was a buffer overflow. Attemping another request...
[2016.12.22-14.35.39:358][  1]LogDirectoryWatcher: A directory notification failed for 'L:/1609_DPIN4_DANI_A/Alumnos/Arsenal 4.14/Content/Developers/sergiocobos/Collections/', and we were unable to create a new request.
[2016.12.22-14.35.39:358][  1]LogDirectoryWatcher: A directory notification failed for 'L:/1609_DPIN4_DANI_A/Alumnos/Arsenal 4.14/Content/Collections/' because it was empty or there was a buffer overflow. Attemping another request...
[2016.12.22-14.35.39:359][  1]LogDirectoryWatcher: A directory notification failed for 'L:/1609_DPIN4_DANI_A/Alumnos/Arsenal 4.14/Content/Collections/', and we were unable to create a new request.
[2016.12.22-14.35.43:837][109]LogAssetRegistry: Asset discovery search completed in 21.8953 seconds
[2016.12.22-14.35.43:837][109]LogCollectionManager: Rebuilt the object cache for 0 collections in 0.000001 seconds (found 0 objects)
[2016.12.22-14.35.43:837][109]LogCollectionManager: Fixed up redirectors for 0 collections in 0.000012 seconds (updated 0 objects)
[2016.12.22-14.40.10:959][353]LogTemp: Repeting last play command: Selected Viewport
[2016.12.22-14.40.10:982][353]LogBlueprintUserMessages: Early PlayInEditor Detection: Level '/Game/FirstPersonBP/Maps/FirstPersonExampleMap.FirstPersonExampleMap:PersistentLevel' has LevelScriptBlueprint '/Game/FirstPersonBP/Maps/FirstPersonExampleMap.FirstPersonExampleMap:PersistentLevel.FirstPersonExampleMap' with GeneratedClass '/Game/FirstPersonBP/Maps/FirstPersonExampleMap.FirstPersonExampleMap_C' with ClassGeneratedBy '/Game/FirstPersonBP/Maps/FirstPersonExampleMap.FirstPersonExampleMap:PersistentLevel.FirstPersonExampleMap'
[2016.12.22-14.40.11:010][353]LogPlayLevel: PlayLevel: No blueprints needed recompiling
[2016.12.22-14.40.11:037][353]PIE: New page: Sesión PIE (reproducción en el editor): FirstPersonExampleMap (22/12/2016 16:40:11)
[2016.12.22-14.40.11:037][353]LogPlayLevel: Creating play world package: /Game/FirstPersonBP/Maps/UEDPIE_0_FirstPersonExampleMap
[2016.12.22-14.40.11:084][353]LogPlayLevel: PIE: StaticDuplicateObject took: (0.046945s)
[2016.12.22-14.40.11:085][353]LogAIModule: Creating AISystem for world FirstPersonExampleMap
[2016.12.22-14.40.11:098][353]LogPlayLevel: PIE: World Init took: (0.015024s)
[2016.12.22-14.40.11:116][353]LogPlayLevel: PIE: Created PIE world by copying editor world from /Game/FirstPersonBP/Maps/FirstPersonExampleMap.FirstPersonExampleMap to /Game/FirstPersonBP/Maps/UEDPIE_0_FirstPersonExampleMap.FirstPersonExampleMap (0.078810s)
[2016.12.22-14.40.11:164][353]LogInit: XAudio2 using 'Speakers (Realtek High Definition Audio)' : 2 channels at 48 kHz using 32 bits per sample (channel mask 0x3)
[2016.12.22-14.40.11:171][353]LogInit: FAudioDevice initialized.
[2016.12.22-14.40.11:378][353]LogLoad: Game class is 'FirstPersonGameMode_C'
[2016.12.22-14.40.11:526][353]LogWorld: Bringing World /Game/FirstPersonBP/Maps/UEDPIE_0_FirstPersonExampleMap.FirstPersonExampleMap up for play (max tick rate 0) at 2016.12.22-15.40.11
[2016.12.22-14.40.11:530][353]LogWorld: Bringing up level for play took: 0.127890
[2016.12.22-14.40.11:726][353]LogContentBrowser: Native class hierarchy updated for 'MovieSceneCapture' in 0.0014 seconds. Added 11 classes and 0 folders.
[2016.12.22-14.40.11:726][353]LogGameMode:Display: Match State Changed from EnteringMap to WaitingToStart
[2016.12.22-14.40.11:727][353]LogGameState: Match State Changed from EnteringMap to WaitingToStart
[2016.12.22-14.40.11:727][353]LogGameMode:Display: Match State Changed from WaitingToStart to InProgress
[2016.12.22-14.40.11:786][353]LogPawn:Error: EnableInput can only be specified on a Pawn for its Controller
[2016.12.22-14.40.11:786][353]LogPawn:Error: EnableInput can only be specified on a Pawn for its Controller
[2016.12.22-14.40.11:786][353]LogPawn:Error: EnableInput can only be specified on a Pawn for its Controller
[2016.12.22-14.40.11:786][353]LogGameState: Match State Changed from WaitingToStart to InProgress
[2016.12.22-14.40.11:793][353]PIE: Información Tiempo de inicio de la reproducción en el editor para  /Game/FirstPersonBP/Maps/UEDPIE_0_FirstPersonExampleMap -0,165
[2016.12.22-14.40.11:794][353]LogBlueprintUserMessages: Late PlayInEditor Detection: Level '/Game/FirstPersonBP/Maps/FirstPersonExampleMap.FirstPersonExampleMap:PersistentLevel' has LevelScriptBlueprint '/Game/FirstPersonBP/Maps/FirstPersonExampleMap.FirstPersonExampleMap:PersistentLevel.FirstPersonExampleMap' with GeneratedClass '/Game/FirstPersonBP/Maps/FirstPersonExampleMap.FirstPersonExampleMap_C' with ClassGeneratedBy '/Game/FirstPersonBP/Maps/FirstPersonExampleMap.FirstPersonExampleMap:PersistentLevel.FirstPersonExampleMap'
[2016.12.22-14.40.15:595][524]LogBlueprintUserMessages: [FirstPersonCharacter_C_1] Rocket Launcher
[2016.12.22-14.40.18:104][646]LogSpawn:Warning: SpawnActor failed because of collision at the spawn location [X=-205.078 Y=-0.803 Z=147.669] for [Rocket_C]
[2016.12.22-14.40.20:645][769]LogSpawn:Warning: SpawnActor failed because of collision at the spawn location [X=-219.175 Y=-72.046 Z=151.896] for [Rocket_C]
[2016.12.22-14.40.23:046][885]LogBlueprintUserMessages: Early EndPlayMap Detection: Level '/Game/FirstPersonBP/Maps/FirstPersonExampleMap.FirstPersonExampleMap:PersistentLevel' has LevelScriptBlueprint '/Game/FirstPersonBP/Maps/FirstPersonExampleMap.FirstPersonExampleMap:PersistentLevel.FirstPersonExampleMap' with GeneratedClass '/Game/FirstPersonBP/Maps/FirstPersonExampleMap.FirstPersonExampleMap_C' with ClassGeneratedBy '/Game/FirstPersonBP/Maps/FirstPersonExampleMap.FirstPersonExampleMap:PersistentLevel.FirstPersonExampleMap'
[2016.12.22-14.40.23:136][885]LogBlueprintUserMessages: Late EndPlayMap Detection: Level '/Game/FirstPersonBP/Maps/FirstPersonExampleMap.FirstPersonExampleMap:PersistentLevel' has LevelScriptBlueprint '/Game/FirstPersonBP/Maps/FirstPersonExampleMap.FirstPersonExampleMap:PersistentLevel.FirstPersonExampleMap' with GeneratedClass '/Game/FirstPersonBP/Maps/FirstPersonExampleMap.FirstPersonExampleMap_C' with ClassGeneratedBy '/Game/FirstPersonBP/Maps/FirstPersonExampleMap.FirstPersonExampleMap:PersistentLevel.FirstPersonExampleMap'
[2016.12.22-14.40.24:888][943]LogTemp: Repeting last play command: Selected Viewport
[2016.12.22-14.40.24:908][943]LogBlueprintUserMessages: Early PlayInEditor Detection: Level '/Game/FirstPersonBP/Maps/FirstPersonExampleMap.FirstPersonExampleMap:PersistentLevel' has LevelScriptBlueprint '/Game/FirstPersonBP/Maps/FirstPersonExampleMap.FirstPersonExampleMap:PersistentLevel.FirstPersonExampleMap' with GeneratedClass '/Game/FirstPersonBP/Maps/FirstPersonExampleMap.FirstPersonExampleMap_C' with ClassGeneratedBy '/Game/FirstPersonBP/Maps/FirstPersonExampleMap.FirstPersonExampleMap:PersistentLevel.FirstPersonExampleMap'
[2016.12.22-14.40.24:908][943]LogPlayLevel: PlayLevel: No blueprints needed recompiling
[2016.12.22-14.40.24:908][943]PIE: New page: Sesión PIE (reproducción en el editor): FirstPersonExampleMap (22/12/2016 16:40:24)
[2016.12.22-14.40.24:908][943]LogPlayLevel: Creating play world package: /Game/FirstPersonBP/Maps/UEDPIE_0_FirstPersonExampleMap
[2016.12.22-14.40.24:927][943]LogPlayLevel: PIE: StaticDuplicateObject took: (0.019207s)
[2016.12.22-14.40.24:928][943]LogAIModule: Creating AISystem for world FirstPersonExampleMap
[2016.12.22-14.40.24:928][943]LogPlayLevel: PIE: World Init took: (0.000862s)
[2016.12.22-14.40.24:928][943]LogPlayLevel: PIE: Created PIE world by copying editor world from /Game/FirstPersonBP/Maps/FirstPersonExampleMap.FirstPersonExampleMap to /Game/FirstPersonBP/Maps/UEDPIE_0_FirstPersonExampleMap.FirstPersonExampleMap (0.020394s)
[2016.12.22-14.40.24:942][943]LogInit: XAudio2 using 'Speakers (Realtek High Definition Audio)' : 2 channels at 48 kHz using 32 bits per sample (channel mask 0x3)
[2016.12.22-14.40.24:947][943]LogInit: FAudioDevice initialized.
[2016.12.22-14.40.24:986][943]LogLoad: Game class is 'FirstPersonGameMode_C'
[2016.12.22-14.40.24:989][943]LogWorld: Bringing World /Game/FirstPersonBP/Maps/UEDPIE_0_FirstPersonExampleMap.FirstPersonExampleMap up for play (max tick rate 0) at 2016.12.22-15.40.24
[2016.12.22-14.40.24:989][943]LogWorld: Bringing up level for play took: 0.002283
[2016.12.22-14.40.24:990][943]LogGameMode:Display: Match State Changed from EnteringMap to WaitingToStart
[2016.12.22-14.40.24:990][943]LogGameState: Match State Changed from EnteringMap to WaitingToStart
[2016.12.22-14.40.24:990][943]LogGameMode:Display: Match State Changed from WaitingToStart to InProgress
[2016.12.22-14.40.24:994][943]LogPawn:Error: EnableInput can only be specified on a Pawn for its Controller
[2016.12.22-14.40.24:994][943]LogPawn:Error: EnableInput can only be specified on a Pawn for its Controller
[2016.12.22-14.40.24:994][943]LogPawn:Error: EnableInput can only be specified on a Pawn for its Controller
[2016.12.22-14.40.24:994][943]LogGameState: Match State Changed from WaitingToStart to InProgress
[2016.12.22-14.40.24:994][943]PIE: Información Tiempo de inicio de la reproducción en el editor para  /Game/FirstPersonBP/Maps/UEDPIE_0_FirstPersonExampleMap 1,036
[2016.12.22-14.40.24:995][943]LogBlueprintUserMessages: Late PlayInEditor Detection: Level '/Game/FirstPersonBP/Maps/FirstPersonExampleMap.FirstPersonExampleMap:PersistentLevel' has LevelScriptBlueprint '/Game/FirstPersonBP/Maps/FirstPersonExampleMap.FirstPersonExampleMap:PersistentLevel.FirstPersonExampleMap' with GeneratedClass '/Game/FirstPersonBP/Maps/FirstPersonExampleMap.FirstPersonExampleMap_C' with ClassGeneratedBy '/Game/FirstPersonBP/Maps/FirstPersonExampleMap.FirstPersonExampleMap:PersistentLevel.FirstPersonExampleMap'
[2016.12.22-14.40.26:747][ 22]LogBlueprintUserMessages: Early EndPlayMap Detection: Level '/Game/FirstPersonBP/Maps/FirstPersonExampleMap.FirstPersonExampleMap:PersistentLevel' has LevelScriptBlueprint '/Game/FirstPersonBP/Maps/FirstPersonExampleMap.FirstPersonExampleMap:PersistentLevel.FirstPersonExampleMap' with GeneratedClass '/Game/FirstPersonBP/Maps/FirstPersonExampleMap.FirstPersonExampleMap_C' with ClassGeneratedBy '/Game/FirstPersonBP/Maps/FirstPersonExampleMap.FirstPersonExampleMap:PersistentLevel.FirstPersonExampleMap'
[2016.12.22-14.40.26:795][ 22]LogBlueprintUserMessages: Late EndPlayMap Detection: Level '/Game/FirstPersonBP/Maps/FirstPersonExampleMap.FirstPersonExampleMap:PersistentLevel' has LevelScriptBlueprint '/Game/FirstPersonBP/Maps/FirstPersonExampleMap.FirstPersonExampleMap:PersistentLevel.FirstPersonExampleMap' with GeneratedClass '/Game/FirstPersonBP/Maps/FirstPersonExampleMap.FirstPersonExampleMap_C' with ClassGeneratedBy '/Game/FirstPersonBP/Maps/FirstPersonExampleMap.FirstPersonExampleMap:PersistentLevel.FirstPersonExampleMap'
[2016.12.22-15.48.52:510][760]Cmd: QUIT_EDITOR
[2016.12.22-15.48.53:013][760]LogWindowsTextInputMethodSystem:Display: IME system now deactivated.
[2016.12.22-15.48.53:046][760]LogExit: Preparing to exit.
[2016.12.22-15.48.54:196][760]LogExit: Editor shut down
[2016.12.22-15.48.54:197][760]LogExit: Transaction tracking system shut down
[2016.12.22-15.48.54:312][760]LogObj: Freed 0b from 0 cluster array pools.
[2016.12.22-15.48.54:312][760]LogExit: Object subsystem successfully closed.
[2016.12.22-15.48.54:343][760]LogD3D11RHI: Shutdown
[2016.12.22-15.48.54:343][760]LogD3D11RHI: CleanupD3DDevice
[2016.12.22-15.48.54:397][760]LogD3D11RHI: ~FD3D11DynamicRHI
[2016.12.22-15.48.54:415][760]LogHttp:Display: Http module shutting down, but needs to wait on 1 outstanding Http requests:
[2016.12.22-15.48.54:415][760]LogHttp:Display: 	verb=[POST] url=[https://datarouter.ol.epicgames.com/datarouter/api/v1/public/data?SessionID=%7B02FE3460-41E6-6C71-AE12-07A01D07B6F7%7D&AppID=UEEditor.Rocket.Release&AppVersion=4.14.0-3195953%2B%2B%2BUE4%2BRelease-4.14&UserID=8e44ef3e42d00ea51180699e6a611065%7Cc3b9fc5a138b442587bf3acc24b3f2a8%7C29a4e678-d36e-44f7-8d20-87669ba022d6&AppEnvironment=datacollector-binary&UploadType=eteventstream] status=Processing
[2016.12.22-15.48.54:422][760]LogModuleManager: Shutting down and abandoning module MovieSceneCapture (242)
[2016.12.22-15.48.54:422][760]LogModuleManager: Shutting down and abandoning module HierarchicalLODOutliner (241)
[2016.12.22-15.48.54:422][760]LogModuleManager: Shutting down and abandoning module CrashTracker (240)
[2016.12.22-15.48.54:422][760]LogModuleManager: Shutting down and abandoning module SceneOutliner (239)
[2016.12.22-15.48.54:422][760]LogModuleManager: Shutting down and abandoning module WidgetCarousel (238)
[2016.12.22-15.48.54:422][760]LogModuleManager: Shutting down and abandoning module AddContentDialog (237)
[2016.12.22-15.48.54:439][760]LogDirectoryWatcher: A directory notification for 'C:/Program Files (x86)/Epic Games/4.14/FeaturePacks/' was aborted.
[2016.12.22-15.48.54:445][760]LogModuleManager: Shutting down and abandoning module GameplayTags (236)
[2016.12.22-15.48.54:445][760]LogModuleManager: Shutting down and abandoning module EditorWidgets (235)
[2016.12.22-15.48.54:445][760]LogModuleManager: Shutting down and abandoning module CollectionManager (234)
[2016.12.22-15.48.54:446][760]LogModuleManager: Shutting down and abandoning module StatsViewer (233)
[2016.12.22-15.48.54:446][760]LogModuleManager: Shutting down and abandoning module FoliageEdit (232)
[2016.12.22-15.48.54:446][760]LogModuleManager: Shutting down and abandoning module LandscapeEditor (231)
[2016.12.22-15.48.54:446][760]LogModuleManager: Shutting down and abandoning module SceneDepthPickerMode (230)
[2016.12.22-15.48.54:446][760]LogModuleManager: Shutting down and abandoning module ActorPickerMode (229)
[2016.12.22-15.48.54:446][760]LogModuleManager: Shutting down and abandoning module GeometryMode (228)
[2016.12.22-15.48.54:446][760]LogModuleManager: Shutting down and abandoning module TextureAlignMode (227)
[2016.12.22-15.48.54:446][760]LogModuleManager: Shutting down and abandoning module BspMode (226)
[2016.12.22-15.48.54:446][760]LogModuleManager: Shutting down and abandoning module HardwareSurvey (225)
[2016.12.22-15.48.54:446][760]LogModuleManager: Shutting down and abandoning module SequenceRecorderSections (224)
[2016.12.22-15.48.54:446][760]LogModuleManager: Shutting down and abandoning module AutomationWorker (223)
[2016.12.22-15.48.54:446][760]LogModuleManager: Shutting down and abandoning module MatineeToLevelSequence (222)
[2016.12.22-15.48.54:446][760]LogModuleManager: Shutting down and abandoning module PlacementMode (221)
[2016.12.22-15.48.54:446][760]LogModuleManager: Shutting down and abandoning module LevelSequenceEditor (220)
[2016.12.22-15.48.54:446][760]LogModuleManager: Shutting down and abandoning module WmfMediaFactory (219)
[2016.12.22-15.48.54:446][760]LogModuleManager: Shutting down and abandoning module WmfMediaEditor (218)
[2016.12.22-15.48.54:446][760]LogModuleManager: Shutting down and abandoning module AvfMediaFactory (217)
[2016.12.22-15.48.54:446][760]LogModuleManager: Shutting down and abandoning module AvfMediaEditor (216)
[2016.12.22-15.48.54:446][760]LogModuleManager: Shutting down and abandoning module Media (215)
[2016.12.22-15.48.54:446][760]LogModuleManager: Shutting down and abandoning module AndroidMediaFactory (214)
[2016.12.22-15.48.54:446][760]LogModuleManager: Shutting down and abandoning module AndroidMediaEditor (213)
[2016.12.22-15.48.54:446][760]LogModuleManager: Shutting down and abandoning module CharacterAI (212)
[2016.12.22-15.48.54:446][760]LogModuleManager: Shutting down and abandoning module SequenceRecorder (211)
[2016.12.22-15.48.54:446][760]LogModuleManager: Shutting down and abandoning module AudioCapture (210)
[2016.12.22-15.48.54:446][760]LogModuleManager: Shutting down and abandoning module SmartSnapping (209)
[2016.12.22-15.48.54:446][760]LogModuleManager: Shutting down and abandoning module SessionServices (208)
[2016.12.22-15.48.54:446][760]LogModuleManager: Shutting down and abandoning module ViewportSnapping (207)
[2016.12.22-15.48.54:446][760]LogModuleManager: Shutting down and abandoning module ViewportInteraction (206)
[2016.12.22-15.48.54:446][760]LogModuleManager: Shutting down and abandoning module LogVisualizer (205)
[2016.12.22-15.48.54:446][760]LogModuleManager: Shutting down and abandoning module GameProjectGeneration (204)
[2016.12.22-15.48.54:446][760]LogModuleManager: Shutting down and abandoning module IntroTutorials (203)
[2016.12.22-15.48.54:446][760]LogModuleManager: Shutting down and abandoning module EditorLiveStreaming (202)
[2016.12.22-15.48.54:446][760]LogModuleManager: Shutting down and abandoning module IOSPlatformEditor (201)
[2016.12.22-15.48.54:446][760]LogModuleManager: Shutting down and abandoning module HTML5PlatformEditor (200)
[2016.12.22-15.48.54:446][760]LogModuleManager: Shutting down and abandoning module AndroidDeviceDetection (199)
[2016.12.22-15.48.55:422][760]LogModuleManager: Shutting down and abandoning module AndroidPlatformEditor (198)
[2016.12.22-15.48.55:422][760]LogModuleManager: Shutting down and abandoning module IOSRuntimeSettings (197)
[2016.12.22-15.48.55:422][760]LogModuleManager: Shutting down and abandoning module AndroidRuntimeSettings (196)
[2016.12.22-15.48.55:422][760]LogModuleManager: Shutting down and abandoning module InputBindingEditor (195)
[2016.12.22-15.48.55:422][760]LogModuleManager: Shutting down and abandoning module NiagaraEditor (194)
[2016.12.22-15.48.55:422][760]LogModuleManager: Shutting down and abandoning module MergeActors (193)
[2016.12.22-15.48.55:422][760]LogModuleManager: Shutting down and abandoning module SizeMap (192)
[2016.12.22-15.48.55:422][760]LogModuleManager: Shutting down and abandoning module TreeMap (191)
[2016.12.22-15.48.55:422][760]LogModuleManager: Shutting down and abandoning module ReferenceViewer (190)
[2016.12.22-15.48.55:422][760]LogModuleManager: Shutting down and abandoning module LocalizationService (189)
[2016.12.22-15.48.55:422][760]LogModuleManager: Shutting down and abandoning module LocalizationDashboard (188)
[2016.12.22-15.48.55:422][760]LogModuleManager: Shutting down and abandoning module HardwareTargeting (187)
[2016.12.22-15.48.55:422][760]LogModuleManager: Shutting down and abandoning module DeviceProfileEditor (186)
[2016.12.22-15.48.55:422][760]LogModuleManager: Shutting down and abandoning module UndoHistory (185)
[2016.12.22-15.48.55:422][760]LogModuleManager: Shutting down and abandoning module UserFeedback (184)
[2016.12.22-15.48.55:422][760]LogModuleManager: Shutting down and abandoning module XmlParser (183)
[2016.12.22-15.48.55:422][760]LogModuleManager: Shutting down and abandoning module Blutility (182)
[2016.12.22-15.48.55:422][760]LogModuleManager: Shutting down and abandoning module ProjectTargetPlatformEditor (181)
[2016.12.22-15.48.55:423][760]LogModuleManager: Shutting down and abandoning module ProjectSettingsViewer (180)
[2016.12.22-15.48.55:423][760]LogModuleManager: Shutting down and abandoning module EditorSettingsViewer (179)
[2016.12.22-15.48.55:423][760]LogModuleManager: Shutting down and abandoning module SettingsEditor (178)
[2016.12.22-15.48.55:423][760]LogModuleManager: Shutting down and abandoning module ProjectLauncher (177)
[2016.12.22-15.48.55:423][760]LogModuleManager: Shutting down and abandoning module SessionFrontend (176)
[2016.12.22-15.48.55:423][760]LogModuleManager: Shutting down and abandoning module ProfilerClient (175)
[2016.12.22-15.48.55:423][760]LogModuleManager: Shutting down and abandoning module TargetDeviceServices (174)
[2016.12.22-15.48.55:423][760]LogModuleManager: Shutting down and abandoning module DeviceManager (173)
[2016.12.22-15.48.55:467][760]LogModuleManager: Shutting down and abandoning module AutomationController (172)
[2016.12.22-15.48.55:467][760]LogModuleManager: Shutting down and abandoning module AutomationWindow (171)
[2016.12.22-15.48.55:467][760]LogModuleManager: Shutting down and abandoning module Layers (170)
[2016.12.22-15.48.55:467][760]LogModuleManager: Shutting down and abandoning module ComponentVisualizers (169)
[2016.12.22-15.48.55:467][760]LogModuleManager: Shutting down and abandoning module DetailCustomizations (168)
[2016.12.22-15.48.55:467][760]LogModuleManager: Shutting down and abandoning module PackagesDialog (167)
[2016.12.22-15.48.55:467][760]LogModuleManager: Shutting down and abandoning module AnimGraph (166)
[2016.12.22-15.48.55:467][760]LogModuleManager: Shutting down and abandoning module Persona (165)
[2016.12.22-15.48.55:467][760]LogModuleManager: Shutting down and abandoning module Kismet (164)
[2016.12.22-15.48.55:468][760]LogModuleManager: Shutting down and abandoning module GraphEditor (163)
[2016.12.22-15.48.55:468][760]LogModuleManager: Shutting down and abandoning module ClassViewer (162)
[2016.12.22-15.48.55:468][760]LogModuleManager: Shutting down and abandoning module Toolbox (161)
[2016.12.22-15.48.55:468][760]LogModuleManager: Shutting down and abandoning module ModuleUI (160)
[2016.12.22-15.48.55:468][760]LogModuleManager: Shutting down and abandoning module MovieSceneTools (159)
[2016.12.22-15.48.55:468][760]LogModuleManager: Shutting down and abandoning module OutputLog (158)
[2016.12.22-15.48.55:468][760]LogModuleManager: Shutting down and abandoning module GammaUI (157)
[2016.12.22-15.48.55:468][760]LogModuleManager: Shutting down and abandoning module Documentation (156)
[2016.12.22-15.48.55:468][760]LogModuleManager: Shutting down and abandoning module Niagara (155)
[2016.12.22-15.48.55:468][760]LogModuleManager: Shutting down and abandoning module StreamingPauseRendering (154)
[2016.12.22-15.48.55:468][760]LogModuleManager: Shutting down and abandoning module AnalyticsET (153)
[2016.12.22-15.48.55:468][760]LogModuleManager: Shutting down and abandoning module PortalServices (152)
[2016.12.22-15.48.55:468][760]LogModuleManager: Shutting down and abandoning module PortalRpc (151)
[2016.12.22-15.48.55:468][760]LogModuleManager: Shutting down and abandoning module MessagingRpc (150)
[2016.12.22-15.48.55:468][760]LogModuleManager: Shutting down and abandoning module GameplayDebugger (149)
[2016.12.22-15.48.55:468][760]LogModuleManager: Shutting down and abandoning module AITestSuite (148)
[2016.12.22-15.48.55:468][760]LogModuleManager: Shutting down and abandoning module AIModule (147)
[2016.12.22-15.48.55:468][760]LogModuleManager: Shutting down and abandoning module ProfilerService (146)
[2016.12.22-15.48.55:500][760]LogModuleManager: Shutting down and abandoning module TaskGraph (145)
[2016.12.22-15.48.55:500][760]LogModuleManager: Shutting down and abandoning module SlateRemote (144)
[2016.12.22-15.48.55:500][760]LogModuleManager: Shutting down and abandoning module SteamVRController (143)
[2016.12.22-15.48.55:500][760]LogModuleManager: Shutting down and abandoning module SteamVR (142)
[2016.12.22-15.48.55:500][760]LogModuleManager: Shutting down and abandoning module ProceduralMeshComponentEditor (141)
[2016.12.22-15.48.55:500][760]LogModuleManager: Shutting down and abandoning module ProceduralMeshComponent (140)
[2016.12.22-15.48.55:500][760]LogModuleManager: Shutting down and abandoning module OculusLibrary (139)
[2016.12.22-15.48.55:500][760]LogModuleManager: Shutting down and abandoning module OculusInput (138)
[2016.12.22-15.48.55:500][760]LogModuleManager: Shutting down and abandoning module MobilePatchingUtils (137)
[2016.12.22-15.48.55:500][760]LogModuleManager: Shutting down and abandoning module CustomMeshComponent (136)
[2016.12.22-15.48.55:500][760]LogModuleManager: Shutting down and abandoning module CableComponent (135)
[2016.12.22-15.48.55:500][760]LogModuleManager: Shutting down and abandoning module ArchVisCharacter (134)
[2016.12.22-15.48.55:500][760]LogModuleManager: Shutting down and abandoning module MediaPlayerEditor (132)
[2016.12.22-15.48.55:500][760]LogModuleManager: Shutting down and abandoning module HTML5Networking (131)
[2016.12.22-15.48.55:500][760]LogModuleManager: Shutting down and abandoning module GeometryCacheEd (130)
[2016.12.22-15.48.55:500][760]LogModuleManager: Shutting down and abandoning module GeometryCache (129)
[2016.12.22-15.48.55:500][760]LogModuleManager: Shutting down and abandoning module AlembicLibrary (128)
[2016.12.22-15.48.55:500][760]LogModuleManager: Shutting down and abandoning module AlembicImporter (127)
[2016.12.22-15.48.55:500][760]LogModuleManager: Shutting down and abandoning module SuperSearch (126)
[2016.12.22-15.48.55:500][760]LogModuleManager: Shutting down and abandoning module SuperSearchEditor (125)
[2016.12.22-15.48.55:500][760]LogModuleManager: Shutting down and abandoning module SpeedTreeImporter (124)
[2016.12.22-15.48.55:500][760]LogModuleManager: Shutting down and abandoning module PluginBrowser (123)
[2016.12.22-15.48.55:500][760]LogModuleManager: Shutting down and abandoning module MobileLauncherProfileWizard (122)
[2016.12.22-15.48.55:501][760]LogModuleManager: Shutting down and abandoning module EpicSurvey (121)
[2016.12.22-15.48.55:527][760]LogModuleManager: Shutting down and abandoning module DesktopPlatform (120)
[2016.12.22-15.48.55:527][760]LogModuleManager: Shutting down and abandoning module VisualStudioSourceCodeAccess (119)
[2016.12.22-15.48.55:527][760]LogModuleManager: Shutting down and abandoning module UObjectPlugin (118)
[2016.12.22-15.48.55:527][760]LogModuleManager: Shutting down and abandoning module SubversionSourceControl (117)
[2016.12.22-15.48.55:527][760]LogModuleManager: Shutting down and abandoning module PerforceSourceControl (116)
[2016.12.22-15.48.55:527][760]LogModuleManager: Shutting down and abandoning module SourceControl (115)
[2016.12.22-15.48.55:527][760]LogModuleManager: Shutting down and abandoning module GitSourceControl (114)
[2016.12.22-15.48.55:527][760]LogModuleManager: Shutting down and abandoning module LightPropagationVolumeEditor (113)
[2016.12.22-15.48.55:527][760]LogModuleManager: Shutting down and abandoning module PaperTiledImporter (112)
[2016.12.22-15.48.55:527][760]LogModuleManager: Shutting down and abandoning module PaperSpriteSheetImporter (111)
[2016.12.22-15.48.55:528][760]LogModuleManager: Shutting down and abandoning module MeshPaint (110)
[2016.12.22-15.48.55:528][760]LogModuleManager: Shutting down and abandoning module PixelInspectorModule (109)
[2016.12.22-15.48.55:528][760]LogModuleManager: Shutting down and abandoning module HotReload (108)
[2016.12.22-15.48.55:528][760]LogModuleManager: Shutting down and abandoning module MainFrame (107)
[2016.12.22-15.48.55:528][760]LogModuleManager: Shutting down and abandoning module LevelEditor (106)
[2016.12.22-15.48.55:530][760]LogModuleManager: Shutting down and abandoning module ContentBrowser (105)
[2016.12.22-15.48.55:531][760]LogModuleManager: Shutting down and abandoning module Paper2DEditor (104)
[2016.12.22-15.48.55:531][760]LogModuleManager: Shutting down and abandoning module UdpMessaging (103)
[2016.12.22-15.48.55:632][760]LogModuleManager: Shutting down and abandoning module TcpMessaging (102)
[2016.12.22-15.48.55:733][760]LogModuleManager: Shutting down and abandoning module LightPropagationVolumeRuntime (101)
[2016.12.22-15.48.55:733][760]LogModuleManager: Shutting down and abandoning module Paper2D (100)
[2016.12.22-15.48.55:733][760]LogModuleManager: Shutting down and abandoning module WindowsMoviePlayer (99)
[2016.12.22-15.48.55:733][760]LogModuleManager: Shutting down and abandoning module WmfMedia (98)
[2016.12.22-15.48.55:733][760]LogModuleManager: Shutting down and abandoning module MediaAssets (97)
[2016.12.22-15.48.55:733][760]LogModuleManager: Shutting down and abandoning module GameLiveStreaming (96)
[2016.12.22-15.48.55:733][760]LogModuleManager: Shutting down and abandoning module GameplayTagsEditor (95)
[2016.12.22-15.48.55:733][760]LogModuleManager: Shutting down and abandoning module VREditor (94)
[2016.12.22-15.48.55:733][760]LogModuleManager: Shutting down and abandoning module GameplayTasksEditor (93)
[2016.12.22-15.48.55:733][760]LogModuleManager: Shutting down and abandoning module BehaviorTreeEditor (92)
[2016.12.22-15.48.55:733][760]LogModuleManager: Shutting down and abandoning module FunctionalTesting (91)
[2016.12.22-15.48.55:733][760]LogModuleManager: Shutting down and abandoning module CollisionAnalyzer (90)
[2016.12.22-15.48.55:733][760]LogModuleManager: Shutting down and abandoning module Sequencer (89)
[2016.12.22-15.48.55:733][760]LogModuleManager: Shutting down and abandoning module WorkspaceMenuStructure (88)
[2016.12.22-15.48.55:733][760]LogModuleManager: Shutting down and abandoning module MessageLog (87)
[2016.12.22-15.48.55:733][760]LogModuleManager: Shutting down and abandoning module AssetTools (86)
[2016.12.22-15.48.55:733][760]LogModuleManager: Shutting down and abandoning module UMGEditor (85)
[2016.12.22-15.48.55:733][760]LogModuleManager: Shutting down and abandoning module UMG (84)
[2016.12.22-15.48.55:733][760]LogModuleManager: Shutting down and abandoning module SlateReflector (83)
[2016.12.22-15.48.55:733][760]LogModuleManager: Shutting down and abandoning module Slate (82)
[2016.12.22-15.48.55:733][760]LogModuleManager: Shutting down and abandoning module EditorStyle (81)
[2016.12.22-15.48.55:736][760]LogModuleManager: Shutting down and abandoning module SourceCodeAccess (80)
[2016.12.22-15.48.55:736][760]LogModuleManager: Shutting down and abandoning module HeadMountedDisplay (79)
[2016.12.22-15.48.55:736][760]LogModuleManager: Shutting down and abandoning module XAudio2 (78)
[2016.12.22-15.48.55:736][760]LogModuleManager: Shutting down and abandoning module Networking (76)
[2016.12.22-15.48.55:736][760]LogModuleManager: Shutting down and abandoning module Core (75)
[2016.12.22-15.48.55:736][760]LogModuleManager: Shutting down and abandoning module DirectoryWatcher (74)
[2016.12.22-15.48.55:736][760]LogDirectoryWatcher: A directory notification for '../../../Engine/Content/' was aborted.
[2016.12.22-15.48.55:737][760]LogDirectoryWatcher: A directory notification for '../../../Engine/Plugins/2D/Paper2D/Content/' was aborted.
[2016.12.22-15.48.55:738][760]LogModuleManager: Shutting down and abandoning module AssetRegistry (73)
[2016.12.22-15.48.56:778][760]LogModuleManager: Shutting down and abandoning module KismetCompiler (72)
[2016.12.22-15.48.56:778][760]LogModuleManager: Shutting down and abandoning module PhysXFormats (71)
[2016.12.22-15.48.56:778][760]LogModuleManager: Shutting down and abandoning module SimplygonSwarm (70)
[2016.12.22-15.48.56:778][760]LogModuleManager: Shutting down and abandoning module SimplygonMeshReduction (69)
[2016.12.22-15.48.56:778][760]LogModuleManager: Shutting down and abandoning module QuadricMeshReduction (68)
[2016.12.22-15.48.56:778][760]LogModuleManager: Shutting down and abandoning module PropertyEditor (67)
[2016.12.22-15.48.56:778][760]LogModuleManager: Shutting down and abandoning module MeshUtilities (66)
[2016.12.22-15.48.56:778][760]LogModuleManager: Shutting down and abandoning module DerivedDataCache (65)
[2016.12.22-15.48.56:819][760]LogDerivedDataCache: Shutdown
[2016.12.22-15.48.56:819][760]LogModuleManager: Shutting down and abandoning module VulkanShaderFormat (64)
[2016.12.22-15.48.56:819][760]LogModuleManager: Shutting down and abandoning module ShaderFormatOpenGL (63)
[2016.12.22-15.48.56:819][760]LogModuleManager: Shutting down and abandoning module ShaderFormatD3D (62)
[2016.12.22-15.48.56:819][760]LogModuleManager: Shutting down and abandoning module MetalShaderFormat (61)
[2016.12.22-15.48.56:820][760]LogModuleManager: Shutting down and abandoning module TextureFormatUncompressed (60)
[2016.12.22-15.48.56:820][760]LogModuleManager: Shutting down and abandoning module TextureFormatPVR (59)
[2016.12.22-15.48.56:820][760]LogModuleManager: Shutting down and abandoning module TextureFormatDXT (58)
[2016.12.22-15.48.56:820][760]LogModuleManager: Shutting down and abandoning module TextureFormatIntelISPCTexComp (57)
[2016.12.22-15.48.56:820][760]LogModuleManager: Shutting down and abandoning module ImageWrapper (56)
[2016.12.22-15.48.56:820][760]LogModuleManager: Shutting down and abandoning module TextureFormatASTC (55)
[2016.12.22-15.48.56:820][760]LogModuleManager: Shutting down and abandoning module TextureFormatAndroid (54)
[2016.12.22-15.48.56:820][760]LogModuleManager: Shutting down and abandoning module AudioFormatOpus (53)
[2016.12.22-15.48.56:820][760]LogModuleManager: Shutting down and abandoning module AudioFormatOgg (52)
[2016.12.22-15.48.56:820][760]LogModuleManager: Shutting down and abandoning module AudioFormatADPCM (51)
[2016.12.22-15.48.56:820][760]LogModuleManager: Shutting down and abandoning module LinuxTargetPlatform (50)
[2016.12.22-15.48.56:820][760]LogModuleManager: Shutting down and abandoning module LinuxServerTargetPlatform (49)
[2016.12.22-15.48.56:820][760]LogModuleManager: Shutting down and abandoning module LinuxNoEditorTargetPlatform (48)
[2016.12.22-15.48.56:820][760]LogModuleManager: Shutting down and abandoning module LinuxClientTargetPlatform (47)
[2016.12.22-15.48.56:820][760]LogModuleManager: Shutting down and abandoning module TVOSTargetPlatform (46)
[2016.12.22-15.48.56:820][760]LogModuleManager: Shutting down and abandoning module Messaging (45)
[2016.12.22-15.48.56:820][760]LogModuleManager: Shutting down and abandoning module IOSTargetPlatform (44)
[2016.12.22-15.48.56:820][760]LogModuleManager: Shutting down and abandoning module HTML5TargetPlatform (43)
[2016.12.22-15.48.56:820][760]LogModuleManager: Shutting down and abandoning module Android_PVRTCTargetPlatform (42)
[2016.12.22-15.48.56:820][760]LogModuleManager: Shutting down and abandoning module Android_MultiTargetPlatform (41)
[2016.12.22-15.48.56:820][760]LogModuleManager: Shutting down and abandoning module Android_ETC2TargetPlatform (40)
[2016.12.22-15.48.56:820][760]LogModuleManager: Shutting down and abandoning module Android_ETC1TargetPlatform (39)
[2016.12.22-15.48.56:820][760]LogModuleManager: Shutting down and abandoning module Android_DXTTargetPlatform (38)
[2016.12.22-15.48.56:820][760]LogModuleManager: Shutting down and abandoning module Android_ATCTargetPlatform (37)
[2016.12.22-15.48.56:820][760]LogModuleManager: Shutting down and abandoning module Android_ASTCTargetPlatform (36)
[2016.12.22-15.48.56:820][760]LogModuleManager: Shutting down and abandoning module AndroidTargetPlatform (35)
[2016.12.22-15.48.56:820][760]LogModuleManager: Shutting down and abandoning module WindowsTargetPlatform (34)
[2016.12.22-15.48.56:820][760]LogModuleManager: Shutting down and abandoning module WindowsServerTargetPlatform (33)
[2016.12.22-15.48.56:820][760]LogModuleManager: Shutting down and abandoning module WindowsNoEditorTargetPlatform (32)
[2016.12.22-15.48.56:820][760]LogModuleManager: Shutting down and abandoning module WindowsClientTargetPlatform (31)
[2016.12.22-15.48.56:820][760]LogModuleManager: Shutting down and abandoning module MacTargetPlatform (30)
[2016.12.22-15.48.56:820][760]LogModuleManager: Shutting down and abandoning module MacServerTargetPlatform (29)
[2016.12.22-15.48.56:820][760]LogModuleManager: Shutting down and abandoning module MacNoEditorTargetPlatform (28)
[2016.12.22-15.48.56:820][760]LogModuleManager: Shutting down and abandoning module MacClientTargetPlatform (27)
[2016.12.22-15.48.56:820][760]LogModuleManager: Shutting down and abandoning module AllDesktopTargetPlatform (26)
[2016.12.22-15.48.56:820][760]LogModuleManager: Shutting down and abandoning module TargetPlatform (25)
[2016.12.22-15.48.56:821][760]LogModuleManager: Shutting down and abandoning module InputCore (24)
[2016.12.22-15.48.56:821][760]LogModuleManager: Shutting down and abandoning module Settings (23)
[2016.12.22-15.48.56:821][760]LogModuleManager: Shutting down and abandoning module OculusRift (22)
[2016.12.22-15.48.56:821][760]LogModuleManager: Shutting down and abandoning module ExampleDeviceProfileSelector (21)
[2016.12.22-15.48.56:821][760]LogModuleManager: Shutting down and abandoning module OnlineBlueprintSupport (20)
[2016.12.22-15.48.56:821][760]LogModuleManager: Shutting down and abandoning module OnlineSubsystem (18)
[2016.12.22-15.48.56:821][760]LogOnline:Display: Unloading online subsystem: NULL
[2016.12.22-15.48.56:821][760]LogModuleManager: Shutting down and abandoning module SSL (17)
[2016.12.22-15.48.56:822][760]LogModuleManager: Shutting down and abandoning module HTTP (16)
[2016.12.22-15.48.56:822][760]LogModuleManager: Shutting down and abandoning module XMPP (15)
[2016.12.22-15.48.56:822][760]LogModuleManager: Shutting down and abandoning module TextureCompressor (14)
[2016.12.22-15.48.56:822][760]LogModuleManager: Shutting down and abandoning module ShaderCore (13)
[2016.12.22-15.48.56:822][760]LogModuleManager: Shutting down and abandoning module Landscape (12)
[2016.12.22-15.48.56:822][760]LogModuleManager: Shutting down and abandoning module SlateRHIRenderer (11)
[2016.12.22-15.48.56:830][760]LogModuleManager: Shutting down and abandoning module OpenGLDrv (10)
[2016.12.22-15.48.56:830][760]LogModuleManager: Shutting down and abandoning module D3D11RHI (9)
[2016.12.22-15.48.56:830][760]LogModuleManager: Shutting down and abandoning module AnimGraphRuntime (8)
[2016.12.22-15.48.56:830][760]LogModuleManager: Shutting down and abandoning module Renderer (7)
[2016.12.22-15.48.56:830][760]LogModuleManager: Shutting down and abandoning module Engine (6)
[2016.12.22-15.48.56:830][760]LogModuleManager: Shutting down and abandoning module CoreUObject (5)
[2016.12.22-15.48.56:830][760]LogModuleManager: Shutting down and abandoning module NetworkFile (4)
[2016.12.22-15.48.56:830][760]LogModuleManager: Shutting down and abandoning module StreamingFile (3)
[2016.12.22-15.48.56:830][760]LogModuleManager: Shutting down and abandoning module SandboxFile (2)
[2016.12.22-15.48.56:830][760]LogModuleManager: Shutting down and abandoning module PakFile (1)
[2016.12.22-15.48.56:831][760]LogExit: Exiting.
[2016.12.22-15.48.56:836][760]Log file closed, 12/22/16 16:48:56
