Log file open, 12/21/16 16:26:01
LogInit:Display: Running engine for game: Arsenal
LogPlatformFile: Not using cached read wrapper
LogInit:Display: RandInit(1468552989) SRandInit(1468552989).
LogTaskGraph: Started task graph with 5 named threads and 8 total threads with 1 sets of task threads.
LogStats: Stats thread started at 0.089278
LogPluginManager: Loaded Plugin Paper2D, From C:/Program Files (x86)/Epic Games/4.14/Engine/Plugins/2D/Paper2D/Paper2D.uplugin
LogPluginManager: Loaded Plugin LightPropagationVolume, From C:/Program Files (x86)/Epic Games/4.14/Engine/Plugins/Blendables/LightPropagationVolume/LightPropagationVolume.uplugin
LogPluginManager: Loaded Plugin BlankPlugin, From C:/Program Files (x86)/Epic Games/4.14/Engine/Plugins/Developer/BlankPlugin/BlankPlugin.uplugin
LogPluginManager: Loaded Plugin CodeLiteSourceCodeAccess, From C:/Program Files (x86)/Epic Games/4.14/Engine/Plugins/Developer/CodeLiteSourceCodeAccess/CodeLiteSourceCodeAccess.uplugin
LogPluginManager: Loaded Plugin GitSourceControl, From C:/Program Files (x86)/Epic Games/4.14/Engine/Plugins/Developer/GitSourceControl/GitSourceControl.uplugin
LogPluginManager: Loaded Plugin KDevelopSourceCodeAccess, From C:/Program Files (x86)/Epic Games/4.14/Engine/Plugins/Developer/KDevelopSourceCodeAccess/KDevelopSourceCodeAccess.uplugin
LogPluginManager: Loaded Plugin NullSourceCodeAccess, From C:/Program Files (x86)/Epic Games/4.14/Engine/Plugins/Developer/NullSourceCodeAccess/NullSourceCodeAccess.uplugin
LogPluginManager: Loaded Plugin OneSkyLocalizationService, From C:/Program Files (x86)/Epic Games/4.14/Engine/Plugins/Developer/OneSkyLocalizationService/OneSkyLocalizationService.uplugin
LogPluginManager: Loaded Plugin PerforceSourceControl, From C:/Program Files (x86)/Epic Games/4.14/Engine/Plugins/Developer/PerforceSourceControl/PerforceSourceControl.uplugin
LogPluginManager: Loaded Plugin SubversionSourceControl, From C:/Program Files (x86)/Epic Games/4.14/Engine/Plugins/Developer/SubversionSourceControl/SubversionSourceControl.uplugin
LogPluginManager: Loaded Plugin UObjectPlugin, From C:/Program Files (x86)/Epic Games/4.14/Engine/Plugins/Developer/UObjectPlugin/UObjectPlugin.uplugin
LogPluginManager: Loaded Plugin VisualStudioSourceCodeAccess, From C:/Program Files (x86)/Epic Games/4.14/Engine/Plugins/Developer/VisualStudioSourceCodeAccess/VisualStudioSourceCodeAccess.uplugin
LogPluginManager: Loaded Plugin XCodeSourceCodeAccess, From C:/Program Files (x86)/Epic Games/4.14/Engine/Plugins/Developer/XCodeSourceCodeAccess/XCodeSourceCodeAccess.uplugin
LogPluginManager: Loaded Plugin AudioCapture, From C:/Program Files (x86)/Epic Games/4.14/Engine/Plugins/Editor/AudioCapture/AudioCapture.uplugin
LogPluginManager: Loaded Plugin EpicSurvey, From C:/Program Files (x86)/Epic Games/4.14/Engine/Plugins/Editor/EpicSurvey/EpicSurvey.uplugin
LogPluginManager: Loaded Plugin MacGraphicsSwitching, From C:/Program Files (x86)/Epic Games/4.14/Engine/Plugins/Editor/MacGraphicsSwitching/MacGraphicsSwitching.uplugin
LogPluginManager: Loaded Plugin MobileLauncherProfileWizard, From C:/Program Files (x86)/Epic Games/4.14/Engine/Plugins/Editor/MobileLauncherProfileWizard/MobileLauncherProfileWizard.uplugin
LogPluginManager: Loaded Plugin PluginBrowser, From C:/Program Files (x86)/Epic Games/4.14/Engine/Plugins/Editor/PluginBrowser/PluginBrowser.uplugin
LogPluginManager: Loaded Plugin SpeedTreeImporter, From C:/Program Files (x86)/Epic Games/4.14/Engine/Plugins/Editor/SpeedTreeImporter/SpeedTreeImporter.uplugin
LogPluginManager: Loaded Plugin SuperSearchEditor, From C:/Program Files (x86)/Epic Games/4.14/Engine/Plugins/Editor/SuperSearchEditor/SuperSearchEditor.uplugin
LogPluginManager: Loaded Plugin AlembicImporter, From C:/Program Files (x86)/Epic Games/4.14/Engine/Plugins/Experimental/AlembicImporter/AlembicImporter.uplugin
LogPluginManager: Loaded Plugin BlueprintStats, From C:/Program Files (x86)/Epic Games/4.14/Engine/Plugins/Experimental/BlueprintStats/BlueprintStats.uplugin
LogPluginManager: Loaded Plugin CharacterAI, From C:/Program Files (x86)/Epic Games/4.14/Engine/Plugins/Experimental/CharacterAI/CharacterAI.uplugin
LogPluginManager: Loaded Plugin CodeEditor, From C:/Program Files (x86)/Epic Games/4.14/Engine/Plugins/Experimental/CodeEditor/CodeEditor.uplugin
LogPluginManager: Loaded Plugin CodeView, From C:/Program Files (x86)/Epic Games/4.14/Engine/Plugins/Experimental/CodeView/CodeView.uplugin
LogPluginManager: Loaded Plugin HTML5Networking, From C:/Program Files (x86)/Epic Games/4.14/Engine/Plugins/Experimental/HTML5Networking/HTML5Networking.uplugin
LogPluginManager: Loaded Plugin OSVR, From C:/Program Files (x86)/Epic Games/4.14/Engine/Plugins/Experimental/OSVR/OSVR.uplugin
LogPluginManager: Loaded Plugin Phya, From C:/Program Files (x86)/Epic Games/4.14/Engine/Plugins/Experimental/Phya/Phya.uplugin
LogPluginManager: Loaded Plugin SignificanceManager, From C:/Program Files (x86)/Epic Games/4.14/Engine/Plugins/Experimental/SignificanceManager/SignificanceManager.uplugin
LogPluginManager: Loaded Plugin SimpleHMD, From C:/Program Files (x86)/Epic Games/4.14/Engine/Plugins/Experimental/SimpleHMD/SimpleHMD.uplugin
LogPluginManager: Loaded Plugin StereoPanorama, From C:/Program Files (x86)/Epic Games/4.14/Engine/Plugins/Experimental/StereoPanorama/StereoPanorama.uplugin
LogPluginManager: Loaded Plugin StructBox, From C:/Program Files (x86)/Epic Games/4.14/Engine/Plugins/Experimental/StructBox/StructBox.uplugin
LogPluginManager: Loaded Plugin AndroidMedia, From C:/Program Files (x86)/Epic Games/4.14/Engine/Plugins/Media/AndroidMedia/AndroidMedia.uplugin
LogPluginManager: Loaded Plugin AvfMedia, From C:/Program Files (x86)/Epic Games/4.14/Engine/Plugins/Media/AvfMedia/AvfMedia.uplugin
LogPluginManager: Loaded Plugin MediaPlayerEditor, From C:/Program Files (x86)/Epic Games/4.14/Engine/Plugins/Media/MediaPlayerEditor/MediaPlayerEditor.uplugin
LogPluginManager: Loaded Plugin WmfMedia, From C:/Program Files (x86)/Epic Games/4.14/Engine/Plugins/Media/WmfMedia/WmfMedia.uplugin
LogPluginManager: Loaded Plugin MessagingDebugger, From C:/Program Files (x86)/Epic Games/4.14/Engine/Plugins/Messaging/MessagingDebugger/MessagingDebugger.uplugin
LogPluginManager: Loaded Plugin TcpMessaging, From C:/Program Files (x86)/Epic Games/4.14/Engine/Plugins/Messaging/TcpMessaging/TcpMessaging.uplugin
LogPluginManager: Loaded Plugin UdpMessaging, From C:/Program Files (x86)/Epic Games/4.14/Engine/Plugins/Messaging/UdpMessaging/UdpMessaging.uplugin
LogPluginManager: Loaded Plugin LevelSequenceEditor, From C:/Program Files (x86)/Epic Games/4.14/Engine/Plugins/MovieScene/LevelSequenceEditor/LevelSequenceEditor.uplugin
LogPluginManager: Loaded Plugin MatineeToLevelSequence, From C:/Program Files (x86)/Epic Games/4.14/Engine/Plugins/MovieScene/MatineeToLevelSequence/MatineeToLevelSequence.uplugin
LogPluginManager: Loaded Plugin NetcodeUnitTest, From C:/Program Files (x86)/Epic Games/4.14/Engine/Plugins/NetcodeUnitTest/NetcodeUnitTest/NetcodeUnitTest.uplugin
LogPluginManager: Loaded Plugin NUTUnrealEngine4, From C:/Program Files (x86)/Epic Games/4.14/Engine/Plugins/NetcodeUnitTest/NUTUnrealEngine4/NUTUnrealEngine4.uplugin
LogPluginManager: Loaded Plugin OnlineSubsystemGameCircle, From C:/Program Files (x86)/Epic Games/4.14/Engine/Plugins/Online/Android/OnlineSubsystemGameCircle/OnlineSubsystemGameCircle.uplugin
LogPluginManager: Loaded Plugin OnlineSubsystemGooglePlay, From C:/Program Files (x86)/Epic Games/4.14/Engine/Plugins/Online/Android/OnlineSubsystemGooglePlay/OnlineSubsystemGooglePlay.uplugin
LogPluginManager: Loaded Plugin OnlineSubsystemIOS, From C:/Program Files (x86)/Epic Games/4.14/Engine/Plugins/Online/IOS/OnlineSubsystemIOS/OnlineSubsystemIOS.uplugin
LogPluginManager: Loaded Plugin OnlineFramework, From C:/Program Files (x86)/Epic Games/4.14/Engine/Plugins/Online/OnlineFramework/OnlineFramework.uplugin
LogPluginManager: Loaded Plugin OnlineSubsystem, From C:/Program Files (x86)/Epic Games/4.14/Engine/Plugins/Online/OnlineSubsystem/OnlineSubsystem.uplugin
LogPluginManager: Loaded Plugin OnlineSubsystemAmazon, From C:/Program Files (x86)/Epic Games/4.14/Engine/Plugins/Online/OnlineSubsystemAmazon/OnlineSubsystemAmazon.uplugin
LogPluginManager: Loaded Plugin OnlineSubsystemFacebook, From C:/Program Files (x86)/Epic Games/4.14/Engine/Plugins/Online/OnlineSubsystemFacebook/OnlineSubsystemFacebook.uplugin
LogPluginManager: Loaded Plugin OnlineSubsystemNull, From C:/Program Files (x86)/Epic Games/4.14/Engine/Plugins/Online/OnlineSubsystemNull/OnlineSubsystemNull.uplugin
LogPluginManager: Loaded Plugin OnlineSubsystemOculus, From C:/Program Files (x86)/Epic Games/4.14/Engine/Plugins/Online/OnlineSubsystemOculus/OnlineSubsystemOculus.uplugin
LogPluginManager: Loaded Plugin OnlineSubsystemSteam, From C:/Program Files (x86)/Epic Games/4.14/Engine/Plugins/Online/OnlineSubsystemSteam/OnlineSubsystemSteam.uplugin
LogPluginManager: Loaded Plugin OnlineSubsystemUtils, From C:/Program Files (x86)/Epic Games/4.14/Engine/Plugins/Online/OnlineSubsystemUtils/OnlineSubsystemUtils.uplugin
LogPluginManager: Loaded Plugin IOSTapJoy, From C:/Program Files (x86)/Epic Games/4.14/Engine/Plugins/Runtime/Advertising/IOSTapJoy/IOSTapJoy.uplugin
LogPluginManager: Loaded Plugin AnalyticsBlueprintLibrary, From C:/Program Files (x86)/Epic Games/4.14/Engine/Plugins/Runtime/Analytics/AnalyticsBlueprintLibrary/AnalyticsBlueprintLibrary.uplugin
LogPluginManager: Loaded Plugin AnalyticsMulticast, From C:/Program Files (x86)/Epic Games/4.14/Engine/Plugins/Runtime/Analytics/AnalyticsMulticast/AnalyticsMulticast.uplugin
LogPluginManager: Loaded Plugin Apsalar, From C:/Program Files (x86)/Epic Games/4.14/Engine/Plugins/Runtime/Analytics/Apsalar/Apsalar.uplugin
LogPluginManager: Loaded Plugin FileLogging, From C:/Program Files (x86)/Epic Games/4.14/Engine/Plugins/Runtime/Analytics/FileLogging/FileLogging.uplugin
LogPluginManager: Loaded Plugin Flurry, From C:/Program Files (x86)/Epic Games/4.14/Engine/Plugins/Runtime/Analytics/Flurry/Flurry.uplugin
LogPluginManager: Loaded Plugin AndroidDeviceProfileSelector, From C:/Program Files (x86)/Epic Games/4.14/Engine/Plugins/Runtime/AndroidDeviceProfileSelector/AndroidDeviceProfileSelector.uplugin
LogPluginManager: Loaded Plugin AndroidMoviePlayer, From C:/Program Files (x86)/Epic Games/4.14/Engine/Plugins/Runtime/AndroidMoviePlayer/AndroidMoviePlayer.uplugin
LogPluginManager: Loaded Plugin AppleMoviePlayer, From C:/Program Files (x86)/Epic Games/4.14/Engine/Plugins/Runtime/AppleMoviePlayer/AppleMoviePlayer.uplugin
LogPluginManager: Loaded Plugin ArchVisCharacter, From C:/Program Files (x86)/Epic Games/4.14/Engine/Plugins/Runtime/ArchVisCharacter/ArchVisCharacter.uplugin
LogPluginManager: Loaded Plugin CableComponent, From C:/Program Files (x86)/Epic Games/4.14/Engine/Plugins/Runtime/CableComponent/CableComponent.uplugin
LogPluginManager: Loaded Plugin CustomMeshComponent, From C:/Program Files (x86)/Epic Games/4.14/Engine/Plugins/Runtime/CustomMeshComponent/CustomMeshComponent.uplugin
LogPluginManager: Loaded Plugin ExampleDeviceProfileSelector, From C:/Program Files (x86)/Epic Games/4.14/Engine/Plugins/Runtime/ExampleDeviceProfileSelector/ExampleDeviceProfileSelector.uplugin
LogPluginManager: Loaded Plugin GearVR, From C:/Program Files (x86)/Epic Games/4.14/Engine/Plugins/Runtime/GearVR/GearVR.uplugin
LogPluginManager: Loaded Plugin GoogleVRController, From C:/Program Files (x86)/Epic Games/4.14/Engine/Plugins/Runtime/GoogleVR/GoogleVRController/GoogleVRController.uplugin
LogPluginManager: Loaded Plugin GoogleVRHMD, From C:/Program Files (x86)/Epic Games/4.14/Engine/Plugins/Runtime/GoogleVR/GoogleVRHMD/GoogleVRHMD.uplugin
LogPluginManager: Loaded Plugin IOSDeviceProfileSelector, From C:/Program Files (x86)/Epic Games/4.14/Engine/Plugins/Runtime/IOSDeviceProfileSelector/IOSDeviceProfileSelector.uplugin
LogPluginManager: Loaded Plugin LeapMotion, From C:/Program Files (x86)/Epic Games/4.14/Engine/Plugins/Runtime/LeapMotion/LeapMotion.uplugin
LogPluginManager: Loaded Plugin LinuxDeviceProfileSelector, From C:/Program Files (x86)/Epic Games/4.14/Engine/Plugins/Runtime/LinuxDeviceProfileSelector/LinuxDeviceProfileSelector.uplugin
LogPluginManager: Loaded Plugin MIDIDevice, From C:/Program Files (x86)/Epic Games/4.14/Engine/Plugins/Runtime/MIDIDevice/MIDIDevice.uplugin
LogPluginManager: Loaded Plugin MobilePatchingUtils, From C:/Program Files (x86)/Epic Games/4.14/Engine/Plugins/Runtime/MobilePatchingUtils/MobilePatchingUtils.uplugin
LogPluginManager: Loaded Plugin Ansel, From C:/Program Files (x86)/Epic Games/4.14/Engine/Plugins/Runtime/Nvidia/Ansel/Ansel.uplugin
LogPluginManager: Loaded Plugin OculusAudio, From C:/Program Files (x86)/Epic Games/4.14/Engine/Plugins/Runtime/OculusAudio/OculusAudio.uplugin
LogPluginManager: Loaded Plugin OculusInput, From C:/Program Files (x86)/Epic Games/4.14/Engine/Plugins/Runtime/OculusInput/OculusInput.uplugin
LogPluginManager: Loaded Plugin OculusLibrary, From C:/Program Files (x86)/Epic Games/4.14/Engine/Plugins/Runtime/OculusLibrary/OculusLibrary.uplugin
LogPluginManager: Loaded Plugin OculusRift, From C:/Program Files (x86)/Epic Games/4.14/Engine/Plugins/Runtime/OculusRift/OculusRift.uplugin
LogPluginManager: Loaded Plugin Oodle, From C:/Program Files (x86)/Epic Games/4.14/Engine/Plugins/Runtime/PacketHandlers/CompressionComponents/Oodle/Oodle.uplugin
LogPluginManager: Loaded Plugin ProceduralMeshComponent, From C:/Program Files (x86)/Epic Games/4.14/Engine/Plugins/Runtime/ProceduralMeshComponent/ProceduralMeshComponent.uplugin
LogPluginManager: Loaded Plugin SoundMod, From C:/Program Files (x86)/Epic Games/4.14/Engine/Plugins/Runtime/SoundMod/SoundMod.uplugin
LogPluginManager: Loaded Plugin SoundVisualizations, From C:/Program Files (x86)/Epic Games/4.14/Engine/Plugins/Runtime/SoundVisualizations/SoundVisualizations.uplugin
LogPluginManager: Loaded Plugin SteamController, From C:/Program Files (x86)/Epic Games/4.14/Engine/Plugins/Runtime/Steam/SteamController/SteamController.uplugin
LogPluginManager: Loaded Plugin SteamVR, From C:/Program Files (x86)/Epic Games/4.14/Engine/Plugins/Runtime/Steam/SteamVR/SteamVR.uplugin
LogPluginManager: Loaded Plugin WebBrowserWidget, From C:/Program Files (x86)/Epic Games/4.14/Engine/Plugins/Runtime/WebBrowserWidget/WebBrowserWidget.uplugin
LogPluginManager: Loaded Plugin WindowsDeviceProfileSelector, From C:/Program Files (x86)/Epic Games/4.14/Engine/Plugins/Runtime/WindowsDeviceProfileSelector/WindowsDeviceProfileSelector.uplugin
LogPluginManager: Loaded Plugin WindowsMoviePlayer, From C:/Program Files (x86)/Epic Games/4.14/Engine/Plugins/Runtime/WindowsMoviePlayer/WindowsMoviePlayer.uplugin
LogPluginManager: Loaded Plugin ScriptPlugin, From C:/Program Files (x86)/Epic Games/4.14/Engine/Plugins/ScriptPlugin/ScriptPlugin.uplugin
LogPluginManager: Loaded Plugin SlateRemote, From C:/Program Files (x86)/Epic Games/4.14/Engine/Plugins/Slate/SlateRemote/SlateRemote.uplugin
LogPluginManager: Loaded Plugin EditorTests, From C:/Program Files (x86)/Epic Games/4.14/Engine/Plugins/Tests/EditorTests/EditorTests.uplugin
LogPluginManager: Loaded Plugin FbxAutomationTestBuilder, From C:/Program Files (x86)/Epic Games/4.14/Engine/Plugins/Tests/FbxAutomationTestBuilder/FbxAutomationTestBuilder.uplugin
LogPluginManager: Loaded Plugin FunctionalTestingEditor, From C:/Program Files (x86)/Epic Games/4.14/Engine/Plugins/Tests/FunctionalTestingEditor/FunctionalTestingEditor.uplugin
LogPluginManager: Loaded Plugin RuntimeTests, From C:/Program Files (x86)/Epic Games/4.14/Engine/Plugins/Tests/RuntimeTests/RuntimeTests.uplugin
LogPluginManager: Loaded Plugin ScreenshotTools, From C:/Program Files (x86)/Epic Games/4.14/Engine/Plugins/Tests/ScreenshotTools/ScreenshotTools.uplugin
LogInit: Using libcurl 7.47.1
LogInit:  - built for x86_64-pc-win32
LogInit:  - supports SSL with OpenSSL/1.0.2g
LogInit:  - supports HTTP deflate (compression) using libz 1.2.8
LogInit:  - other features:
LogInit:      CURL_VERSION_SSL
LogInit:      CURL_VERSION_LIBZ
LogInit:      CURL_VERSION_IPV6
LogInit:      CURL_VERSION_ASYNCHDNS
LogInit:      CURL_VERSION_LARGEFILE
LogInit:      CURL_VERSION_IDN
LogInit:  CurlRequestOptions (configurable via config and command line):
LogInit:  - bVerifyPeer = false  - Libcurl will NOT verify peer certificate
LogInit:  - bUseHttpProxy = false  - Libcurl will NOT use HTTP proxy
LogInit:  - bDontReuseConnections = false  - Libcurl will reuse connections
LogInit:  - CertBundlePath = nullptr  - Libcurl will use whatever was configured at build time.
LogInit: Build: ++UE4+Release-4.14-CL-3195953
LogInit: Engine Version: 4.14.0-3195953+++UE4+Release-4.14
LogInit: Compatible Engine Version: 4.14.0-3195953+++UE4+Release-4.14
LogInit: Net CL: 3195953
LogDevObjectVersion: Number of dev versions registered: 13
LogDevObjectVersion:   Dev-Blueprints (B0D832E4-1F89-4F0D-ACCF-7EB736FD4AA2): 7
LogDevObjectVersion:   Dev-Build (E1C64328-A22C-4D53-A36C-8E866417BD8C): 0
LogDevObjectVersion:   Dev-Core (375EC13C-06E4-48FB-B500-84F0262A717E): 1
LogDevObjectVersion:   Dev-Editor (E4B068ED-F494-42E9-A231-DA0B2E46BB41): 8
LogDevObjectVersion:   Dev-Framework (CFFC743F-43B0-4480-9391-14DF171D2073): 17
LogDevObjectVersion:   Dev-Mobile (B02B49B5-BB20-44E9-A304-32B752E40360): 0
LogDevObjectVersion:   Dev-Networking (A4E4105C-59A1-49B5-A7C5-40C4547EDFEE): 0
LogDevObjectVersion:   Dev-Online (39C831C9-5AE6-47DC-9A44-9C173E1C8E7C): 0
LogDevObjectVersion:   Dev-Physics (78F01B33-EBEA-4F98-B9B4-84EACCB95AA2): 0
LogDevObjectVersion:   Dev-Platform (6631380F-2D4D-43E0-8009-CF276956A95A): 0
LogDevObjectVersion:   Dev-Rendering (12F88B9F-8875-4AFC-A67C-D90C383ABD29): 12
LogDevObjectVersion:   Dev-Sequencer (7B5AE74C-D270-4C10-A958-57980B212A5A): 1
LogDevObjectVersion:   Dev-VR (D7296918-1DD6-4BDD-9DE2-64A83CC13884): 0
LogInit: Compiled (64-bit): Nov 12 2016 02:14:10
LogInit: Compiled with Visual C++: 19.00.23026.00
LogInit: Build Configuration: Development
LogInit: Branch Name: ++UE4+Release-4.14
LogInit: Command line: -EpicPortal 
LogInit: Base directory: C:/Program Files (x86)/Epic Games/4.14/Engine/Binaries/Win64/
LogInit: Installed Engine Build: 1
LogInit: Presizing for max 8388607 objects, including 0 objects not considered by GC, pre-allocating 0 bytes for permanent pool.
LogInit: Object subsystem initialized
[2016.12.21-15.26.02:079][  0]LogInit: Selected Device Profile: [Windows]
[2016.12.21-15.26.02:079][  0]LogInit: Applying CVar settings loaded from the selected device profile: [Windows]
[2016.12.21-15.26.02:162][  0]LogInit: Computer: WKSALMPUB325
[2016.12.21-15.26.02:162][  0]LogInit: User: sergiocobos
[2016.12.21-15.26.02:162][  0]LogInit: CPU Page size=65536, Cores=4
[2016.12.21-15.26.02:162][  0]LogInit: High frequency timer resolution =3.312643 MHz
[2016.12.21-15.26.02:163][  0]LogMemory: Memory total: Physical=7.9GB (8GB approx)
[2016.12.21-15.26.02:163][  0]LogMemory: Platform Memory Stats for Windows
[2016.12.21-15.26.02:163][  0]LogMemory: Process Physical Memory: 264.33 MB used, 264.33 MB peak
[2016.12.21-15.26.02:163][  0]LogMemory: Process Virtual Memory: 262.61 MB used, 262.61 MB peak
[2016.12.21-15.26.02:163][  0]LogMemory: Physical Memory: 3672.51 MB used,  4459.85 MB free, 8132.36 MB total
[2016.12.21-15.26.02:163][  0]LogMemory: Virtual Memory: 677.38 MB used,  4459.85 MB free, 134217728.00 MB total
[2016.12.21-15.26.02:246][  0]LogTextLocalizationManager: No specific translations for ('es-ES') exist, so ('es') translations will be used.
[2016.12.21-15.26.04:087][  0]LogD3D11RHI: D3D11 adapters:
[2016.12.21-15.26.04:106][  0]LogD3D11RHI:    0. 'NVIDIA Quadro K600 ' (Feature Level 11_0)
[2016.12.21-15.26.04:106][  0]LogD3D11RHI:       972/0/4066 MB DedicatedVideo/DedicatedSystem/SharedSystem, Outputs:1, VendorId:0x10de
[2016.12.21-15.26.04:108][  0]LogD3D11RHI:    1. 'Microsoft Basic Render Driver' (Feature Level 11_0)
[2016.12.21-15.26.04:108][  0]LogD3D11RHI:       0/0/4066 MB DedicatedVideo/DedicatedSystem/SharedSystem, Outputs:0, VendorId:0x1414
[2016.12.21-15.26.04:108][  0]LogD3D11RHI: Chosen D3D11 Adapter: 0
[2016.12.21-15.26.04:111][  0]LogD3D11RHI: Creating new Direct3DDevice
[2016.12.21-15.26.04:111][  0]LogD3D11RHI:     GPU DeviceId: 0xffa (for the marketing name, search the web for "GPU Device Id")
[2016.12.21-15.26.04:111][  0]LogWindows: EnumDisplayDevices:
[2016.12.21-15.26.04:111][  0]LogWindows:    0. 'NVIDIA Quadro K600 ' (P:1 D:1)
[2016.12.21-15.26.04:111][  0]LogWindows:    1. 'NVIDIA Quadro K600 ' (P:0 D:0)
[2016.12.21-15.26.04:111][  0]LogWindows: DebugString: FoundDriverCount:2 
[2016.12.21-15.26.04:111][  0]LogD3D11RHI:     Adapter Name: NVIDIA Quadro K600 
[2016.12.21-15.26.04:111][  0]LogD3D11RHI:   Driver Version: 358.87 (internal:10.18.13.5887, unified:358.87)
[2016.12.21-15.26.04:111][  0]LogD3D11RHI:      Driver Date: 11-2-2015
[2016.12.21-15.26.04:111][  0]LogRHI: Texture pool is 680 MB (70% of 972 MB)
[2016.12.21-15.26.04:124][  0]LogD3D11RHI: Async texture creation enabled
[2016.12.21-15.26.04:139][  0]LogD3D11RHI: GPU Timing Frequency: 1000.000000 (Debug: 2 2)
[2016.12.21-15.26.04:139][  0]LogShaderCompilers: Guid format shader working directory is 12 characters bigger than the processId version (L:/1609_DPIN4_DANI_A/Alumnos/Arsenal 4.14/Intermediate/Shaders/WorkingDirectory/9412/).
[2016.12.21-15.26.04:139][  0]LogShaderCompilers: Cleaned the shader compiler working directory 'C:/Users/sergio.cobos/AppData/Local/Temp/UnrealShaderWorkingDir/1C1DA0724D6F15AA2442E8A63ABFCD95/'.
[2016.12.21-15.26.04:139][  0]LogShaderCompilers:Display: Using Local Shader Compiler.
[2016.12.21-15.26.05:923][  0]LogTemp:Display: Loaded TP AllDesktopTargetPlatform
[2016.12.21-15.26.05:985][  0]LogTemp:Display: Loaded TP MacClientTargetPlatform
[2016.12.21-15.26.06:040][  0]LogTemp:Display: Loaded TP MacNoEditorTargetPlatform
[2016.12.21-15.26.06:094][  0]LogTemp:Display: Loaded TP MacServerTargetPlatform
[2016.12.21-15.26.06:162][  0]LogTemp:Display: Loaded TP MacTargetPlatform
[2016.12.21-15.26.06:217][  0]LogTemp:Display: Loaded TP WindowsClientTargetPlatform
[2016.12.21-15.26.06:272][  0]LogTemp:Display: Loaded TP WindowsNoEditorTargetPlatform
[2016.12.21-15.26.06:327][  0]LogTemp:Display: Loaded TP WindowsServerTargetPlatform
[2016.12.21-15.26.06:371][  0]LogTemp:Display: Loaded TP WindowsTargetPlatform
[2016.12.21-15.26.06:434][  0]LogTemp:Display: Loaded TP AndroidTargetPlatform
[2016.12.21-15.26.06:487][  0]LogTemp:Display: Loaded TP Android_ASTCTargetPlatform
[2016.12.21-15.26.06:540][  0]LogTemp:Display: Loaded TP Android_ATCTargetPlatform
[2016.12.21-15.26.06:593][  0]LogTemp:Display: Loaded TP Android_DXTTargetPlatform
[2016.12.21-15.26.06:648][  0]LogTemp:Display: Loaded TP Android_ETC1TargetPlatform
[2016.12.21-15.26.06:702][  0]LogTemp:Display: Loaded TP Android_ETC2TargetPlatform
[2016.12.21-15.26.06:812][  0]LogTemp:Display: Loaded TP Android_MultiTargetPlatform
[2016.12.21-15.26.06:812][  0]LogTemp:Display: Loaded TP Android_PVRTCTargetPlatform
[2016.12.21-15.26.06:846][  0]LogTemp:Display: Loaded TP HTML5TargetPlatform
[2016.12.21-15.26.06:946][  0]LogTemp:Display: Loaded TP IOSTargetPlatform
[2016.12.21-15.26.06:986][  0]LogTemp:Display: Loaded TP TVOSTargetPlatform
[2016.12.21-15.26.07:039][  0]LogTemp:Display: Loaded TP LinuxClientTargetPlatform
[2016.12.21-15.26.07:092][  0]LogTemp:Display: Loaded TP LinuxNoEditorTargetPlatform
[2016.12.21-15.26.07:146][  0]LogTemp:Display: Loaded TP LinuxServerTargetPlatform
[2016.12.21-15.26.07:208][  0]LogTemp:Display: Loaded TP LinuxTargetPlatform
[2016.12.21-15.26.07:208][  0]LogTargetPlatformManager:Display: Building Assets For Windows
[2016.12.21-15.26.07:577][  0]LogDerivedDataCache:Display: Max Cache Size: 512 MB
[2016.12.21-15.26.08:013][  0]LogDerivedDataCache: Loaded boot cache 0.44s 50MB C:/Users/sergio.cobos/AppData/Local/UnrealEngine/4.14/DerivedDataCache/Boot.ddc.
[2016.12.21-15.26.08:013][  0]LogDerivedDataCache:Display: Loaded Boot cache: C:/Users/sergio.cobos/AppData/Local/UnrealEngine/4.14/DerivedDataCache/Boot.ddc
[2016.12.21-15.26.08:014][  0]LogDerivedDataCache: FDerivedDataBackendGraph:  Pak pak cache file L:/1609_DPIN4_DANI_A/Alumnos/Arsenal 4.14/DerivedDataCache/DDC.ddp not found, will not use a pak cache.
[2016.12.21-15.26.08:014][  0]LogDerivedDataCache: Unable to find inner node Pak for hierarchical cache Hierarchy.
[2016.12.21-15.26.08:015][  0]LogDerivedDataCache: FDerivedDataBackendGraph:  CompressedPak pak cache file L:/1609_DPIN4_DANI_A/Alumnos/Arsenal 4.14/DerivedDataCache/Compressed.ddp not found, will not use a pak cache.
[2016.12.21-15.26.08:015][  0]LogDerivedDataCache: Unable to find inner node CompressedPak for hierarchical cache Hierarchy.
[2016.12.21-15.26.08:055][  0]LogDerivedDataCache:Display: Pak cache opened for reading ../../../Engine/DerivedDataCache/Compressed.ddp.
[2016.12.21-15.26.08:067][  0]LogDerivedDataCache: Using Local data cache path C:/Users/sergio.cobos/AppData/Local/UnrealEngine/Common/DerivedDataCache: Writable
[2016.12.21-15.26.08:333][  0]LogInit: Selected Device Profile: [Windows]
[2016.12.21-15.26.08:335][  0]LogContentStreaming: Texture pool size is 0.00 MB
[2016.12.21-15.26.08:528][  0]LogMeshUtilities: Using QuadricMeshReduction for automatic static mesh reduction
[2016.12.21-15.26.08:572][  0]LogSimplygon: Simplygon DLL not present - disabling.
[2016.12.21-15.26.08:615][  0]LogMeshUtilities: Using SimplygonSwarm for distributed automatic mesh merging
[2016.12.21-15.26.08:615][  0]LogMeshUtilities: No automatic skeletal mesh reduction module available
[2016.12.21-15.26.08:615][  0]LogMeshUtilities: No automatic mesh merging module available
[2016.12.21-15.26.09:167][  0]LogNetVersion: GetLocalNetworkVersion: CL: 3195953, ProjectName: arsenal, ProjectVersion: , EngineNetworkVersion: 2, GameNetworkVersion: 0, NetworkChecksum: 2114083448
[2016.12.21-15.26.09:219][  0]LogAssetRegistry: FAssetRegistry took 0.0210 seconds to start up
[2016.12.21-15.26.09:445][  0]LogPackageLocalizationCache: Processed 3 localized package path(s) for 2 prioritized culture(s) in 0.199251 seconds
[2016.12.21-15.26.09:450][  0]LogUObjectArray: 31946 objects as part of root set at end of initial load.
[2016.12.21-15.26.09:450][  0]LogUObjectAllocator: 6935848 out of 0 bytes used by permanent object pool.
[2016.12.21-15.26.09:450][  0]LogUObjectArray: CloseDisregardForGC: 0/0 objects in disregard for GC pool
[2016.12.21-15.26.09:506][  0]LogInit: WinSock: version 1.1 (2.2), MaxSocks=32767, MaxUdp=65467
[2016.12.21-15.26.10:348][  0]LogSlate: Using Freetype 2.6.0
[2016.12.21-15.26.10:372][  0]LogSlate: SlateFontCache - WITH_FREETYPE: 1, WITH_HARFBUZZ: 1
[2016.12.21-15.26.10:372][  0]LogSlate: SlateFontCache - WITH_FREETYPE: 1, WITH_HARFBUZZ: 1
[2016.12.21-15.26.22:555][  0]LogTcpMessaging: Initializing TcpMessaging bridge
[2016.12.21-15.26.22:596][  0]LogUdpMessaging: Initializing bridge on interface 0.0.0.0:0 to multicast group 230.0.0.1:6666.
[2016.12.21-15.26.22:597][  0]LogDirectoryWatcher: A directory notification failed for 'L:/1609_DPIN4_DANI_A/Alumnos/Arsenal 4.14/Content/' because it was empty or there was a buffer overflow. Attemping another request...
[2016.12.21-15.26.23:033][  0]LogMaterial: Uniform references updated for custom material expression Custom.
[2016.12.21-15.26.23:466][  0]SourceControl: Información El control de código fuente está desactivado
[2016.12.21-15.26.23:467][  0]SourceControl: Información El control de código fuente está desactivado
[2016.12.21-15.26.23:510][  0]SourceControl: Información El control de código fuente está desactivado
[2016.12.21-15.26.23:552][  0]SourceControl: Información El control de código fuente está desactivado
[2016.12.21-15.26.24:854][  0]LogEngine: Initializing Engine...
[2016.12.21-15.26.24:854][  0]LogHMD: Failed to initialize OpenVR with code 110
[2016.12.21-15.26.25:062][  0]LogAIModule: Creating AISystem for world Untitled
[2016.12.21-15.26.25:068][  0]LogInit: XAudio2 using 'Speakers (Realtek High Definition Audio)' : 2 channels at 48 kHz using 32 bits per sample (channel mask 0x3)
[2016.12.21-15.26.25:077][  0]LogInit: FAudioDevice initialized.
[2016.12.21-15.26.25:101][  0]LogDerivedDataCache: Saved boot cache 0.02s 50MB C:/Users/sergio.cobos/AppData/Local/UnrealEngine/4.14/DerivedDataCache/Boot.ddc.
[2016.12.21-15.26.25:109][  0]LogInit: Texture streaming: Enabled
[2016.12.21-15.26.25:274][  0]LogInit: Transaction tracking system initialized
[2016.12.21-15.26.25:587][  0]BlueprintLog: New page: Cargar el editor
[2016.12.21-15.26.26:417][  0]LocalizationService: Información Localization service is disabled
[2016.12.21-15.26.27:217][  0]LogConsoleResponse:Display: 
[2016.12.21-15.26.27:534][  0]LogCook:Display: Max memory allowance for cook 16384mb min free memory 0mb
[2016.12.21-15.26.27:534][  0]LogCook:Display: Mobile HDR setting 1
[2016.12.21-15.26.28:142][  0]LogFileCache: Scanning file cache for directory 'L:/1609_DPIN4_DANI_A/Alumnos/Arsenal 4.14/Content/' took 0.02s
[2016.12.21-15.26.28:543][  0]LogLinker:Warning: No puede encontrar el archivo '/Game/Levels/image006'
[2016.12.21-15.26.28:543][  0]LogLinker:Warning: No puede encontrar el archivo para el activo '/Game/Levels/image006' mientras carga ../../../Engine/Content/EditorLandscapeResources/DefaultAlphaTexture.uasset.
[2016.12.21-15.26.28:543][  0]LoadErrors:Error: Error /Engine/EditorLandscapeResources/DefaultAlphaTexture : No puede encontrar el archivo para el activo. /Game/Levels/image006
[2016.12.21-15.26.28:543][  0]LogLinker:Warning: No puede encontrar el archivo '/Game/Levels/image006'
[2016.12.21-15.26.28:543][  0]LogLinker:Warning: No puede encontrar el archivo para el activo '/Game/Levels/image006' mientras carga ../../../Engine/Content/EditorLandscapeResources/DefaultAlphaTexture.uasset.
[2016.12.21-15.26.28:543][  0]LoadErrors:Error: Error /Engine/EditorLandscapeResources/DefaultAlphaTexture : No puede encontrar el archivo para el activo. /Game/Levels/image006
[2016.12.21-15.26.28:543][  0]LogLinker:Warning: No puede encontrar el archivo '/Game/Levels/image006'
[2016.12.21-15.26.28:544][  0]LoadErrors: Información Error al cargar /Game/Levels/image006.image006 Referenciado por DefaultAlphaTexture
[2016.12.21-15.26.28:544][  0]LogLinker:Warning: No puede encontrar el archivo para el activo '/Game/Levels/image006' mientras carga NULL.
[2016.12.21-15.26.28:544][  0]LoadErrors: Información Error al cargar /Game/Levels/image006.image006 Referenciado por DefaultAlphaTexture
[2016.12.21-15.26.28:588][  0]SourceControl: Información El control de código fuente está desactivado
[2016.12.21-15.26.28:588][  0]Cmd: MAP LOAD FILE="L:/1609_DPIN4_DANI_A/Alumnos/Arsenal 4.14/Content/FirstPersonBP/Maps/FirstPersonExampleMap.umap" TEMPLATE=0 SHOWPROGRESS=1 FEATURELEVEL=3
[2016.12.21-15.26.28:598][  0]LightingResults: New page: Diseñar la iluminación
[2016.12.21-15.26.28:634][  0]MapCheck: New page: Revisión del mapa
[2016.12.21-15.26.28:634][  0]LightingResults: New page: Diseñar la iluminación
[2016.12.21-15.26.30:157][  0]LogBlueprint:Warning: [Compiler FirstPersonCharacter] Aviso  K2Node_CallFunction_7545  está obsoleto; Use Clear and Invalidate Timer by Handle. Note: you no longer need to reset your handle yourself after switching to the new function.
[2016.12.21-15.26.30:158][  0]LogBlueprint:Warning: [Compiler FirstPersonCharacter] Aviso  K2Node_CallFunction_11991  está obsoleto; Use Clear and Invalidate Timer by Handle. Note: you no longer need to reset your handle yourself after switching to the new function.
[2016.12.21-15.26.30:173][  0]LogBlueprint:Warning: [Compiler FirstPersonCharacter] Aviso [0031,11] Compile of FirstPersonCharacter successful, but with 2 Warning(s) [in 36 ms] (/Game/FirstPersonBP/Blueprints/FirstPersonCharacter.FirstPersonCharacter)
[2016.12.21-15.26.30:173][  0]LogBlueprint:Warning: [Compiler FirstPersonCharacter] Aviso [0031,12] Compile of FirstPersonCharacter successful, but with 3 Warning(s) [in 0 ms] (/Game/FirstPersonBP/Blueprints/FirstPersonCharacter.FirstPersonCharacter)
[2016.12.21-15.26.30:173][  0]LogBlueprint:Warning: [Compiler FirstPersonCharacter] Aviso [0031,12] Compile of FirstPersonCharacter successful, but with 4 Warning(s) [in 0 ms] (/Game/FirstPersonBP/Blueprints/FirstPersonCharacter.FirstPersonCharacter)
[2016.12.21-15.26.30:196][  0]LogBlueprint:Warning: [Compiler FirstPersonCharacter] Aviso  K2Node_CallFunction_7545  está obsoleto; Use Clear and Invalidate Timer by Handle. Note: you no longer need to reset your handle yourself after switching to the new function.
[2016.12.21-15.26.30:196][  0]LogBlueprint:Warning: [Compiler FirstPersonCharacter] Aviso  K2Node_CallFunction_11991  está obsoleto; Use Clear and Invalidate Timer by Handle. Note: you no longer need to reset your handle yourself after switching to the new function.
[2016.12.21-15.26.30:210][  0]LogBlueprint:Warning: [Compiler FirstPersonCharacter] Aviso [0031,16] Compile of FirstPersonCharacter successful, but with 2 Warning(s) [in 31 ms] (/Game/FirstPersonBP/Blueprints/FirstPersonCharacter.FirstPersonCharacter)
[2016.12.21-15.26.30:210][  0]LogBlueprint:Warning: [Compiler FirstPersonCharacter] Aviso [0031,16] Compile of FirstPersonCharacter successful, but with 3 Warning(s) [in 0 ms] (/Game/FirstPersonBP/Blueprints/FirstPersonCharacter.FirstPersonCharacter)
[2016.12.21-15.26.30:210][  0]LogBlueprint:Warning: [Compiler FirstPersonCharacter] Aviso [0031,16] Compile of FirstPersonCharacter successful, but with 4 Warning(s) [in 0 ms] (/Game/FirstPersonBP/Blueprints/FirstPersonCharacter.FirstPersonCharacter)
[2016.12.21-15.26.30:869][  0]LogTexture:Display: Generando texturas: HQ_Lightmap1_1 (AutoDXT)
[2016.12.21-15.26.31:180][  0]LogTexture:Display: Generando texturas: HQ_Lightmap1_2 (AutoDXT)
[2016.12.21-15.26.31:463][  0]LogTexture:Display: Generando texturas: HQ_Lightmap1_3 (AutoDXT)
[2016.12.21-15.26.31:741][  0]LogTexture:Display: Generando texturas: HQ_Lightmap1_4 (AutoDXT)
[2016.12.21-15.26.32:010][  0]LogTexture:Display: Generando texturas: HQ_Lightmap1_5 (AutoDXT)
[2016.12.21-15.26.32:480][  0]LogTexture:Display: Generando texturas: HQ_Lightmap1_6 (AutoDXT)
[2016.12.21-15.26.32:894][  0]LogTexture:Display: Generando texturas: HQ_Lightmap1_7 (AutoDXT)
[2016.12.21-15.26.33:145][  0]LogTexture:Display: Generando texturas: HQ_Lightmap1_8 (AutoDXT)
[2016.12.21-15.26.33:176][  0]LogTexture:Display: Generando texturas: LQ_Lightmap_1_1 (DXT1)
[2016.12.21-15.26.33:357][  0]LogTexture:Display: Generando texturas: LQ_Lightmap_1_2 (DXT1)
[2016.12.21-15.26.33:545][  0]LogTexture:Display: Generando texturas: LQ_Lightmap_1_3 (DXT1)
[2016.12.21-15.26.33:713][  0]LogTexture:Display: Generando texturas: LQ_Lightmap_1_4 (DXT1)
[2016.12.21-15.26.33:893][  0]LogTexture:Display: Generando texturas: LQ_Lightmap_1_5 (DXT1)
[2016.12.21-15.26.34:092][  0]LogTexture:Display: Generando texturas: LQ_Lightmap_1_6 (DXT1)
[2016.12.21-15.26.34:285][  0]LogTexture:Display: Generando texturas: LQ_Lightmap_1_7 (DXT1)
[2016.12.21-15.26.34:438][  0]LogTexture:Display: Generando texturas: LQ_Lightmap_1_8 (DXT1)
[2016.12.21-15.26.34:443][  0]LogTexture:Display: Generando texturas: SkyOcclusion0_8 (AutoDXT)
[2016.12.21-15.26.34:462][  0]LogTexture:Display: Generando texturas: SkyOcclusion1_1 (AutoDXT)
[2016.12.21-15.26.34:611][  0]LogTexture:Display: Generando texturas: SkyOcclusion1_2 (AutoDXT)
[2016.12.21-15.26.34:745][  0]LogTexture:Display: Generando texturas: SkyOcclusion1_3 (AutoDXT)
[2016.12.21-15.26.34:877][  0]LogTexture:Display: Generando texturas: SkyOcclusion1_4 (AutoDXT)
[2016.12.21-15.26.34:997][  0]LogTexture:Display: Generando texturas: SkyOcclusion1_5 (AutoDXT)
[2016.12.21-15.26.35:164][  0]LogTexture:Display: Generando texturas: SkyOcclusion1_6 (AutoDXT)
[2016.12.21-15.26.35:332][  0]LogTexture:Display: Generando texturas: SkyOcclusion1_7 (AutoDXT)
[2016.12.21-15.26.35:478][  0]LogTexture:Display: Generando texturas: ShadowMapTexture2D_10 (G8)
[2016.12.21-15.26.35:547][  0]LogTexture:Display: Generando texturas: ShadowMapTexture2D_11 (G8)
[2016.12.21-15.26.35:607][  0]LogTexture:Display: Generando texturas: ShadowMapTexture2D_12 (G8)
[2016.12.21-15.26.35:666][  0]LogTexture:Display: Generando texturas: ShadowMapTexture2D_13 (G8)
[2016.12.21-15.26.35:726][  0]LogTexture:Display: Generando texturas: ShadowMapTexture2D_14 (G8)
[2016.12.21-15.26.35:780][  0]LogTexture:Display: Generando texturas: ShadowMapTexture2D_15 (G8)
[2016.12.21-15.26.35:788][  0]LogTexture:Display: Generando texturas: ShadowMapTexture2D_7 (G8)
[2016.12.21-15.26.35:852][  0]LogTexture:Display: Generando texturas: ShadowMapTexture2D_9 (G8)
[2016.12.21-15.26.36:155][  0]LogTexture:Display: Generando texturas: T_Smoke_Tiled_D (AutoDXT)
[2016.12.21-15.26.36:342][  0]LogTexture:Display: Generando texturas: T_Smoke_SubUV (AutoDXT)
[2016.12.21-15.26.37:970][  0]LogTexture:Display: Generando texturas: T_Explosion_SubUV (AutoDXT)
[2016.12.21-15.26.38:750][  0]LogTexture:Display: Generando texturas: T_Burst_M (AutoDXT)
[2016.12.21-15.26.39:007][  0]LogTexture:Display: Generando texturas: ThumbnailTexture (DXT1)
[2016.12.21-15.26.39:270][  0]LogTexture:Display: Generando texturas: T_Wood_Floor_Walnut_N (BC5)
[2016.12.21-15.26.39:750][  0]LogTexture:Display: Generando texturas: T_Wood_Floor_Walnut_M (AutoDXT)
[2016.12.21-15.26.41:960][  0]LogTexture:Display: Generando texturas: T_Wood_Floor_Walnut_D (AutoDXT)
[2016.12.21-15.26.44:253][  0]LogTexture:Display: Generando texturas: T_Perlin_Noise_M (AutoDXT)
[2016.12.21-15.26.46:235][  0]LogAIModule: Creating AISystem for world FirstPersonExampleMap
[2016.12.21-15.26.46:410][  0]LogEditorServer: Finished looking for orphan Actors (0.000 secs)
[2016.12.21-15.26.46:411][  0]Cmd: MAP CHECKDEP NOCLEARLOG
[2016.12.21-15.26.46:508][  0]MapCheck: Información Map check complete: 0 Error(s), 0 Warning(s), took 97,387ms to complete.
[2016.12.21-15.26.46:508][  0]LogFileHelpers: Loading map 'FirstPersonExampleMap' took 17.921
[2016.12.21-15.26.46:695][  0]LogCollectionManager: Loaded 0 collections in 0.004025 seconds
[2016.12.21-15.26.46:790][  0]LogFileCache: Scanning file cache for directory 'L:/1609_DPIN4_DANI_A/Alumnos/Arsenal 4.14/Saved/Collections/' took 0.01s
[2016.12.21-15.26.46:790][  0]LogFileCache: Scanning file cache for directory 'L:/1609_DPIN4_DANI_A/Alumnos/Arsenal 4.14/Content/Developers/sergiocobos/Collections/' took 0.01s
[2016.12.21-15.26.46:790][  0]LogFileCache: Scanning file cache for directory 'L:/1609_DPIN4_DANI_A/Alumnos/Arsenal 4.14/Content/Collections/' took 0.01s
[2016.12.21-15.26.46:790][  0]LogCollectionManager: Rebuilt the GUID cache for 0 collections in 0.000002 seconds
[2016.12.21-15.26.46:798][  0]LogContentBrowser: Native class hierarchy populated in 0.0078 seconds. Added 2190 classes and 428 folders.
[2016.12.21-15.26.46:843][  0]LogStats: UGameplayTagsManager::ConstructGameplayTagTree: Construct from data asset -  0.000 s
[2016.12.21-15.26.46:843][  0]LogStats: UGameplayTagsManager::ConstructGameplayTagTree: GameplayTagTreeChangedEvent.Broadcast -  0.000 s
[2016.12.21-15.26.46:844][  0]LogContentBrowser: Native class hierarchy updated for 'GameplayTags' in 0.0005 seconds. Added 13 classes and 0 folders.
[2016.12.21-15.26.46:904][  0]LogContentBrowser: Native class hierarchy updated for 'WidgetCarousel' in 0.0005 seconds. Added 0 classes and 0 folders.
[2016.12.21-15.26.47:483][  0]LogContentBrowser: Native class hierarchy updated for 'AddContentDialog' in 0.0006 seconds. Added 0 classes and 0 folders.
[2016.12.21-15.26.47:526][  0]LogContentBrowser: Native class hierarchy updated for 'SceneOutliner' in 0.0006 seconds. Added 1 classes and 2 folders.
[2016.12.21-15.26.47:568][  0]LogCrashTracker: Crashtracker disabled due to settings.
[2016.12.21-15.26.47:573][  0]LogUObjectGlobals:Warning: Error al encontrar el objeto 'Class Ninguno.'
[2016.12.21-15.26.47:646][  0]LogContentBrowser: Native class hierarchy updated for 'HierarchicalLODOutliner' in 0.0007 seconds. Added 1 classes and 2 folders.
[2016.12.21-15.26.47:647][  0]LogLoad: (Engine Initialization) Total time: 48.59 seconds
[2016.12.21-15.26.47:647][  0]LogLoad: (Engine Initialization) Total Blueprint compile time: 0.36 seconds
[2016.12.21-15.26.47:647][  0]LogExternalProfiler: Found external profiler: VSPerf
[2016.12.21-15.26.47:647][  0]LogExternalProfiler: Using external profiler: VSPerf
[2016.12.21-15.26.47:656][  0]LogOcInput: OculusInput pre-init called
[2016.12.21-15.26.47:698][  0]LogDirectoryWatcher: A directory notification failed for 'L:/1609_DPIN4_DANI_A/Alumnos/Arsenal 4.14/Content/' because it was empty or there was a buffer overflow. Attemping another request...
[2016.12.21-15.26.47:699][  0]LogDirectoryWatcher: A directory notification failed for 'L:/1609_DPIN4_DANI_A/Alumnos/Arsenal 4.14/Content/', and we were unable to create a new request.
[2016.12.21-15.26.47:699][  0]LogDirectoryWatcher: A directory notification failed for 'L:/1609_DPIN4_DANI_A/Alumnos/Arsenal 4.14/Saved/Collections/' because it was empty or there was a buffer overflow. Attemping another request...
[2016.12.21-15.26.47:699][  0]LogDirectoryWatcher: A directory notification failed for 'L:/1609_DPIN4_DANI_A/Alumnos/Arsenal 4.14/Content/Developers/sergiocobos/Collections/' because it was empty or there was a buffer overflow. Attemping another request...
[2016.12.21-15.26.47:699][  0]LogDirectoryWatcher: A directory notification failed for 'L:/1609_DPIN4_DANI_A/Alumnos/Arsenal 4.14/Content/Collections/' because it was empty or there was a buffer overflow. Attemping another request...
[2016.12.21-15.26.47:712][  0]LogContentStreaming: Texture pool size now 400 MB
[2016.12.21-15.26.48:187][  0]LogRenderer: Reallocating scene render targets to support 1208x652 NumSamples 1 (Frame:2).
[2016.12.21-15.26.48:286][  1]LogAssetRegistry: Asset discovery search completed in 39.0887 seconds
[2016.12.21-15.26.48:286][  1]LogCollectionManager: Rebuilt the object cache for 0 collections in 0.000001 seconds (found 0 objects)
[2016.12.21-15.26.48:286][  1]LogCollectionManager: Fixed up redirectors for 0 collections in 0.000013 seconds (updated 0 objects)
[2016.12.21-15.26.48:286][  1]LogDirectoryWatcher: A directory notification failed for 'L:/1609_DPIN4_DANI_A/Alumnos/Arsenal 4.14/Saved/Collections/' because it was empty or there was a buffer overflow. Attemping another request...
[2016.12.21-15.26.48:287][  1]LogDirectoryWatcher: A directory notification failed for 'L:/1609_DPIN4_DANI_A/Alumnos/Arsenal 4.14/Saved/Collections/', and we were unable to create a new request.
[2016.12.21-15.26.48:287][  1]LogDirectoryWatcher: A directory notification failed for 'L:/1609_DPIN4_DANI_A/Alumnos/Arsenal 4.14/Content/Developers/sergiocobos/Collections/' because it was empty or there was a buffer overflow. Attemping another request...
[2016.12.21-15.26.48:287][  1]LogDirectoryWatcher: A directory notification failed for 'L:/1609_DPIN4_DANI_A/Alumnos/Arsenal 4.14/Content/Developers/sergiocobos/Collections/', and we were unable to create a new request.
[2016.12.21-15.26.48:287][  1]LogDirectoryWatcher: A directory notification failed for 'L:/1609_DPIN4_DANI_A/Alumnos/Arsenal 4.14/Content/Collections/' because it was empty or there was a buffer overflow. Attemping another request...
[2016.12.21-15.26.48:288][  1]LogDirectoryWatcher: A directory notification failed for 'L:/1609_DPIN4_DANI_A/Alumnos/Arsenal 4.14/Content/Collections/', and we were unable to create a new request.
[2016.12.21-15.27.10:687][694]LogTemp: Repeting last play command: Selected Viewport
[2016.12.21-15.27.10:708][694]LogBlueprintUserMessages: Early PlayInEditor Detection: Level '/Game/FirstPersonBP/Maps/FirstPersonExampleMap.FirstPersonExampleMap:PersistentLevel' has LevelScriptBlueprint '/Game/FirstPersonBP/Maps/FirstPersonExampleMap.FirstPersonExampleMap:PersistentLevel.FirstPersonExampleMap' with GeneratedClass '/Game/FirstPersonBP/Maps/FirstPersonExampleMap.FirstPersonExampleMap_C' with ClassGeneratedBy '/Game/FirstPersonBP/Maps/FirstPersonExampleMap.FirstPersonExampleMap:PersistentLevel.FirstPersonExampleMap'
[2016.12.21-15.27.10:708][694]LogPlayLevel: PlayLevel: No blueprints needed recompiling
[2016.12.21-15.27.10:708][694]PIE: New page: Sesión PIE (reproducción en el editor): FirstPersonExampleMap (21/12/2016 17:27:10)
[2016.12.21-15.27.10:708][694]LogPlayLevel: Creating play world package: /Game/FirstPersonBP/Maps/UEDPIE_0_FirstPersonExampleMap
[2016.12.21-15.27.10:736][694]LogPlayLevel: PIE: StaticDuplicateObject took: (0.028495s)
[2016.12.21-15.27.10:737][694]LogAIModule: Creating AISystem for world FirstPersonExampleMap
[2016.12.21-15.27.10:737][694]LogPlayLevel: PIE: World Init took: (0.001006s)
[2016.12.21-15.27.10:738][694]LogPlayLevel: PIE: Created PIE world by copying editor world from /Game/FirstPersonBP/Maps/FirstPersonExampleMap.FirstPersonExampleMap to /Game/FirstPersonBP/Maps/UEDPIE_0_FirstPersonExampleMap.FirstPersonExampleMap (0.029816s)
[2016.12.21-15.27.10:763][694]LogInit: XAudio2 using 'Speakers (Realtek High Definition Audio)' : 2 channels at 48 kHz using 32 bits per sample (channel mask 0x3)
[2016.12.21-15.27.10:771][694]LogInit: FAudioDevice initialized.
[2016.12.21-15.27.10:894][694]LogLoad: Game class is 'FirstPersonGameMode_C'
[2016.12.21-15.27.10:997][694]LogWorld: Bringing World /Game/FirstPersonBP/Maps/UEDPIE_0_FirstPersonExampleMap.FirstPersonExampleMap up for play (max tick rate 0) at 2016.12.21-16.27.10
[2016.12.21-15.27.10:997][694]LogWorld: Bringing up level for play took: 0.101007
[2016.12.21-15.27.11:093][694]LogContentBrowser: Native class hierarchy updated for 'MovieSceneCapture' in 0.0006 seconds. Added 11 classes and 0 folders.
[2016.12.21-15.27.11:093][694]LogGameMode:Display: Match State Changed from EnteringMap to WaitingToStart
[2016.12.21-15.27.11:113][694]LogGameState: Match State Changed from EnteringMap to WaitingToStart
[2016.12.21-15.27.11:113][694]LogGameMode:Display: Match State Changed from WaitingToStart to InProgress
[2016.12.21-15.27.11:175][694]LogPawn:Error: EnableInput can only be specified on a Pawn for its Controller
[2016.12.21-15.27.11:176][694]LogPawn:Error: EnableInput can only be specified on a Pawn for its Controller
[2016.12.21-15.27.11:176][694]LogPawn:Error: EnableInput can only be specified on a Pawn for its Controller
[2016.12.21-15.27.11:176][694]LogGameState: Match State Changed from WaitingToStart to InProgress
[2016.12.21-15.27.11:176][694]PIE: Información Tiempo de inicio de la reproducción en el editor para  /Game/FirstPersonBP/Maps/UEDPIE_0_FirstPersonExampleMap 1,375
[2016.12.21-15.27.11:176][694]LogBlueprintUserMessages: Late PlayInEditor Detection: Level '/Game/FirstPersonBP/Maps/FirstPersonExampleMap.FirstPersonExampleMap:PersistentLevel' has LevelScriptBlueprint '/Game/FirstPersonBP/Maps/FirstPersonExampleMap.FirstPersonExampleMap:PersistentLevel.FirstPersonExampleMap' with GeneratedClass '/Game/FirstPersonBP/Maps/FirstPersonExampleMap.FirstPersonExampleMap_C' with ClassGeneratedBy '/Game/FirstPersonBP/Maps/FirstPersonExampleMap.FirstPersonExampleMap:PersistentLevel.FirstPersonExampleMap'
[2016.12.21-15.27.21:948][202]LogBlueprintUserMessages: [FirstPersonCharacter_C_1] Rifle
[2016.12.21-15.27.22:269][217]LogBlueprintUserMessages: [FirstPersonCharacter_C_1] MachineGun
[2016.12.21-15.27.23:234][263]LogBlueprintUserMessages: [FirstPersonCharacter_C_1] Burst
[2016.12.21-15.27.23:878][294]LogBlueprintUserMessages: [FirstPersonCharacter_C_1] MachineGun
[2016.12.21-15.27.26:356][411]LogBlueprintUserMessages: [FirstPersonCharacter_C_1] Rifle
[2016.12.21-15.27.30:414][606]LogBlueprintUserMessages: [FirstPersonCharacter_C_1] Burst
[2016.12.21-15.27.35:263][837]LogBlueprintUserMessages: [FirstPersonCharacter_C_1] Burst
[2016.12.21-15.27.35:555][851]LogBlueprintUserMessages: [FirstPersonCharacter_C_1] MiniGun
[2016.12.21-15.27.39:003][ 16]LogBlueprintUserMessages: [FirstPersonCharacter_C_1] Rocket Launcher
[2016.12.21-15.27.45:565][323]LogBlueprintUserMessages: [FirstPersonCharacter_C_1] Rocket Launcher
[2016.12.21-15.27.48:558][466]LogBlueprintUserMessages: [FirstPersonCharacter_C_1] MiniGun
[2016.12.21-15.27.50:398][554]LogBlueprintUserMessages: [FirstPersonCharacter_C_1] Rocket Launcher
[2016.12.21-15.28.01:953][103]LogBlueprintUserMessages: Early EndPlayMap Detection: Level '/Game/FirstPersonBP/Maps/FirstPersonExampleMap.FirstPersonExampleMap:PersistentLevel' has LevelScriptBlueprint '/Game/FirstPersonBP/Maps/FirstPersonExampleMap.FirstPersonExampleMap:PersistentLevel.FirstPersonExampleMap' with GeneratedClass '/Game/FirstPersonBP/Maps/FirstPersonExampleMap.FirstPersonExampleMap_C' with ClassGeneratedBy '/Game/FirstPersonBP/Maps/FirstPersonExampleMap.FirstPersonExampleMap:PersistentLevel.FirstPersonExampleMap'
[2016.12.21-15.28.02:049][103]LogBlueprintUserMessages: Late EndPlayMap Detection: Level '/Game/FirstPersonBP/Maps/FirstPersonExampleMap.FirstPersonExampleMap:PersistentLevel' has LevelScriptBlueprint '/Game/FirstPersonBP/Maps/FirstPersonExampleMap.FirstPersonExampleMap:PersistentLevel.FirstPersonExampleMap' with GeneratedClass '/Game/FirstPersonBP/Maps/FirstPersonExampleMap.FirstPersonExampleMap_C' with ClassGeneratedBy '/Game/FirstPersonBP/Maps/FirstPersonExampleMap.FirstPersonExampleMap:PersistentLevel.FirstPersonExampleMap'
[2016.12.21-15.28.02:967][134]LogTemp: Repeting last play command: Selected Viewport
[2016.12.21-15.28.02:993][134]LogBlueprintUserMessages: Early PlayInEditor Detection: Level '/Game/FirstPersonBP/Maps/FirstPersonExampleMap.FirstPersonExampleMap:PersistentLevel' has LevelScriptBlueprint '/Game/FirstPersonBP/Maps/FirstPersonExampleMap.FirstPersonExampleMap:PersistentLevel.FirstPersonExampleMap' with GeneratedClass '/Game/FirstPersonBP/Maps/FirstPersonExampleMap.FirstPersonExampleMap_C' with ClassGeneratedBy '/Game/FirstPersonBP/Maps/FirstPersonExampleMap.FirstPersonExampleMap:PersistentLevel.FirstPersonExampleMap'
[2016.12.21-15.28.02:993][134]LogPlayLevel: PlayLevel: No blueprints needed recompiling
[2016.12.21-15.28.02:993][134]PIE: New page: Sesión PIE (reproducción en el editor): FirstPersonExampleMap (21/12/2016 17:28:02)
[2016.12.21-15.28.02:993][134]LogPlayLevel: Creating play world package: /Game/FirstPersonBP/Maps/UEDPIE_0_FirstPersonExampleMap
[2016.12.21-15.28.03:067][134]LogPlayLevel: PIE: StaticDuplicateObject took: (0.073483s)
[2016.12.21-15.28.03:068][134]LogAIModule: Creating AISystem for world FirstPersonExampleMap
[2016.12.21-15.28.03:068][134]LogPlayLevel: PIE: World Init took: (0.000727s)
[2016.12.21-15.28.03:068][134]LogPlayLevel: PIE: Created PIE world by copying editor world from /Game/FirstPersonBP/Maps/FirstPersonExampleMap.FirstPersonExampleMap to /Game/FirstPersonBP/Maps/UEDPIE_0_FirstPersonExampleMap.FirstPersonExampleMap (0.074413s)
[2016.12.21-15.28.03:077][134]LogInit: XAudio2 using 'Speakers (Realtek High Definition Audio)' : 2 channels at 48 kHz using 32 bits per sample (channel mask 0x3)
[2016.12.21-15.28.03:082][134]LogInit: FAudioDevice initialized.
[2016.12.21-15.28.03:111][134]LogLoad: Game class is 'FirstPersonGameMode_C'
[2016.12.21-15.28.03:114][134]LogWorld: Bringing World /Game/FirstPersonBP/Maps/UEDPIE_0_FirstPersonExampleMap.FirstPersonExampleMap up for play (max tick rate 0) at 2016.12.21-16.28.03
[2016.12.21-15.28.03:114][134]LogWorld: Bringing up level for play took: 0.002491
[2016.12.21-15.28.03:115][134]LogGameMode:Display: Match State Changed from EnteringMap to WaitingToStart
[2016.12.21-15.28.03:115][134]LogGameState: Match State Changed from EnteringMap to WaitingToStart
[2016.12.21-15.28.03:115][134]LogGameMode:Display: Match State Changed from WaitingToStart to InProgress
[2016.12.21-15.28.03:137][134]LogPawn:Error: EnableInput can only be specified on a Pawn for its Controller
[2016.12.21-15.28.03:137][134]LogPawn:Error: EnableInput can only be specified on a Pawn for its Controller
[2016.12.21-15.28.03:137][134]LogPawn:Error: EnableInput can only be specified on a Pawn for its Controller
[2016.12.21-15.28.03:137][134]LogGameState: Match State Changed from WaitingToStart to InProgress
[2016.12.21-15.28.03:137][134]PIE: Información Tiempo de inicio de la reproducción en el editor para  /Game/FirstPersonBP/Maps/UEDPIE_0_FirstPersonExampleMap -0,662
[2016.12.21-15.28.03:138][134]LogBlueprintUserMessages: Late PlayInEditor Detection: Level '/Game/FirstPersonBP/Maps/FirstPersonExampleMap.FirstPersonExampleMap:PersistentLevel' has LevelScriptBlueprint '/Game/FirstPersonBP/Maps/FirstPersonExampleMap.FirstPersonExampleMap:PersistentLevel.FirstPersonExampleMap' with GeneratedClass '/Game/FirstPersonBP/Maps/FirstPersonExampleMap.FirstPersonExampleMap_C' with ClassGeneratedBy '/Game/FirstPersonBP/Maps/FirstPersonExampleMap.FirstPersonExampleMap:PersistentLevel.FirstPersonExampleMap'
[2016.12.21-15.28.09:939][453]LogBlueprintUserMessages: [FirstPersonCharacter_C_1] Rocket Launcher
[2016.12.21-15.28.15:140][700]LogBlueprintUserMessages: Early EndPlayMap Detection: Level '/Game/FirstPersonBP/Maps/FirstPersonExampleMap.FirstPersonExampleMap:PersistentLevel' has LevelScriptBlueprint '/Game/FirstPersonBP/Maps/FirstPersonExampleMap.FirstPersonExampleMap:PersistentLevel.FirstPersonExampleMap' with GeneratedClass '/Game/FirstPersonBP/Maps/FirstPersonExampleMap.FirstPersonExampleMap_C' with ClassGeneratedBy '/Game/FirstPersonBP/Maps/FirstPersonExampleMap.FirstPersonExampleMap:PersistentLevel.FirstPersonExampleMap'
[2016.12.21-15.28.15:199][700]LogBlueprintUserMessages: Late EndPlayMap Detection: Level '/Game/FirstPersonBP/Maps/FirstPersonExampleMap.FirstPersonExampleMap:PersistentLevel' has LevelScriptBlueprint '/Game/FirstPersonBP/Maps/FirstPersonExampleMap.FirstPersonExampleMap:PersistentLevel.FirstPersonExampleMap' with GeneratedClass '/Game/FirstPersonBP/Maps/FirstPersonExampleMap.FirstPersonExampleMap_C' with ClassGeneratedBy '/Game/FirstPersonBP/Maps/FirstPersonExampleMap.FirstPersonExampleMap:PersistentLevel.FirstPersonExampleMap'
[2016.12.21-15.28.17:077][764]LogTemp: Repeting last play command: Selected Viewport
