Log file open, 01/12/17 15:43:37
LogInit:Display: Running engine for game: Arsenal
LogPlatformFile: Not using cached read wrapper
LogInit:Display: RandInit(1290806689) SRandInit(1290806689).
LogTaskGraph: Started task graph with 5 named threads and 8 total threads with 1 sets of task threads.
LogStats: Stats thread started at 0.124793
LogPluginManager: Loaded Plugin Paper2D, From C:/Program Files (x86)/Epic Games/4.14/Engine/Plugins/2D/Paper2D/Paper2D.uplugin
LogPluginManager: Loaded Plugin LightPropagationVolume, From C:/Program Files (x86)/Epic Games/4.14/Engine/Plugins/Blendables/LightPropagationVolume/LightPropagationVolume.uplugin
LogPluginManager: Loaded Plugin BlankPlugin, From C:/Program Files (x86)/Epic Games/4.14/Engine/Plugins/Developer/BlankPlugin/BlankPlugin.uplugin
LogPluginManager: Loaded Plugin CodeLiteSourceCodeAccess, From C:/Program Files (x86)/Epic Games/4.14/Engine/Plugins/Developer/CodeLiteSourceCodeAccess/CodeLiteSourceCodeAccess.uplugin
LogPluginManager: Loaded Plugin GitSourceControl, From C:/Program Files (x86)/Epic Games/4.14/Engine/Plugins/Developer/GitSourceControl/GitSourceControl.uplugin
LogPluginManager: Loaded Plugin KDevelopSourceCodeAccess, From C:/Program Files (x86)/Epic Games/4.14/Engine/Plugins/Developer/KDevelopSourceCodeAccess/KDevelopSourceCodeAccess.uplugin
LogPluginManager: Loaded Plugin NullSourceCodeAccess, From C:/Program Files (x86)/Epic Games/4.14/Engine/Plugins/Developer/NullSourceCodeAccess/NullSourceCodeAccess.uplugin
LogPluginManager: Loaded Plugin OneSkyLocalizationService, From C:/Program Files (x86)/Epic Games/4.14/Engine/Plugins/Developer/OneSkyLocalizationService/OneSkyLocalizationService.uplugin
LogPluginManager: Loaded Plugin PerforceSourceControl, From C:/Program Files (x86)/Epic Games/4.14/Engine/Plugins/Developer/PerforceSourceControl/PerforceSourceControl.uplugin
LogPluginManager: Loaded Plugin SubversionSourceControl, From C:/Program Files (x86)/Epic Games/4.14/Engine/Plugins/Developer/SubversionSourceControl/SubversionSourceControl.uplugin
LogPluginManager: Loaded Plugin UObjectPlugin, From C:/Program Files (x86)/Epic Games/4.14/Engine/Plugins/Developer/UObjectPlugin/UObjectPlugin.uplugin
LogPluginManager: Loaded Plugin VisualStudioSourceCodeAccess, From C:/Program Files (x86)/Epic Games/4.14/Engine/Plugins/Developer/VisualStudioSourceCodeAccess/VisualStudioSourceCodeAccess.uplugin
LogPluginManager: Loaded Plugin XCodeSourceCodeAccess, From C:/Program Files (x86)/Epic Games/4.14/Engine/Plugins/Developer/XCodeSourceCodeAccess/XCodeSourceCodeAccess.uplugin
LogPluginManager: Loaded Plugin AudioCapture, From C:/Program Files (x86)/Epic Games/4.14/Engine/Plugins/Editor/AudioCapture/AudioCapture.uplugin
LogPluginManager: Loaded Plugin EpicSurvey, From C:/Program Files (x86)/Epic Games/4.14/Engine/Plugins/Editor/EpicSurvey/EpicSurvey.uplugin
LogPluginManager: Loaded Plugin MacGraphicsSwitching, From C:/Program Files (x86)/Epic Games/4.14/Engine/Plugins/Editor/MacGraphicsSwitching/MacGraphicsSwitching.uplugin
LogPluginManager: Loaded Plugin MobileLauncherProfileWizard, From C:/Program Files (x86)/Epic Games/4.14/Engine/Plugins/Editor/MobileLauncherProfileWizard/MobileLauncherProfileWizard.uplugin
LogPluginManager: Loaded Plugin PluginBrowser, From C:/Program Files (x86)/Epic Games/4.14/Engine/Plugins/Editor/PluginBrowser/PluginBrowser.uplugin
LogPluginManager: Loaded Plugin SpeedTreeImporter, From C:/Program Files (x86)/Epic Games/4.14/Engine/Plugins/Editor/SpeedTreeImporter/SpeedTreeImporter.uplugin
LogPluginManager: Loaded Plugin SuperSearchEditor, From C:/Program Files (x86)/Epic Games/4.14/Engine/Plugins/Editor/SuperSearchEditor/SuperSearchEditor.uplugin
LogPluginManager: Loaded Plugin AlembicImporter, From C:/Program Files (x86)/Epic Games/4.14/Engine/Plugins/Experimental/AlembicImporter/AlembicImporter.uplugin
LogPluginManager: Loaded Plugin BlueprintStats, From C:/Program Files (x86)/Epic Games/4.14/Engine/Plugins/Experimental/BlueprintStats/BlueprintStats.uplugin
LogPluginManager: Loaded Plugin CharacterAI, From C:/Program Files (x86)/Epic Games/4.14/Engine/Plugins/Experimental/CharacterAI/CharacterAI.uplugin
LogPluginManager: Loaded Plugin CodeEditor, From C:/Program Files (x86)/Epic Games/4.14/Engine/Plugins/Experimental/CodeEditor/CodeEditor.uplugin
LogPluginManager: Loaded Plugin CodeView, From C:/Program Files (x86)/Epic Games/4.14/Engine/Plugins/Experimental/CodeView/CodeView.uplugin
LogPluginManager: Loaded Plugin HTML5Networking, From C:/Program Files (x86)/Epic Games/4.14/Engine/Plugins/Experimental/HTML5Networking/HTML5Networking.uplugin
LogPluginManager: Loaded Plugin OSVR, From C:/Program Files (x86)/Epic Games/4.14/Engine/Plugins/Experimental/OSVR/OSVR.uplugin
LogPluginManager: Loaded Plugin Phya, From C:/Program Files (x86)/Epic Games/4.14/Engine/Plugins/Experimental/Phya/Phya.uplugin
LogPluginManager: Loaded Plugin SignificanceManager, From C:/Program Files (x86)/Epic Games/4.14/Engine/Plugins/Experimental/SignificanceManager/SignificanceManager.uplugin
LogPluginManager: Loaded Plugin SimpleHMD, From C:/Program Files (x86)/Epic Games/4.14/Engine/Plugins/Experimental/SimpleHMD/SimpleHMD.uplugin
LogPluginManager: Loaded Plugin StereoPanorama, From C:/Program Files (x86)/Epic Games/4.14/Engine/Plugins/Experimental/StereoPanorama/StereoPanorama.uplugin
LogPluginManager: Loaded Plugin StructBox, From C:/Program Files (x86)/Epic Games/4.14/Engine/Plugins/Experimental/StructBox/StructBox.uplugin
LogPluginManager: Loaded Plugin AndroidMedia, From C:/Program Files (x86)/Epic Games/4.14/Engine/Plugins/Media/AndroidMedia/AndroidMedia.uplugin
LogPluginManager: Loaded Plugin AvfMedia, From C:/Program Files (x86)/Epic Games/4.14/Engine/Plugins/Media/AvfMedia/AvfMedia.uplugin
LogPluginManager: Loaded Plugin MediaPlayerEditor, From C:/Program Files (x86)/Epic Games/4.14/Engine/Plugins/Media/MediaPlayerEditor/MediaPlayerEditor.uplugin
LogPluginManager: Loaded Plugin WmfMedia, From C:/Program Files (x86)/Epic Games/4.14/Engine/Plugins/Media/WmfMedia/WmfMedia.uplugin
LogPluginManager: Loaded Plugin MessagingDebugger, From C:/Program Files (x86)/Epic Games/4.14/Engine/Plugins/Messaging/MessagingDebugger/MessagingDebugger.uplugin
LogPluginManager: Loaded Plugin TcpMessaging, From C:/Program Files (x86)/Epic Games/4.14/Engine/Plugins/Messaging/TcpMessaging/TcpMessaging.uplugin
LogPluginManager: Loaded Plugin UdpMessaging, From C:/Program Files (x86)/Epic Games/4.14/Engine/Plugins/Messaging/UdpMessaging/UdpMessaging.uplugin
LogPluginManager: Loaded Plugin LevelSequenceEditor, From C:/Program Files (x86)/Epic Games/4.14/Engine/Plugins/MovieScene/LevelSequenceEditor/LevelSequenceEditor.uplugin
LogPluginManager: Loaded Plugin MatineeToLevelSequence, From C:/Program Files (x86)/Epic Games/4.14/Engine/Plugins/MovieScene/MatineeToLevelSequence/MatineeToLevelSequence.uplugin
LogPluginManager: Loaded Plugin NetcodeUnitTest, From C:/Program Files (x86)/Epic Games/4.14/Engine/Plugins/NetcodeUnitTest/NetcodeUnitTest/NetcodeUnitTest.uplugin
LogPluginManager: Loaded Plugin NUTUnrealEngine4, From C:/Program Files (x86)/Epic Games/4.14/Engine/Plugins/NetcodeUnitTest/NUTUnrealEngine4/NUTUnrealEngine4.uplugin
LogPluginManager: Loaded Plugin OnlineSubsystemGameCircle, From C:/Program Files (x86)/Epic Games/4.14/Engine/Plugins/Online/Android/OnlineSubsystemGameCircle/OnlineSubsystemGameCircle.uplugin
LogPluginManager: Loaded Plugin OnlineSubsystemGooglePlay, From C:/Program Files (x86)/Epic Games/4.14/Engine/Plugins/Online/Android/OnlineSubsystemGooglePlay/OnlineSubsystemGooglePlay.uplugin
LogPluginManager: Loaded Plugin OnlineSubsystemIOS, From C:/Program Files (x86)/Epic Games/4.14/Engine/Plugins/Online/IOS/OnlineSubsystemIOS/OnlineSubsystemIOS.uplugin
LogPluginManager: Loaded Plugin OnlineFramework, From C:/Program Files (x86)/Epic Games/4.14/Engine/Plugins/Online/OnlineFramework/OnlineFramework.uplugin
LogPluginManager: Loaded Plugin OnlineSubsystem, From C:/Program Files (x86)/Epic Games/4.14/Engine/Plugins/Online/OnlineSubsystem/OnlineSubsystem.uplugin
LogPluginManager: Loaded Plugin OnlineSubsystemAmazon, From C:/Program Files (x86)/Epic Games/4.14/Engine/Plugins/Online/OnlineSubsystemAmazon/OnlineSubsystemAmazon.uplugin
LogPluginManager: Loaded Plugin OnlineSubsystemFacebook, From C:/Program Files (x86)/Epic Games/4.14/Engine/Plugins/Online/OnlineSubsystemFacebook/OnlineSubsystemFacebook.uplugin
LogPluginManager: Loaded Plugin OnlineSubsystemNull, From C:/Program Files (x86)/Epic Games/4.14/Engine/Plugins/Online/OnlineSubsystemNull/OnlineSubsystemNull.uplugin
LogPluginManager: Loaded Plugin OnlineSubsystemOculus, From C:/Program Files (x86)/Epic Games/4.14/Engine/Plugins/Online/OnlineSubsystemOculus/OnlineSubsystemOculus.uplugin
LogPluginManager: Loaded Plugin OnlineSubsystemSteam, From C:/Program Files (x86)/Epic Games/4.14/Engine/Plugins/Online/OnlineSubsystemSteam/OnlineSubsystemSteam.uplugin
LogPluginManager: Loaded Plugin OnlineSubsystemUtils, From C:/Program Files (x86)/Epic Games/4.14/Engine/Plugins/Online/OnlineSubsystemUtils/OnlineSubsystemUtils.uplugin
LogPluginManager: Loaded Plugin IOSTapJoy, From C:/Program Files (x86)/Epic Games/4.14/Engine/Plugins/Runtime/Advertising/IOSTapJoy/IOSTapJoy.uplugin
LogPluginManager: Loaded Plugin AnalyticsBlueprintLibrary, From C:/Program Files (x86)/Epic Games/4.14/Engine/Plugins/Runtime/Analytics/AnalyticsBlueprintLibrary/AnalyticsBlueprintLibrary.uplugin
LogPluginManager: Loaded Plugin AnalyticsMulticast, From C:/Program Files (x86)/Epic Games/4.14/Engine/Plugins/Runtime/Analytics/AnalyticsMulticast/AnalyticsMulticast.uplugin
LogPluginManager: Loaded Plugin Apsalar, From C:/Program Files (x86)/Epic Games/4.14/Engine/Plugins/Runtime/Analytics/Apsalar/Apsalar.uplugin
LogPluginManager: Loaded Plugin FileLogging, From C:/Program Files (x86)/Epic Games/4.14/Engine/Plugins/Runtime/Analytics/FileLogging/FileLogging.uplugin
LogPluginManager: Loaded Plugin Flurry, From C:/Program Files (x86)/Epic Games/4.14/Engine/Plugins/Runtime/Analytics/Flurry/Flurry.uplugin
LogPluginManager: Loaded Plugin AndroidDeviceProfileSelector, From C:/Program Files (x86)/Epic Games/4.14/Engine/Plugins/Runtime/AndroidDeviceProfileSelector/AndroidDeviceProfileSelector.uplugin
LogPluginManager: Loaded Plugin AndroidMoviePlayer, From C:/Program Files (x86)/Epic Games/4.14/Engine/Plugins/Runtime/AndroidMoviePlayer/AndroidMoviePlayer.uplugin
LogPluginManager: Loaded Plugin AppleMoviePlayer, From C:/Program Files (x86)/Epic Games/4.14/Engine/Plugins/Runtime/AppleMoviePlayer/AppleMoviePlayer.uplugin
LogPluginManager: Loaded Plugin ArchVisCharacter, From C:/Program Files (x86)/Epic Games/4.14/Engine/Plugins/Runtime/ArchVisCharacter/ArchVisCharacter.uplugin
LogPluginManager: Loaded Plugin CableComponent, From C:/Program Files (x86)/Epic Games/4.14/Engine/Plugins/Runtime/CableComponent/CableComponent.uplugin
LogPluginManager: Loaded Plugin CustomMeshComponent, From C:/Program Files (x86)/Epic Games/4.14/Engine/Plugins/Runtime/CustomMeshComponent/CustomMeshComponent.uplugin
LogPluginManager: Loaded Plugin ExampleDeviceProfileSelector, From C:/Program Files (x86)/Epic Games/4.14/Engine/Plugins/Runtime/ExampleDeviceProfileSelector/ExampleDeviceProfileSelector.uplugin
LogPluginManager: Loaded Plugin GearVR, From C:/Program Files (x86)/Epic Games/4.14/Engine/Plugins/Runtime/GearVR/GearVR.uplugin
LogPluginManager: Loaded Plugin GoogleVRController, From C:/Program Files (x86)/Epic Games/4.14/Engine/Plugins/Runtime/GoogleVR/GoogleVRController/GoogleVRController.uplugin
LogPluginManager: Loaded Plugin GoogleVRHMD, From C:/Program Files (x86)/Epic Games/4.14/Engine/Plugins/Runtime/GoogleVR/GoogleVRHMD/GoogleVRHMD.uplugin
LogPluginManager: Loaded Plugin IOSDeviceProfileSelector, From C:/Program Files (x86)/Epic Games/4.14/Engine/Plugins/Runtime/IOSDeviceProfileSelector/IOSDeviceProfileSelector.uplugin
LogPluginManager: Loaded Plugin LeapMotion, From C:/Program Files (x86)/Epic Games/4.14/Engine/Plugins/Runtime/LeapMotion/LeapMotion.uplugin
LogPluginManager: Loaded Plugin LinuxDeviceProfileSelector, From C:/Program Files (x86)/Epic Games/4.14/Engine/Plugins/Runtime/LinuxDeviceProfileSelector/LinuxDeviceProfileSelector.uplugin
LogPluginManager: Loaded Plugin MIDIDevice, From C:/Program Files (x86)/Epic Games/4.14/Engine/Plugins/Runtime/MIDIDevice/MIDIDevice.uplugin
LogPluginManager: Loaded Plugin MobilePatchingUtils, From C:/Program Files (x86)/Epic Games/4.14/Engine/Plugins/Runtime/MobilePatchingUtils/MobilePatchingUtils.uplugin
LogPluginManager: Loaded Plugin Ansel, From C:/Program Files (x86)/Epic Games/4.14/Engine/Plugins/Runtime/Nvidia/Ansel/Ansel.uplugin
LogPluginManager: Loaded Plugin OculusAudio, From C:/Program Files (x86)/Epic Games/4.14/Engine/Plugins/Runtime/OculusAudio/OculusAudio.uplugin
LogPluginManager: Loaded Plugin OculusInput, From C:/Program Files (x86)/Epic Games/4.14/Engine/Plugins/Runtime/OculusInput/OculusInput.uplugin
LogPluginManager: Loaded Plugin OculusLibrary, From C:/Program Files (x86)/Epic Games/4.14/Engine/Plugins/Runtime/OculusLibrary/OculusLibrary.uplugin
LogPluginManager: Loaded Plugin OculusRift, From C:/Program Files (x86)/Epic Games/4.14/Engine/Plugins/Runtime/OculusRift/OculusRift.uplugin
LogPluginManager: Loaded Plugin Oodle, From C:/Program Files (x86)/Epic Games/4.14/Engine/Plugins/Runtime/PacketHandlers/CompressionComponents/Oodle/Oodle.uplugin
LogPluginManager: Loaded Plugin ProceduralMeshComponent, From C:/Program Files (x86)/Epic Games/4.14/Engine/Plugins/Runtime/ProceduralMeshComponent/ProceduralMeshComponent.uplugin
LogPluginManager: Loaded Plugin SoundMod, From C:/Program Files (x86)/Epic Games/4.14/Engine/Plugins/Runtime/SoundMod/SoundMod.uplugin
LogPluginManager: Loaded Plugin SoundVisualizations, From C:/Program Files (x86)/Epic Games/4.14/Engine/Plugins/Runtime/SoundVisualizations/SoundVisualizations.uplugin
LogPluginManager: Loaded Plugin SteamController, From C:/Program Files (x86)/Epic Games/4.14/Engine/Plugins/Runtime/Steam/SteamController/SteamController.uplugin
LogPluginManager: Loaded Plugin SteamVR, From C:/Program Files (x86)/Epic Games/4.14/Engine/Plugins/Runtime/Steam/SteamVR/SteamVR.uplugin
LogPluginManager: Loaded Plugin WebBrowserWidget, From C:/Program Files (x86)/Epic Games/4.14/Engine/Plugins/Runtime/WebBrowserWidget/WebBrowserWidget.uplugin
LogPluginManager: Loaded Plugin WindowsDeviceProfileSelector, From C:/Program Files (x86)/Epic Games/4.14/Engine/Plugins/Runtime/WindowsDeviceProfileSelector/WindowsDeviceProfileSelector.uplugin
LogPluginManager: Loaded Plugin WindowsMoviePlayer, From C:/Program Files (x86)/Epic Games/4.14/Engine/Plugins/Runtime/WindowsMoviePlayer/WindowsMoviePlayer.uplugin
LogPluginManager: Loaded Plugin ScriptPlugin, From C:/Program Files (x86)/Epic Games/4.14/Engine/Plugins/ScriptPlugin/ScriptPlugin.uplugin
LogPluginManager: Loaded Plugin SlateRemote, From C:/Program Files (x86)/Epic Games/4.14/Engine/Plugins/Slate/SlateRemote/SlateRemote.uplugin
LogPluginManager: Loaded Plugin EditorTests, From C:/Program Files (x86)/Epic Games/4.14/Engine/Plugins/Tests/EditorTests/EditorTests.uplugin
LogPluginManager: Loaded Plugin FbxAutomationTestBuilder, From C:/Program Files (x86)/Epic Games/4.14/Engine/Plugins/Tests/FbxAutomationTestBuilder/FbxAutomationTestBuilder.uplugin
LogPluginManager: Loaded Plugin FunctionalTestingEditor, From C:/Program Files (x86)/Epic Games/4.14/Engine/Plugins/Tests/FunctionalTestingEditor/FunctionalTestingEditor.uplugin
LogPluginManager: Loaded Plugin RuntimeTests, From C:/Program Files (x86)/Epic Games/4.14/Engine/Plugins/Tests/RuntimeTests/RuntimeTests.uplugin
LogPluginManager: Loaded Plugin ScreenshotTools, From C:/Program Files (x86)/Epic Games/4.14/Engine/Plugins/Tests/ScreenshotTools/ScreenshotTools.uplugin
LogInit: Using libcurl 7.47.1
LogInit:  - built for x86_64-pc-win32
LogInit:  - supports SSL with OpenSSL/1.0.2g
LogInit:  - supports HTTP deflate (compression) using libz 1.2.8
LogInit:  - other features:
LogInit:      CURL_VERSION_SSL
LogInit:      CURL_VERSION_LIBZ
LogInit:      CURL_VERSION_IPV6
LogInit:      CURL_VERSION_ASYNCHDNS
LogInit:      CURL_VERSION_LARGEFILE
LogInit:      CURL_VERSION_IDN
LogInit:  CurlRequestOptions (configurable via config and command line):
LogInit:  - bVerifyPeer = false  - Libcurl will NOT verify peer certificate
LogInit:  - bUseHttpProxy = false  - Libcurl will NOT use HTTP proxy
LogInit:  - bDontReuseConnections = false  - Libcurl will reuse connections
LogInit:  - CertBundlePath = nullptr  - Libcurl will use whatever was configured at build time.
LogInit: Build: ++UE4+Release-4.14-CL-3249277
LogInit: Engine Version: 4.14.3-3249277+++UE4+Release-4.14
LogInit: Compatible Engine Version: 4.14.0-3195953+++UE4+Release-4.14
LogInit: Net CL: 3195953
LogDevObjectVersion: Number of dev versions registered: 13
LogDevObjectVersion:   Dev-Blueprints (B0D832E4-1F89-4F0D-ACCF-7EB736FD4AA2): 7
LogDevObjectVersion:   Dev-Build (E1C64328-A22C-4D53-A36C-8E866417BD8C): 0
LogDevObjectVersion:   Dev-Core (375EC13C-06E4-48FB-B500-84F0262A717E): 1
LogDevObjectVersion:   Dev-Editor (E4B068ED-F494-42E9-A231-DA0B2E46BB41): 8
LogDevObjectVersion:   Dev-Framework (CFFC743F-43B0-4480-9391-14DF171D2073): 17
LogDevObjectVersion:   Dev-Mobile (B02B49B5-BB20-44E9-A304-32B752E40360): 0
LogDevObjectVersion:   Dev-Networking (A4E4105C-59A1-49B5-A7C5-40C4547EDFEE): 0
LogDevObjectVersion:   Dev-Online (39C831C9-5AE6-47DC-9A44-9C173E1C8E7C): 0
LogDevObjectVersion:   Dev-Physics (78F01B33-EBEA-4F98-B9B4-84EACCB95AA2): 0
LogDevObjectVersion:   Dev-Platform (6631380F-2D4D-43E0-8009-CF276956A95A): 0
LogDevObjectVersion:   Dev-Rendering (12F88B9F-8875-4AFC-A67C-D90C383ABD29): 12
LogDevObjectVersion:   Dev-Sequencer (7B5AE74C-D270-4C10-A958-57980B212A5A): 1
LogDevObjectVersion:   Dev-VR (D7296918-1DD6-4BDD-9DE2-64A83CC13884): 0
LogInit: Compiled (64-bit): Jan  6 2017 10:49:43
LogInit: Compiled with Visual C++: 19.00.23026.00
LogInit: Build Configuration: Development
LogInit: Branch Name: ++UE4+Release-4.14
LogInit: Command line: -EpicPortal 
LogInit: Base directory: C:/Program Files (x86)/Epic Games/4.14/Engine/Binaries/Win64/
LogInit: Installed Engine Build: 1
LogInit: Presizing for max 8388607 objects, including 0 objects not considered by GC, pre-allocating 0 bytes for permanent pool.
LogInit: Object subsystem initialized
[2017.01.12-14.43.37:864][  0]LogInit: Selected Device Profile: [Windows]
[2017.01.12-14.43.37:864][  0]LogInit: Applying CVar settings loaded from the selected device profile: [Windows]
[2017.01.12-14.43.37:902][  0]LogInit: Computer: WKSALMPUB325
[2017.01.12-14.43.37:902][  0]LogInit: User: sergiocobos
[2017.01.12-14.43.37:902][  0]LogInit: CPU Page size=65536, Cores=4
[2017.01.12-14.43.37:902][  0]LogInit: High frequency timer resolution =3.312644 MHz
[2017.01.12-14.43.37:902][  0]LogMemory: Memory total: Physical=7.9GB (8GB approx)
[2017.01.12-14.43.37:902][  0]LogMemory: Platform Memory Stats for Windows
[2017.01.12-14.43.37:902][  0]LogMemory: Process Physical Memory: 264.34 MB used, 264.34 MB peak
[2017.01.12-14.43.37:902][  0]LogMemory: Process Virtual Memory: 262.60 MB used, 262.60 MB peak
[2017.01.12-14.43.37:902][  0]LogMemory: Physical Memory: 4690.37 MB used,  3441.99 MB free, 8132.36 MB total
[2017.01.12-14.43.37:902][  0]LogMemory: Virtual Memory: 677.42 MB used,  3441.99 MB free, 134217728.00 MB total
[2017.01.12-14.43.37:938][  0]LogTextLocalizationManager: No specific translations for ('es-ES') exist, so ('es') translations will be used.
[2017.01.12-14.43.38:351][  0]LogD3D11RHI: D3D11 adapters:
[2017.01.12-14.43.38:368][  0]LogD3D11RHI:    0. 'NVIDIA Quadro K600 ' (Feature Level 11_0)
[2017.01.12-14.43.38:368][  0]LogD3D11RHI:       972/0/4066 MB DedicatedVideo/DedicatedSystem/SharedSystem, Outputs:1, VendorId:0x10de
[2017.01.12-14.43.38:370][  0]LogD3D11RHI:    1. 'Microsoft Basic Render Driver' (Feature Level 11_0)
[2017.01.12-14.43.38:370][  0]LogD3D11RHI:       0/0/4066 MB DedicatedVideo/DedicatedSystem/SharedSystem, Outputs:0, VendorId:0x1414
[2017.01.12-14.43.38:370][  0]LogD3D11RHI: Chosen D3D11 Adapter: 0
[2017.01.12-14.43.38:374][  0]LogD3D11RHI: Creating new Direct3DDevice
[2017.01.12-14.43.38:374][  0]LogD3D11RHI:     GPU DeviceId: 0xffa (for the marketing name, search the web for "GPU Device Id")
[2017.01.12-14.43.38:374][  0]LogWindows: EnumDisplayDevices:
[2017.01.12-14.43.38:374][  0]LogWindows:    0. 'NVIDIA Quadro K600 ' (P:1 D:1)
[2017.01.12-14.43.38:374][  0]LogWindows:    1. 'NVIDIA Quadro K600 ' (P:0 D:0)
[2017.01.12-14.43.38:374][  0]LogWindows: DebugString: FoundDriverCount:2 
[2017.01.12-14.43.38:374][  0]LogD3D11RHI:     Adapter Name: NVIDIA Quadro K600 
[2017.01.12-14.43.38:374][  0]LogD3D11RHI:   Driver Version: 358.87 (internal:10.18.13.5887, unified:358.87)
[2017.01.12-14.43.38:374][  0]LogD3D11RHI:      Driver Date: 11-2-2015
[2017.01.12-14.43.38:374][  0]LogRHI: Texture pool is 680 MB (70% of 972 MB)
[2017.01.12-14.43.38:384][  0]LogD3D11RHI:Warning: Timestamp queries are currently disabled on this hardware due to instability. Realtime GPU stats will not be available. You can override this behaviour by setting r.NVIDIATimestampWorkaround to 0
[2017.01.12-14.43.38:384][  0]LogD3D11RHI: Async texture creation enabled
[2017.01.12-14.43.38:400][  0]LogD3D11RHI: GPU Timing Frequency: 1000.000000 (Debug: 2 2)
[2017.01.12-14.43.38:400][  0]LogShaderCompilers: Guid format shader working directory is 12 characters bigger than the processId version (L:/1609_DPIN4_DANI_A/Alumnos/Arsenal 4.14/Intermediate/Shaders/WorkingDirectory/4844/).
[2017.01.12-14.43.38:400][  0]LogShaderCompilers: Cleaned the shader compiler working directory 'C:/Users/sergio.cobos/AppData/Local/Temp/UnrealShaderWorkingDir/D948D4DD47B56EFE64C1838FF30D56E2/'.
[2017.01.12-14.43.38:400][  0]LogShaderCompilers:Display: Using Local Shader Compiler.
[2017.01.12-14.43.40:896][  0]LogTemp:Display: Loaded TP AllDesktopTargetPlatform
[2017.01.12-14.43.40:952][  0]LogTemp:Display: Loaded TP MacClientTargetPlatform
[2017.01.12-14.43.41:009][  0]LogTemp:Display: Loaded TP MacNoEditorTargetPlatform
[2017.01.12-14.43.41:072][  0]LogTemp:Display: Loaded TP MacServerTargetPlatform
[2017.01.12-14.43.41:146][  0]LogTemp:Display: Loaded TP MacTargetPlatform
[2017.01.12-14.43.41:206][  0]LogTemp:Display: Loaded TP WindowsClientTargetPlatform
[2017.01.12-14.43.41:263][  0]LogTemp:Display: Loaded TP WindowsNoEditorTargetPlatform
[2017.01.12-14.43.41:319][  0]LogTemp:Display: Loaded TP WindowsServerTargetPlatform
[2017.01.12-14.43.41:366][  0]LogTemp:Display: Loaded TP WindowsTargetPlatform
[2017.01.12-14.43.41:438][  0]LogTemp:Display: Loaded TP AndroidTargetPlatform
[2017.01.12-14.43.41:496][  0]LogTemp:Display: Loaded TP Android_ASTCTargetPlatform
[2017.01.12-14.43.41:556][  0]LogTemp:Display: Loaded TP Android_ATCTargetPlatform
[2017.01.12-14.43.41:616][  0]LogTemp:Display: Loaded TP Android_DXTTargetPlatform
[2017.01.12-14.43.41:670][  0]LogTemp:Display: Loaded TP Android_ETC1TargetPlatform
[2017.01.12-14.43.41:723][  0]LogTemp:Display: Loaded TP Android_ETC2TargetPlatform
[2017.01.12-14.43.41:831][  0]LogTemp:Display: Loaded TP Android_MultiTargetPlatform
[2017.01.12-14.43.41:831][  0]LogTemp:Display: Loaded TP Android_PVRTCTargetPlatform
[2017.01.12-14.43.41:864][  0]LogTemp:Display: Loaded TP HTML5TargetPlatform
[2017.01.12-14.43.41:988][  0]LogTemp:Display: Loaded TP IOSTargetPlatform
[2017.01.12-14.43.42:025][  0]LogTemp:Display: Loaded TP TVOSTargetPlatform
[2017.01.12-14.43.42:078][  0]LogTemp:Display: Loaded TP LinuxClientTargetPlatform
[2017.01.12-14.43.42:135][  0]LogTemp:Display: Loaded TP LinuxNoEditorTargetPlatform
[2017.01.12-14.43.42:196][  0]LogTemp:Display: Loaded TP LinuxServerTargetPlatform
[2017.01.12-14.43.42:309][  0]LogTemp:Display: Loaded TP LinuxTargetPlatform
[2017.01.12-14.43.42:309][  0]LogTargetPlatformManager:Display: Building Assets For Windows
[2017.01.12-14.43.42:678][  0]LogDerivedDataCache:Display: Max Cache Size: 512 MB
[2017.01.12-14.43.43:585][  0]LogDerivedDataCache: Loaded boot cache 0.91s 60MB C:/Users/sergio.cobos/AppData/Local/UnrealEngine/4.14/DerivedDataCache/Boot.ddc.
[2017.01.12-14.43.43:585][  0]LogDerivedDataCache:Display: Loaded Boot cache: C:/Users/sergio.cobos/AppData/Local/UnrealEngine/4.14/DerivedDataCache/Boot.ddc
[2017.01.12-14.43.43:586][  0]LogDerivedDataCache: FDerivedDataBackendGraph:  Pak pak cache file L:/1609_DPIN4_DANI_A/Alumnos/Arsenal 4.14/DerivedDataCache/DDC.ddp not found, will not use a pak cache.
[2017.01.12-14.43.43:586][  0]LogDerivedDataCache: Unable to find inner node Pak for hierarchical cache Hierarchy.
[2017.01.12-14.43.43:587][  0]LogDerivedDataCache: FDerivedDataBackendGraph:  CompressedPak pak cache file L:/1609_DPIN4_DANI_A/Alumnos/Arsenal 4.14/DerivedDataCache/Compressed.ddp not found, will not use a pak cache.
[2017.01.12-14.43.43:587][  0]LogDerivedDataCache: Unable to find inner node CompressedPak for hierarchical cache Hierarchy.
[2017.01.12-14.43.43:611][  0]LogDerivedDataCache:Display: Pak cache opened for reading ../../../Engine/DerivedDataCache/Compressed.ddp.
[2017.01.12-14.43.43:624][  0]LogDerivedDataCache: Using Local data cache path C:/Users/sergio.cobos/AppData/Local/UnrealEngine/Common/DerivedDataCache: Writable
[2017.01.12-14.43.43:852][  0]LogInit: Selected Device Profile: [Windows]
[2017.01.12-14.43.43:855][  0]LogContentStreaming: Texture pool size is 0.00 MB
[2017.01.12-14.43.44:086][  0]LogMeshUtilities: Using QuadricMeshReduction for automatic static mesh reduction
[2017.01.12-14.43.44:135][  0]LogSimplygon: Simplygon DLL not present - disabling.
[2017.01.12-14.43.44:176][  0]LogMeshUtilities: Using SimplygonSwarm for distributed automatic mesh merging
[2017.01.12-14.43.44:176][  0]LogMeshUtilities: No automatic skeletal mesh reduction module available
[2017.01.12-14.43.44:176][  0]LogMeshUtilities: No automatic mesh merging module available
[2017.01.12-14.43.44:783][  0]LogNetVersion: GetLocalNetworkVersion: CL: 3195953, ProjectName: arsenal, ProjectVersion: , EngineNetworkVersion: 2, GameNetworkVersion: 0, NetworkChecksum: 2114083448
[2017.01.12-14.43.44:839][  0]LogAssetRegistry: FAssetRegistry took 0.0217 seconds to start up
[2017.01.12-14.43.45:134][  0]LogPackageLocalizationCache: Processed 3 localized package path(s) for 2 prioritized culture(s) in 0.275602 seconds
[2017.01.12-14.43.45:144][  0]LogUObjectArray: 31946 objects as part of root set at end of initial load.
[2017.01.12-14.43.45:144][  0]LogUObjectAllocator: 6935848 out of 0 bytes used by permanent object pool.
[2017.01.12-14.43.45:144][  0]LogUObjectArray: CloseDisregardForGC: 0/0 objects in disregard for GC pool
[2017.01.12-14.43.45:214][  0]LogInit: WinSock: version 1.1 (2.2), MaxSocks=32767, MaxUdp=65467
[2017.01.12-14.43.46:049][  0]LogSlate: Using Freetype 2.6.0
[2017.01.12-14.43.46:084][  0]LogSlate: SlateFontCache - WITH_FREETYPE: 1, WITH_HARFBUZZ: 1
[2017.01.12-14.43.46:084][  0]LogSlate: SlateFontCache - WITH_FREETYPE: 1, WITH_HARFBUZZ: 1
[2017.01.12-14.43.53:487][  0]LogTcpMessaging: Initializing TcpMessaging bridge
[2017.01.12-14.43.53:542][  0]LogUdpMessaging: Initializing bridge on interface 0.0.0.0:0 to multicast group 230.0.0.1:6666.
[2017.01.12-14.43.53:543][  0]LogDirectoryWatcher: A directory notification failed for 'L:/1609_DPIN4_DANI_A/Alumnos/Arsenal 4.14/Content/' because it was empty or there was a buffer overflow. Attemping another request...
[2017.01.12-14.43.53:890][  0]LogMaterial: Uniform references updated for custom material expression Custom.
[2017.01.12-14.43.54:283][  0]SourceControl: Información El control de código fuente está desactivado
[2017.01.12-14.43.54:283][  0]SourceControl: Información El control de código fuente está desactivado
[2017.01.12-14.43.54:325][  0]SourceControl: Información El control de código fuente está desactivado
[2017.01.12-14.43.54:367][  0]SourceControl: Información El control de código fuente está desactivado
[2017.01.12-14.43.55:840][  0]LogEngine: Initializing Engine...
[2017.01.12-14.43.55:840][  0]LogHMD: Failed to initialize OpenVR with code 110
[2017.01.12-14.43.56:041][  0]LogAIModule: Creating AISystem for world Untitled
[2017.01.12-14.43.56:047][  0]LogInit: XAudio2 using 'Speakers (Realtek High Definition Audio)' : 2 channels at 48 kHz using 32 bits per sample (channel mask 0x3)
[2017.01.12-14.43.56:066][  0]LogInit: FAudioDevice initialized.
[2017.01.12-14.43.56:095][  0]LogDerivedDataCache: Saved boot cache 0.03s 60MB C:/Users/sergio.cobos/AppData/Local/UnrealEngine/4.14/DerivedDataCache/Boot.ddc.
[2017.01.12-14.43.56:104][  0]LogInit: Texture streaming: Enabled
[2017.01.12-14.43.56:265][  0]LogInit: Transaction tracking system initialized
[2017.01.12-14.43.56:568][  0]BlueprintLog: New page: Cargar el editor
[2017.01.12-14.43.57:393][  0]LocalizationService: Información Localization service is disabled
[2017.01.12-14.43.58:300][  0]LogConsoleResponse:Display: 
[2017.01.12-14.43.58:677][  0]LogCook:Display: Max memory allowance for cook 16384mb min free memory 0mb
[2017.01.12-14.43.58:677][  0]LogCook:Display: Mobile HDR setting 1
[2017.01.12-14.43.58:734][  0]LogFileCache: Scanning file cache for directory 'L:/1609_DPIN4_DANI_A/Alumnos/Arsenal 4.14/Content/' took 0.02s
[2017.01.12-14.43.59:732][  0]SourceControl: Información El control de código fuente está desactivado
[2017.01.12-14.43.59:732][  0]Cmd: MAP LOAD FILE="L:/1609_DPIN4_DANI_A/Alumnos/Arsenal 4.14/Content/FirstPersonBP/Maps/FirstPersonExampleMap.umap" TEMPLATE=0 SHOWPROGRESS=1 FEATURELEVEL=3
[2017.01.12-14.43.59:743][  0]LightingResults: New page: Diseñar la iluminación
[2017.01.12-14.43.59:779][  0]MapCheck: New page: Revisión del mapa
[2017.01.12-14.43.59:779][  0]LightingResults: New page: Diseñar la iluminación
[2017.01.12-14.44.00:957][  0]LogBlueprint:Warning: [Compiler FirstPersonCharacter] Aviso  K2Node_CallFunction_7545  está obsoleto; Use Clear and Invalidate Timer by Handle. Note: you no longer need to reset your handle yourself after switching to the new function.
[2017.01.12-14.44.00:957][  0]LogBlueprint:Warning: [Compiler FirstPersonCharacter] Aviso  K2Node_CallFunction_11991  está obsoleto; Use Clear and Invalidate Timer by Handle. Note: you no longer need to reset your handle yourself after switching to the new function.
[2017.01.12-14.44.00:971][  0]LogBlueprint:Warning: [Compiler FirstPersonCharacter] Aviso [0025,45] Compile of FirstPersonCharacter successful, but with 2 Warning(s) [in 45 ms] (/Game/FirstPersonBP/Blueprints/FirstPersonCharacter.FirstPersonCharacter)
[2017.01.12-14.44.00:971][  0]LogBlueprint:Warning: [Compiler FirstPersonCharacter] Aviso [0025,45] Compile of FirstPersonCharacter successful, but with 3 Warning(s) [in 0 ms] (/Game/FirstPersonBP/Blueprints/FirstPersonCharacter.FirstPersonCharacter)
[2017.01.12-14.44.00:971][  0]LogBlueprint:Warning: [Compiler FirstPersonCharacter] Aviso [0025,45] Compile of FirstPersonCharacter successful, but with 4 Warning(s) [in 0 ms] (/Game/FirstPersonBP/Blueprints/FirstPersonCharacter.FirstPersonCharacter)
[2017.01.12-14.44.00:996][  0]LogBlueprint:Warning: [Compiler FirstPersonCharacter] Aviso  K2Node_CallFunction_7545  está obsoleto; Use Clear and Invalidate Timer by Handle. Note: you no longer need to reset your handle yourself after switching to the new function.
[2017.01.12-14.44.00:996][  0]LogBlueprint:Warning: [Compiler FirstPersonCharacter] Aviso  K2Node_CallFunction_11991  está obsoleto; Use Clear and Invalidate Timer by Handle. Note: you no longer need to reset your handle yourself after switching to the new function.
[2017.01.12-14.44.01:006][  0]LogBlueprint:Warning: [Compiler FirstPersonCharacter] Aviso [0025,48] Compile of FirstPersonCharacter successful, but with 2 Warning(s) [in 22 ms] (/Game/FirstPersonBP/Blueprints/FirstPersonCharacter.FirstPersonCharacter)
[2017.01.12-14.44.01:006][  0]LogBlueprint:Warning: [Compiler FirstPersonCharacter] Aviso [0025,48] Compile of FirstPersonCharacter successful, but with 3 Warning(s) [in 0 ms] (/Game/FirstPersonBP/Blueprints/FirstPersonCharacter.FirstPersonCharacter)
[2017.01.12-14.44.01:006][  0]LogBlueprint:Warning: [Compiler FirstPersonCharacter] Aviso [0025,48] Compile of FirstPersonCharacter successful, but with 4 Warning(s) [in 0 ms] (/Game/FirstPersonBP/Blueprints/FirstPersonCharacter.FirstPersonCharacter)
[2017.01.12-14.44.04:006][  0]LogAIModule: Creating AISystem for world FirstPersonExampleMap
[2017.01.12-14.44.04:143][  0]LogEditorServer: Finished looking for orphan Actors (0.000 secs)
[2017.01.12-14.44.04:144][  0]Cmd: MAP CHECKDEP NOCLEARLOG
[2017.01.12-14.44.04:207][  0]MapCheck: Información Map check complete: 0 Error(s), 0 Warning(s), took 62,77ms to complete.
[2017.01.12-14.44.04:207][  0]LogFileHelpers: Loading map 'FirstPersonExampleMap' took 4.475
[2017.01.12-14.44.04:773][  0]LogCollectionManager: Loaded 0 collections in 0.003144 seconds
[2017.01.12-14.44.04:983][  0]LogFileCache: Scanning file cache for directory 'L:/1609_DPIN4_DANI_A/Alumnos/Arsenal 4.14/Saved/Collections/' took 0.01s
[2017.01.12-14.44.04:983][  0]LogFileCache: Scanning file cache for directory 'L:/1609_DPIN4_DANI_A/Alumnos/Arsenal 4.14/Content/Developers/sergiocobos/Collections/' took 0.01s
[2017.01.12-14.44.04:983][  0]LogFileCache: Scanning file cache for directory 'L:/1609_DPIN4_DANI_A/Alumnos/Arsenal 4.14/Content/Collections/' took 0.01s
[2017.01.12-14.44.04:983][  0]LogCollectionManager: Rebuilt the GUID cache for 0 collections in 0.000003 seconds
[2017.01.12-14.44.05:007][  0]LogContentBrowser: Native class hierarchy populated in 0.0223 seconds. Added 2190 classes and 428 folders.
[2017.01.12-14.44.05:182][  0]LogStats: UGameplayTagsManager::ConstructGameplayTagTree: Construct from data asset -  0.000 s
[2017.01.12-14.44.05:182][  0]LogStats: UGameplayTagsManager::ConstructGameplayTagTree: GameplayTagTreeChangedEvent.Broadcast -  0.000 s
[2017.01.12-14.44.05:184][  0]LogContentBrowser: Native class hierarchy updated for 'GameplayTags' in 0.0009 seconds. Added 13 classes and 0 folders.
[2017.01.12-14.44.05:259][  0]LogContentBrowser: Native class hierarchy updated for 'WidgetCarousel' in 0.0005 seconds. Added 0 classes and 0 folders.
[2017.01.12-14.44.05:987][  0]LogContentBrowser: Native class hierarchy updated for 'AddContentDialog' in 0.0006 seconds. Added 0 classes and 0 folders.
[2017.01.12-14.44.06:089][  0]LogContentBrowser: Native class hierarchy updated for 'SceneOutliner' in 0.0010 seconds. Added 1 classes and 2 folders.
[2017.01.12-14.44.06:484][  0]LogCrashTracker: Crashtracker disabled due to settings.
[2017.01.12-14.44.06:558][  0]LogUObjectGlobals:Warning: Error al encontrar el objeto 'Class Ninguno.'
[2017.01.12-14.44.06:625][  0]LogContentBrowser: Native class hierarchy updated for 'HierarchicalLODOutliner' in 0.0005 seconds. Added 1 classes and 2 folders.
[2017.01.12-14.44.06:626][  0]LogLoad: (Engine Initialization) Total time: 31.10 seconds
[2017.01.12-14.44.06:626][  0]LogLoad: (Engine Initialization) Total Blueprint compile time: 0.49 seconds
[2017.01.12-14.44.06:626][  0]LogExternalProfiler: Found external profiler: VSPerf
[2017.01.12-14.44.06:626][  0]LogExternalProfiler: Using external profiler: VSPerf
[2017.01.12-14.44.06:966][  0]LogOcInput: OculusInput pre-init called
[2017.01.12-14.44.06:981][  0]LogDirectoryWatcher: A directory notification failed for 'L:/1609_DPIN4_DANI_A/Alumnos/Arsenal 4.14/Content/' because it was empty or there was a buffer overflow. Attemping another request...
[2017.01.12-14.44.06:982][  0]LogDirectoryWatcher: A directory notification failed for 'L:/1609_DPIN4_DANI_A/Alumnos/Arsenal 4.14/Content/', and we were unable to create a new request.
[2017.01.12-14.44.06:982][  0]LogDirectoryWatcher: A directory notification failed for 'L:/1609_DPIN4_DANI_A/Alumnos/Arsenal 4.14/Saved/Collections/' because it was empty or there was a buffer overflow. Attemping another request...
[2017.01.12-14.44.06:982][  0]LogDirectoryWatcher: A directory notification failed for 'L:/1609_DPIN4_DANI_A/Alumnos/Arsenal 4.14/Content/Developers/sergiocobos/Collections/' because it was empty or there was a buffer overflow. Attemping another request...
[2017.01.12-14.44.06:982][  0]LogDirectoryWatcher: A directory notification failed for 'L:/1609_DPIN4_DANI_A/Alumnos/Arsenal 4.14/Content/Collections/' because it was empty or there was a buffer overflow. Attemping another request...
[2017.01.12-14.44.07:038][  0]LogContentStreaming: Texture pool size now 400 MB
[2017.01.12-14.44.07:663][  0]LogRenderer: Reallocating scene render targets to support 1208x652 NumSamples 1 (Frame:2).
[2017.01.12-14.44.08:100][  1]LogDirectoryWatcher: A directory notification failed for 'L:/1609_DPIN4_DANI_A/Alumnos/Arsenal 4.14/Content/Collections/' because it was empty or there was a buffer overflow. Attemping another request...
[2017.01.12-14.44.08:101][  1]LogDirectoryWatcher: A directory notification failed for 'L:/1609_DPIN4_DANI_A/Alumnos/Arsenal 4.14/Content/Collections/', and we were unable to create a new request.
[2017.01.12-14.44.08:101][  1]LogDirectoryWatcher: A directory notification failed for 'L:/1609_DPIN4_DANI_A/Alumnos/Arsenal 4.14/Saved/Collections/' because it was empty or there was a buffer overflow. Attemping another request...
[2017.01.12-14.44.08:102][  1]LogDirectoryWatcher: A directory notification failed for 'L:/1609_DPIN4_DANI_A/Alumnos/Arsenal 4.14/Saved/Collections/', and we were unable to create a new request.
[2017.01.12-14.44.08:102][  1]LogDirectoryWatcher: A directory notification failed for 'L:/1609_DPIN4_DANI_A/Alumnos/Arsenal 4.14/Content/Developers/sergiocobos/Collections/' because it was empty or there was a buffer overflow. Attemping another request...
[2017.01.12-14.44.08:102][  1]LogDirectoryWatcher: A directory notification failed for 'L:/1609_DPIN4_DANI_A/Alumnos/Arsenal 4.14/Content/Developers/sergiocobos/Collections/', and we were unable to create a new request.
[2017.01.12-14.44.08:404][  2]LogAssetRegistry: Asset discovery search completed in 23.5867 seconds
[2017.01.12-14.44.08:404][  2]LogCollectionManager: Rebuilt the object cache for 0 collections in 0.000001 seconds (found 0 objects)
[2017.01.12-14.44.08:404][  2]LogCollectionManager: Fixed up redirectors for 0 collections in 0.000013 seconds (updated 0 objects)
[2017.01.12-14.45.52:470][782]LogTemp: Repeting last play command: Selected Viewport
[2017.01.12-14.45.52:501][782]LogBlueprintUserMessages: Early PlayInEditor Detection: Level '/Game/FirstPersonBP/Maps/FirstPersonExampleMap.FirstPersonExampleMap:PersistentLevel' has LevelScriptBlueprint '/Game/FirstPersonBP/Maps/FirstPersonExampleMap.FirstPersonExampleMap:PersistentLevel.FirstPersonExampleMap' with GeneratedClass '/Game/FirstPersonBP/Maps/FirstPersonExampleMap.FirstPersonExampleMap_C' with ClassGeneratedBy '/Game/FirstPersonBP/Maps/FirstPersonExampleMap.FirstPersonExampleMap:PersistentLevel.FirstPersonExampleMap'
[2017.01.12-14.45.52:518][782]LogPlayLevel: PlayLevel: No blueprints needed recompiling
[2017.01.12-14.45.52:546][782]PIE: New page: Sesión PIE (reproducción en el editor): FirstPersonExampleMap (12/1/2017 16:45:52)
[2017.01.12-14.45.52:546][782]LogPlayLevel: Creating play world package: /Game/FirstPersonBP/Maps/UEDPIE_0_FirstPersonExampleMap
[2017.01.12-14.45.52:587][782]LogPlayLevel: PIE: StaticDuplicateObject took: (0.040040s)
[2017.01.12-14.45.52:587][782]LogAIModule: Creating AISystem for world FirstPersonExampleMap
[2017.01.12-14.45.52:611][782]LogPlayLevel: PIE: World Init took: (0.024370s)
[2017.01.12-14.45.52:611][782]LogPlayLevel: PIE: Created PIE world by copying editor world from /Game/FirstPersonBP/Maps/FirstPersonExampleMap.FirstPersonExampleMap to /Game/FirstPersonBP/Maps/UEDPIE_0_FirstPersonExampleMap.FirstPersonExampleMap (0.064749s)
[2017.01.12-14.45.52:633][782]LogInit: XAudio2 using 'Speakers (Realtek High Definition Audio)' : 2 channels at 48 kHz using 32 bits per sample (channel mask 0x3)
[2017.01.12-14.45.52:640][782]LogInit: FAudioDevice initialized.
[2017.01.12-14.45.52:843][782]LogLoad: Game class is 'FirstPersonGameMode_C'
[2017.01.12-14.45.52:996][782]LogWorld: Bringing World /Game/FirstPersonBP/Maps/UEDPIE_0_FirstPersonExampleMap.FirstPersonExampleMap up for play (max tick rate 0) at 2017.01.12-15.45.52
[2017.01.12-14.45.52:996][782]LogWorld: Bringing up level for play took: 0.099806
[2017.01.12-14.45.53:149][782]LogContentBrowser: Native class hierarchy updated for 'MovieSceneCapture' in 0.0013 seconds. Added 11 classes and 0 folders.
[2017.01.12-14.45.53:149][782]LogGameMode:Display: Match State Changed from EnteringMap to WaitingToStart
[2017.01.12-14.45.53:149][782]LogGameState: Match State Changed from EnteringMap to WaitingToStart
[2017.01.12-14.45.53:149][782]LogGameMode:Display: Match State Changed from WaitingToStart to InProgress
[2017.01.12-14.45.53:205][782]LogPawn:Error: EnableInput can only be specified on a Pawn for its Controller
[2017.01.12-14.45.53:205][782]LogPawn:Error: EnableInput can only be specified on a Pawn for its Controller
[2017.01.12-14.45.53:205][782]LogPawn:Error: EnableInput can only be specified on a Pawn for its Controller
[2017.01.12-14.45.53:205][782]LogGameState: Match State Changed from WaitingToStart to InProgress
[2017.01.12-14.45.53:220][782]PIE: Información Tiempo de inicio de la reproducción en el editor para  /Game/FirstPersonBP/Maps/UEDPIE_0_FirstPersonExampleMap -0,034
[2017.01.12-14.45.53:221][782]LogBlueprintUserMessages: Late PlayInEditor Detection: Level '/Game/FirstPersonBP/Maps/FirstPersonExampleMap.FirstPersonExampleMap:PersistentLevel' has LevelScriptBlueprint '/Game/FirstPersonBP/Maps/FirstPersonExampleMap.FirstPersonExampleMap:PersistentLevel.FirstPersonExampleMap' with GeneratedClass '/Game/FirstPersonBP/Maps/FirstPersonExampleMap.FirstPersonExampleMap_C' with ClassGeneratedBy '/Game/FirstPersonBP/Maps/FirstPersonExampleMap.FirstPersonExampleMap:PersistentLevel.FirstPersonExampleMap'
[2017.01.12-14.45.55:754][924]LogBlueprintUserMessages: [FirstPersonCharacter_C_1] Rifle
[2017.01.12-14.45.57:863][ 58]LogBlueprintUserMessages: [FirstPersonCharacter_C_1] MachineGun
[2017.01.12-14.46.01:054][261]LogBlueprintUserMessages: [FirstPersonCharacter_C_1] Burst
[2017.01.12-14.46.02:764][370]LogBlueprintUserMessages: [FirstPersonCharacter_C_1] MiniGun
[2017.01.12-14.46.07:710][684]LogBlueprintUserMessages: [FirstPersonCharacter_C_1] Rocket Launcher
[2017.01.12-14.46.15:362][168]LogBlueprintUserMessages: Early EndPlayMap Detection: Level '/Game/FirstPersonBP/Maps/FirstPersonExampleMap.FirstPersonExampleMap:PersistentLevel' has LevelScriptBlueprint '/Game/FirstPersonBP/Maps/FirstPersonExampleMap.FirstPersonExampleMap:PersistentLevel.FirstPersonExampleMap' with GeneratedClass '/Game/FirstPersonBP/Maps/FirstPersonExampleMap.FirstPersonExampleMap_C' with ClassGeneratedBy '/Game/FirstPersonBP/Maps/FirstPersonExampleMap.FirstPersonExampleMap:PersistentLevel.FirstPersonExampleMap'
[2017.01.12-14.46.15:484][168]LogBlueprintUserMessages: Late EndPlayMap Detection: Level '/Game/FirstPersonBP/Maps/FirstPersonExampleMap.FirstPersonExampleMap:PersistentLevel' has LevelScriptBlueprint '/Game/FirstPersonBP/Maps/FirstPersonExampleMap.FirstPersonExampleMap:PersistentLevel.FirstPersonExampleMap' with GeneratedClass '/Game/FirstPersonBP/Maps/FirstPersonExampleMap.FirstPersonExampleMap_C' with ClassGeneratedBy '/Game/FirstPersonBP/Maps/FirstPersonExampleMap.FirstPersonExampleMap:PersistentLevel.FirstPersonExampleMap'
[2017.01.12-14.46.46:329][381]Cmd: BRUSH ADD SELECTNEWBRUSH
[2017.01.12-14.48.14:559][725]Cmd: BRUSH ADD SELECTNEWBRUSH
[2017.01.12-14.49.09:682][809]Cmd: BRUSH ADD SELECTNEWBRUSH
[2017.01.12-14.50.08:415][ 13]Cmd: EDIT COPY
[2017.01.12-14.50.08:587][ 13]Cmd: EDIT PASTE
[2017.01.12-14.50.14:784][241]Cmd: EDIT COPY
[2017.01.12-14.50.14:960][248]Cmd: EDIT PASTE
[2017.01.12-14.50.32:738][938]Cmd: EDIT COPY
[2017.01.12-14.50.32:965][947]Cmd: EDIT PASTE
[2017.01.12-14.51.23:832][917]Cmd: BRUSH ADD SELECTNEWBRUSH
[2017.01.12-14.52.25:196][256]Cmd: EDIT COPY
[2017.01.12-14.52.25:378][263]Cmd: EDIT PASTE
[2017.01.12-14.52.43:276][938]Cmd: EDIT COPY
[2017.01.12-14.52.43:467][945]Cmd: EDIT PASTE
[2017.01.12-14.52.52:881][297]Cmd: EDIT COPY
[2017.01.12-14.52.53:046][303]Cmd: EDIT PASTE
[2017.01.12-14.53.03:616][697]Cmd: EDIT COPY
[2017.01.12-14.53.03:852][704]Cmd: EDIT PASTE
[2017.01.12-14.53.48:251][369]LogEditorViewport: Clicking on Actor (LMB): BP_Sky_Sphere_C (SkySphereBlueprint)
[2017.01.12-14.54.11:626][220]Cmd: BRUSH ADD SELECTNEWBRUSH
[2017.01.12-14.54.57:175][945]LogEditorViewport: Clicking on Actor (LMB): BP_Sky_Sphere_C (SkySphereBlueprint)
[2017.01.12-14.55.20:136][724]Cmd: BRUSH ADD SELECTNEWBRUSH
[2017.01.12-14.55.53:381][984]Cmd: EDIT COPY
[2017.01.12-14.55.53:624][993]Cmd: EDIT PASTE
[2017.01.12-14.56.06:433][457]LogEditorViewport: Clicking on Actor (LMB): BP_Sky_Sphere_C (SkySphereBlueprint)
[2017.01.12-14.56.15:473][757]LogEditorViewport: Clicking on Actor (LMB): BP_Sky_Sphere_C (SkySphereBlueprint)
[2017.01.12-14.56.34:306][387]Cmd: BRUSH ADD SELECTNEWBRUSH
[2017.01.12-14.57.15:423][938]LogEditorViewport: Clicking on Actor (LMB): BP_Sky_Sphere_C (SkySphereBlueprint)
[2017.01.12-14.57.43:854][  2]Cmd: BRUSH ADD SELECTNEWBRUSH
[2017.01.12-14.58.19:024][332]Cmd: EDIT COPY
[2017.01.12-14.58.19:201][339]Cmd: EDIT PASTE
[2017.01.12-14.58.34:435][905]LogEditorViewport: Clicking on Actor (LMB): BP_Sky_Sphere_C (SkySphereBlueprint)
[2017.01.12-14.59.01:182][870]Cmd: TRANSACTION UNDO
[2017.01.12-14.59.01:182][870]LogEditorTransaction: Undo Move Actors
[2017.01.12-14.59.01:750][887]Cmd: TRANSACTION UNDO
[2017.01.12-14.59.01:750][887]LogEditorTransaction: Undo Move Actors
[2017.01.12-14.59.02:399][909]Cmd: TRANSACTION UNDO
[2017.01.12-14.59.02:399][909]LogEditorTransaction: Undo Snap Selection to 2D Layer
[2017.01.12-14.59.04:216][975]Cmd: TRANSACTION UNDO
[2017.01.12-14.59.04:216][975]LogEditorTransaction: Undo Scale Actors
[2017.01.12-14.59.05:586][ 24]LogEditorViewport: Clicking on Actor (LMB): BP_Sky_Sphere_C (SkySphereBlueprint)
[2017.01.12-14.59.35:941][ 63]LogEditorViewport: Clicking on Actor (LMB): BP_Sky_Sphere_C (SkySphereBlueprint)
[2017.01.12-14.59.50:486][546]Cmd: BRUSH ADD SELECTNEWBRUSH
[2017.01.12-15.00.52:277][900]Cmd: BRUSH ADD SELECTNEWBRUSH
[2017.01.12-15.01.24:326][115]Cmd: EDIT COPY
[2017.01.12-15.01.24:528][123]Cmd: EDIT PASTE
[2017.01.12-15.02.00:826][501]Cmd: BRUSH ADD SELECTNEWBRUSH
[2017.01.12-15.02.43:805][134]Cmd: BRUSH ADD SELECTNEWBRUSH
[2017.01.12-15.02.58:271][681]Cmd: EDIT COPY
[2017.01.12-15.02.58:452][685]Cmd: EDIT PASTE
[2017.01.12-15.04.01:515][154]Cmd: BRUSH ADD SELECTNEWBRUSH
[2017.01.12-15.05.11:026][845]Cmd: EDIT COPY
[2017.01.12-15.05.11:251][854]Cmd: EDIT PASTE
[2017.01.12-15.05.31:325][599]Cmd: BRUSH ADD SELECTNEWBRUSH
[2017.01.12-15.06.03:278][832]Cmd: EDIT COPY
[2017.01.12-15.06.03:616][845]Cmd: EDIT PASTE
[2017.01.12-15.06.19:589][448]Cmd: EDIT COPY
[2017.01.12-15.06.19:768][455]Cmd: EDIT PASTE
[2017.01.12-15.06.25:485][673]Cmd: EDIT COPY
[2017.01.12-15.06.25:693][681]Cmd: EDIT PASTE
[2017.01.12-15.06.37:338][115]LogEditorViewport: Clicking on Actor (LMB): Brush (Caja Pincel22)
[2017.01.12-15.06.42:443][300]Cmd: BRUSH ADD SELECTNEWBRUSH
[2017.01.12-15.07.08:026][282]Cmd: BRUSH ADD SELECTNEWBRUSH
[2017.01.12-15.08.01:678][355]Cmd: BRUSH ADD SELECTNEWBRUSH
